[0.074s] Invoking command in '/home/ubuntu/robot_ws/build/serial': CMAKE_PREFIX_PATH=/opt/ros/foxy /bin/cmake --build /home/ubuntu/robot_ws/build/serial -- -j4 -l4
[0.336s] [ 14%] Built target gtest
[0.359s] [ 28%] Built target gtest_main
[0.363s] [ 57%] Built target serial
[0.468s] [ 71%] Built target serial_example
[0.488s] [ 85%] Built target serial-test-timer
[0.490s] [100%] Built target serial-test
[0.544s] Invoked command in '/home/ubuntu/robot_ws/build/serial' returned '0': CMAKE_PREFIX_PATH=/opt/ros/foxy /bin/cmake --build /home/ubuntu/robot_ws/build/serial -- -j4 -l4
[0.733s] Invoking command in '/home/ubuntu/robot_ws/build/serial': CMAKE_PREFIX_PATH=/opt/ros/foxy /bin/cmake --install /home/ubuntu/robot_ws/build/serial
[0.769s] -- Install configuration: ""
[0.770s] -- Execute custom install script
[0.772s] -- Up-to-date symlink: /home/ubuntu/robot_ws/install/serial/lib/libserial.a
[0.773s] -- Up-to-date symlink: /home/ubuntu/robot_ws/install/serial/include/serial/serial.h
[0.775s] -- Up-to-date symlink: /home/ubuntu/robot_ws/install/serial/include/serial/v8stdint.h
[0.776s] -- Up-to-date symlink: /home/ubuntu/robot_ws/install/serial/share/serial/environment/library_path.sh
[0.778s] -- Up-to-date symlink: /home/ubuntu/robot_ws/install/serial/share/serial/environment/library_path.dsv
[0.783s] -- Up-to-date symlink: /home/ubuntu/robot_ws/install/serial/share/ament_index/resource_index/package_run_dependencies/serial
[0.786s] -- Up-to-date symlink: /home/ubuntu/robot_ws/install/serial/share/ament_index/resource_index/parent_prefix_path/serial
[0.787s] -- Up-to-date symlink: /home/ubuntu/robot_ws/install/serial/share/serial/environment/ament_prefix_path.sh
[0.787s] -- Up-to-date symlink: /home/ubuntu/robot_ws/install/serial/share/serial/environment/ament_prefix_path.dsv
[0.788s] -- Up-to-date symlink: /home/ubuntu/robot_ws/install/serial/share/serial/environment/path.sh
[0.789s] -- Up-to-date symlink: /home/ubuntu/robot_ws/install/serial/share/serial/environment/path.dsv
[0.790s] -- Up-to-date symlink: /home/ubuntu/robot_ws/install/serial/share/serial/local_setup.bash
[0.790s] -- Up-to-date symlink: /home/ubuntu/robot_ws/install/serial/share/serial/local_setup.sh
[0.792s] -- Up-to-date symlink: /home/ubuntu/robot_ws/install/serial/share/serial/local_setup.zsh
[0.793s] -- Up-to-date symlink: /home/ubuntu/robot_ws/install/serial/share/serial/local_setup.dsv
[0.794s] -- Symlinking: /home/ubuntu/robot_ws/install/serial/share/serial/package.dsv
[0.832s] -- Up-to-date symlink: /home/ubuntu/robot_ws/install/serial/share/ament_index/resource_index/packages/serial
[0.834s] -- Up-to-date symlink: /home/ubuntu/robot_ws/install/serial/share/serial/cmake/ament_cmake_export_include_directories-extras.cmake
[0.835s] -- Up-to-date symlink: /home/ubuntu/robot_ws/install/serial/share/serial/cmake/ament_cmake_export_libraries-extras.cmake
[0.838s] -- Up-to-date symlink: /home/ubuntu/robot_ws/install/serial/share/serial/cmake/serialConfig.cmake
[0.838s] -- Up-to-date symlink: /home/ubuntu/robot_ws/install/serial/share/serial/cmake/serialConfig-version.cmake
[0.840s] -- Up-to-date symlink: /home/ubuntu/robot_ws/install/serial/share/serial/package.xml
[0.857s] Invoked command in '/home/ubuntu/robot_ws/build/serial' returned '0': CMAKE_PREFIX_PATH=/opt/ros/foxy /bin/cmake --install /home/ubuntu/robot_ws/build/serial
