[0.078s] Invoking command in '/home/ubuntu/robot_ws/build/diffdrive_arduino': CMAKE_PREFIX_PATH=/home/ubuntu/robot_ws/install/serial:/home/ubuntu/robot_ws/install/diffdrive_arduino:/home/ubuntu/robot_ws/install/my_bot:/opt/ros/foxy /bin/cmake --build /home/ubuntu/robot_ws/build/diffdrive_arduino -- -j4 -l4
[0.502s] [ 85%] Built target fake_robot
[0.503s] [100%] Built target diffdrive_arduino
[0.542s] Invoked command in '/home/ubuntu/robot_ws/build/diffdrive_arduino' returned '0': CMAKE_PREFIX_PATH=/home/ubuntu/robot_ws/install/serial:/home/ubuntu/robot_ws/install/diffdrive_arduino:/home/ubuntu/robot_ws/install/my_bot:/opt/ros/foxy /bin/cmake --build /home/ubuntu/robot_ws/build/diffdrive_arduino -- -j4 -l4
[0.729s] Invoking command in '/home/ubuntu/robot_ws/build/diffdrive_arduino': CMAKE_PREFIX_PATH=/home/ubuntu/robot_ws/install/serial:/home/ubuntu/robot_ws/install/diffdrive_arduino:/home/ubuntu/robot_ws/install/my_bot:/opt/ros/foxy /bin/cmake --install /home/ubuntu/robot_ws/build/diffdrive_arduino
[0.765s] -- Install configuration: ""
[0.768s] -- Execute custom install script
[0.769s] -- Up-to-date symlink: /home/ubuntu/robot_ws/install/diffdrive_arduino/share/diffdrive_arduino//robot_hardware.xml
[0.771s] -- Up-to-date symlink: /home/ubuntu/robot_ws/install/diffdrive_arduino/share/diffdrive_arduino//fake_robot_hardware.xml
[0.773s] -- Up-to-date symlink: /home/ubuntu/robot_ws/install/diffdrive_arduino/lib/libdiffdrive_arduino.so
[0.778s] -- Up-to-date symlink: /home/ubuntu/robot_ws/install/diffdrive_arduino/lib/libfake_robot.so
[0.779s] -- Up-to-date symlink: /home/ubuntu/robot_ws/install/diffdrive_arduino/share/diffdrive_arduino/controllers/robot_controller_example.yaml
[0.781s] -- Up-to-date symlink: /home/ubuntu/robot_ws/install/diffdrive_arduino/share/diffdrive_arduino/fake_robot.launch.py
[0.782s] -- Up-to-date symlink: /home/ubuntu/robot_ws/install/diffdrive_arduino/share/diffdrive_arduino/test_robot.launch.py
[0.783s] -- Up-to-date symlink: /home/ubuntu/robot_ws/install/diffdrive_arduino/share/diffdrive_arduino/environment/library_path.sh
[0.785s] -- Up-to-date symlink: /home/ubuntu/robot_ws/install/diffdrive_arduino/share/diffdrive_arduino/environment/library_path.dsv
[0.786s] -- Up-to-date symlink: /home/ubuntu/robot_ws/install/diffdrive_arduino/share/ament_index/resource_index/package_run_dependencies/diffdrive_arduino
[0.788s] -- Up-to-date symlink: /home/ubuntu/robot_ws/install/diffdrive_arduino/share/ament_index/resource_index/parent_prefix_path/diffdrive_arduino
[0.789s] -- Up-to-date symlink: /home/ubuntu/robot_ws/install/diffdrive_arduino/share/diffdrive_arduino/environment/ament_prefix_path.sh
[0.791s] -- Up-to-date symlink: /home/ubuntu/robot_ws/install/diffdrive_arduino/share/diffdrive_arduino/environment/ament_prefix_path.dsv
[0.792s] -- Up-to-date symlink: /home/ubuntu/robot_ws/install/diffdrive_arduino/share/diffdrive_arduino/environment/path.sh
[0.793s] -- Up-to-date symlink: /home/ubuntu/robot_ws/install/diffdrive_arduino/share/diffdrive_arduino/environment/path.dsv
[0.796s] -- Up-to-date symlink: /home/ubuntu/robot_ws/install/diffdrive_arduino/share/diffdrive_arduino/local_setup.bash
[0.798s] -- Up-to-date symlink: /home/ubuntu/robot_ws/install/diffdrive_arduino/share/diffdrive_arduino/local_setup.sh
[0.799s] -- Up-to-date symlink: /home/ubuntu/robot_ws/install/diffdrive_arduino/share/diffdrive_arduino/local_setup.zsh
[0.801s] -- Up-to-date symlink: /home/ubuntu/robot_ws/install/diffdrive_arduino/share/diffdrive_arduino/local_setup.dsv
[0.802s] -- Symlinking: /home/ubuntu/robot_ws/install/diffdrive_arduino/share/diffdrive_arduino/package.dsv
[0.837s] -- Up-to-date symlink: /home/ubuntu/robot_ws/install/diffdrive_arduino/share/ament_index/resource_index/packages/diffdrive_arduino
[0.838s] -- Up-to-date symlink: /home/ubuntu/robot_ws/install/diffdrive_arduino/share/ament_index/resource_index/hardware_interface__pluginlib__plugin/diffdrive_arduino
[0.840s] -- Up-to-date symlink: /home/ubuntu/robot_ws/install/diffdrive_arduino/share/diffdrive_arduino/cmake/ament_cmake_export_libraries-extras.cmake
[0.841s] -- Up-to-date symlink: /home/ubuntu/robot_ws/install/diffdrive_arduino/share/diffdrive_arduino/cmake/ament_cmake_export_dependencies-extras.cmake
[0.843s] -- Up-to-date symlink: /home/ubuntu/robot_ws/install/diffdrive_arduino/share/diffdrive_arduino/cmake/diffdrive_arduinoConfig.cmake
[0.844s] -- Up-to-date symlink: /home/ubuntu/robot_ws/install/diffdrive_arduino/share/diffdrive_arduino/cmake/diffdrive_arduinoConfig-version.cmake
[0.845s] -- Up-to-date symlink: /home/ubuntu/robot_ws/install/diffdrive_arduino/share/diffdrive_arduino/package.xml
[0.852s] Invoked command in '/home/ubuntu/robot_ws/build/diffdrive_arduino' returned '0': CMAKE_PREFIX_PATH=/home/ubuntu/robot_ws/install/serial:/home/ubuntu/robot_ws/install/diffdrive_arduino:/home/ubuntu/robot_ws/install/my_bot:/opt/ros/foxy /bin/cmake --install /home/ubuntu/robot_ws/build/diffdrive_arduino
