[0.056s] Invoking command in '/home/ubuntu/robot_ws/build/my_bot': CMAKE_PREFIX_PATH=${CMAKE_PREFIX_PATH}:/opt/ros/foxy /bin/cmake --build /home/ubuntu/robot_ws/build/my_bot -- -j4 -l4
[0.239s] Invoked command in '/home/ubuntu/robot_ws/build/my_bot' returned '0': CMAKE_PREFIX_PATH=${CMAKE_PREFIX_PATH}:/opt/ros/foxy /bin/cmake --build /home/ubuntu/robot_ws/build/my_bot -- -j4 -l4
[0.390s] Invoking command in '/home/ubuntu/robot_ws/build/my_bot': CMAKE_PREFIX_PATH=${CMAKE_PREFIX_PATH}:/opt/ros/foxy /bin/cmake --install /home/ubuntu/robot_ws/build/my_bot
[0.422s] -- Install configuration: ""
[0.424s] -- Execute custom install script
[0.426s] -- Up-to-date symlink: /home/ubuntu/robot_ws/install/my_bot/share/my_bot/config/empty.yaml
[0.428s] -- Up-to-date symlink: /home/ubuntu/robot_ws/install/my_bot/share/my_bot/description/inertial_macros.xacro
[0.429s] -- Up-to-date symlink: /home/ubuntu/robot_ws/install/my_bot/share/my_bot/description/lidar.xacro
[0.430s] -- Up-to-date symlink: /home/ubuntu/robot_ws/install/my_bot/share/my_bot/description/robot.urdf.xacro
[0.430s] -- Up-to-date symlink: /home/ubuntu/robot_ws/install/my_bot/share/my_bot/description/robot_core.xacro
[0.432s] -- Up-to-date symlink: /home/ubuntu/robot_ws/install/my_bot/share/my_bot/launch/rsp.launch.py
[0.434s] -- Up-to-date symlink: /home/ubuntu/robot_ws/install/my_bot/share/my_bot/worlds/empty.world
[0.435s] -- Up-to-date symlink: /home/ubuntu/robot_ws/install/my_bot/share/ament_index/resource_index/package_run_dependencies/my_bot
[0.437s] -- Up-to-date symlink: /home/ubuntu/robot_ws/install/my_bot/share/ament_index/resource_index/parent_prefix_path/my_bot
[0.442s] -- Up-to-date symlink: /home/ubuntu/robot_ws/install/my_bot/share/my_bot/environment/ament_prefix_path.sh
[0.443s] -- Up-to-date symlink: /home/ubuntu/robot_ws/install/my_bot/share/my_bot/environment/ament_prefix_path.dsv
[0.444s] -- Up-to-date symlink: /home/ubuntu/robot_ws/install/my_bot/share/my_bot/environment/path.sh
[0.445s] -- Up-to-date symlink: /home/ubuntu/robot_ws/install/my_bot/share/my_bot/environment/path.dsv
[0.446s] -- Up-to-date symlink: /home/ubuntu/robot_ws/install/my_bot/share/my_bot/local_setup.bash
[0.447s] -- Up-to-date symlink: /home/ubuntu/robot_ws/install/my_bot/share/my_bot/local_setup.sh
[0.449s] -- Up-to-date symlink: /home/ubuntu/robot_ws/install/my_bot/share/my_bot/local_setup.zsh
[0.450s] -- Up-to-date symlink: /home/ubuntu/robot_ws/install/my_bot/share/my_bot/local_setup.dsv
[0.451s] -- Symlinking: /home/ubuntu/robot_ws/install/my_bot/share/my_bot/package.dsv
[0.483s] -- Up-to-date symlink: /home/ubuntu/robot_ws/install/my_bot/share/ament_index/resource_index/packages/my_bot
[0.485s] -- Up-to-date symlink: /home/ubuntu/robot_ws/install/my_bot/share/my_bot/cmake/my_botConfig.cmake
[0.486s] -- Up-to-date symlink: /home/ubuntu/robot_ws/install/my_bot/share/my_bot/cmake/my_botConfig-version.cmake
[0.487s] -- Up-to-date symlink: /home/ubuntu/robot_ws/install/my_bot/share/my_bot/package.xml
[0.494s] Invoked command in '/home/ubuntu/robot_ws/build/my_bot' returned '0': CMAKE_PREFIX_PATH=${CMAKE_PREFIX_PATH}:/opt/ros/foxy /bin/cmake --install /home/ubuntu/robot_ws/build/my_bot
