[0.936s] DEBUG:colcon:Command line arguments: ['/bin/colcon', 'build', '--symlink-install']
[0.936s] DEBUG:colcon:Parsed command line arguments: Namespace(allow_overriding=[], ament_cmake_args=None, base_paths=['.'], build_base='build', catkin_cmake_args=None, catkin_skip_building_tests=False, cmake_args=None, cmake_clean_cache=False, cmake_clean_first=False, cmake_force_configure=False, cmake_target=None, cmake_target_skip_unavailable=False, continue_on_error=False, event_handlers=None, executor='parallel', ignore_user_meta=False, install_base='install', log_base=None, log_level=None, main=<bound method BuildVerb.main of <colcon_core.verb.build.BuildVerb object at 0xffffb09fc790>>, merge_install=False, metas=['./colcon.meta'], packages_above=None, packages_above_and_dependencies=None, packages_above_depth=None, packages_end=None, packages_ignore=None, packages_ignore_regex=None, packages_select=None, packages_select_build_failed=False, packages_select_by_dep=None, packages_select_regex=None, packages_select_test_failures=False, packages_skip=None, packages_skip_build_finished=False, packages_skip_by_dep=None, packages_skip_regex=None, packages_skip_test_passed=False, packages_skip_up_to=None, packages_start=None, packages_up_to=None, packages_up_to_regex=None, parallel_workers=4, paths=None, symlink_install=True, test_result_base=None, verb_extension=<colcon_core.verb.build.BuildVerb object at 0xffffb09fc790>, verb_name='build', verb_parser=<colcon_defaults.argument_parser.defaults.DefaultArgumentsDecorator object at 0xffffb0791df0>)
[1.680s] Level 1:colcon.colcon_core.package_discovery:discover_packages(colcon_meta) check parameters
[1.681s] Level 1:colcon.colcon_core.package_discovery:discover_packages(recursive) check parameters
[1.681s] Level 1:colcon.colcon_core.package_discovery:discover_packages(ignore) check parameters
[1.681s] Level 1:colcon.colcon_core.package_discovery:discover_packages(path) check parameters
[1.682s] Level 1:colcon.colcon_core.package_discovery:discover_packages(colcon_meta) discover
[1.682s] Level 1:colcon.colcon_core.package_discovery:discover_packages(recursive) discover
[1.682s] INFO:colcon.colcon_core.package_discovery:Crawling recursively for packages in '/home/ubuntu/robot_ws'
[1.683s] Level 1:colcon.colcon_core.package_identification:_identify(.) by extensions ['ignore', 'ignore_ament_install']
[1.684s] Level 1:colcon.colcon_core.package_identification:_identify(.) by extension 'ignore'
[1.685s] Level 1:colcon.colcon_core.package_identification:_identify(.) by extension 'ignore_ament_install'
[1.685s] Level 1:colcon.colcon_core.package_identification:_identify(.) by extensions ['colcon_pkg']
[1.686s] Level 1:colcon.colcon_core.package_identification:_identify(.) by extension 'colcon_pkg'
[1.686s] Level 1:colcon.colcon_core.package_identification:_identify(.) by extensions ['colcon_meta']
[1.686s] Level 1:colcon.colcon_core.package_identification:_identify(.) by extension 'colcon_meta'
[1.687s] Level 1:colcon.colcon_core.package_identification:_identify(.) by extensions ['ros']
[1.687s] Level 1:colcon.colcon_core.package_identification:_identify(.) by extension 'ros'
[1.770s] Level 1:colcon.colcon_core.package_identification:_identify(.) by extensions ['cmake', 'python']
[1.770s] Level 1:colcon.colcon_core.package_identification:_identify(.) by extension 'cmake'
[1.771s] Level 1:colcon.colcon_core.package_identification:_identify(.) by extension 'python'
[1.771s] Level 1:colcon.colcon_core.package_identification:_identify(.) by extensions ['python_setup_py']
[1.772s] Level 1:colcon.colcon_core.package_identification:_identify(.) by extension 'python_setup_py'
[1.773s] Level 1:colcon.colcon_core.package_identification:_identify(build) by extensions ['ignore', 'ignore_ament_install']
[1.775s] Level 1:colcon.colcon_core.package_identification:_identify(build) by extension 'ignore'
[1.776s] Level 1:colcon.colcon_core.package_identification:_identify(build) ignored
[1.778s] Level 1:colcon.colcon_core.package_identification:_identify(install) by extensions ['ignore', 'ignore_ament_install']
[1.780s] Level 1:colcon.colcon_core.package_identification:_identify(install) by extension 'ignore'
[1.781s] Level 1:colcon.colcon_core.package_identification:_identify(install) ignored
[1.783s] Level 1:colcon.colcon_core.package_identification:_identify(log) by extensions ['ignore', 'ignore_ament_install']
[1.784s] Level 1:colcon.colcon_core.package_identification:_identify(log) by extension 'ignore'
[1.785s] Level 1:colcon.colcon_core.package_identification:_identify(log) ignored
[1.785s] Level 1:colcon.colcon_core.package_identification:_identify(src) by extensions ['ignore', 'ignore_ament_install']
[1.786s] Level 1:colcon.colcon_core.package_identification:_identify(src) by extension 'ignore'
[1.786s] Level 1:colcon.colcon_core.package_identification:_identify(src) by extension 'ignore_ament_install'
[1.786s] Level 1:colcon.colcon_core.package_identification:_identify(src) by extensions ['colcon_pkg']
[1.786s] Level 1:colcon.colcon_core.package_identification:_identify(src) by extension 'colcon_pkg'
[1.787s] Level 1:colcon.colcon_core.package_identification:_identify(src) by extensions ['colcon_meta']
[1.787s] Level 1:colcon.colcon_core.package_identification:_identify(src) by extension 'colcon_meta'
[1.787s] Level 1:colcon.colcon_core.package_identification:_identify(src) by extensions ['ros']
[1.787s] Level 1:colcon.colcon_core.package_identification:_identify(src) by extension 'ros'
[1.787s] Level 1:colcon.colcon_core.package_identification:_identify(src) by extensions ['cmake', 'python']
[1.788s] Level 1:colcon.colcon_core.package_identification:_identify(src) by extension 'cmake'
[1.788s] Level 1:colcon.colcon_core.package_identification:_identify(src) by extension 'python'
[1.788s] Level 1:colcon.colcon_core.package_identification:_identify(src) by extensions ['python_setup_py']
[1.788s] Level 1:colcon.colcon_core.package_identification:_identify(src) by extension 'python_setup_py'
[1.789s] Level 1:colcon.colcon_core.package_identification:_identify(src/diffdrive_arduino) by extensions ['ignore', 'ignore_ament_install']
[1.789s] Level 1:colcon.colcon_core.package_identification:_identify(src/diffdrive_arduino) by extension 'ignore'
[1.790s] Level 1:colcon.colcon_core.package_identification:_identify(src/diffdrive_arduino) by extension 'ignore_ament_install'
[1.790s] Level 1:colcon.colcon_core.package_identification:_identify(src/diffdrive_arduino) by extensions ['colcon_pkg']
[1.790s] Level 1:colcon.colcon_core.package_identification:_identify(src/diffdrive_arduino) by extension 'colcon_pkg'
[1.791s] Level 1:colcon.colcon_core.package_identification:_identify(src/diffdrive_arduino) by extensions ['colcon_meta']
[1.791s] Level 1:colcon.colcon_core.package_identification:_identify(src/diffdrive_arduino) by extension 'colcon_meta'
[1.792s] Level 1:colcon.colcon_core.package_identification:_identify(src/diffdrive_arduino) by extensions ['ros']
[1.793s] Level 1:colcon.colcon_core.package_identification:_identify(src/diffdrive_arduino) by extension 'ros'
[1.812s] DEBUG:colcon.colcon_core.package_identification:Package 'src/diffdrive_arduino' with type 'ros.ament_cmake' and name 'diffdrive_arduino'
[1.813s] Level 1:colcon.colcon_core.package_identification:_identify(src/my_bot) by extensions ['ignore', 'ignore_ament_install']
[1.815s] Level 1:colcon.colcon_core.package_identification:_identify(src/my_bot) by extension 'ignore'
[1.817s] Level 1:colcon.colcon_core.package_identification:_identify(src/my_bot) by extension 'ignore_ament_install'
[1.818s] Level 1:colcon.colcon_core.package_identification:_identify(src/my_bot) by extensions ['colcon_pkg']
[1.819s] Level 1:colcon.colcon_core.package_identification:_identify(src/my_bot) by extension 'colcon_pkg'
[1.821s] Level 1:colcon.colcon_core.package_identification:_identify(src/my_bot) by extensions ['colcon_meta']
[1.822s] Level 1:colcon.colcon_core.package_identification:_identify(src/my_bot) by extension 'colcon_meta'
[1.823s] Level 1:colcon.colcon_core.package_identification:_identify(src/my_bot) by extensions ['ros']
[1.823s] Level 1:colcon.colcon_core.package_identification:_identify(src/my_bot) by extension 'ros'
[1.825s] DEBUG:colcon.colcon_core.package_identification:Package 'src/my_bot' with type 'ros.ament_cmake' and name 'my_bot'
[1.826s] Level 1:colcon.colcon_core.package_identification:_identify(src/serial) by extensions ['ignore', 'ignore_ament_install']
[1.827s] Level 1:colcon.colcon_core.package_identification:_identify(src/serial) by extension 'ignore'
[1.827s] Level 1:colcon.colcon_core.package_identification:_identify(src/serial) by extension 'ignore_ament_install'
[1.827s] Level 1:colcon.colcon_core.package_identification:_identify(src/serial) by extensions ['colcon_pkg']
[1.827s] Level 1:colcon.colcon_core.package_identification:_identify(src/serial) by extension 'colcon_pkg'
[1.828s] Level 1:colcon.colcon_core.package_identification:_identify(src/serial) by extensions ['colcon_meta']
[1.828s] Level 1:colcon.colcon_core.package_identification:_identify(src/serial) by extension 'colcon_meta'
[1.828s] Level 1:colcon.colcon_core.package_identification:_identify(src/serial) by extensions ['ros']
[1.828s] Level 1:colcon.colcon_core.package_identification:_identify(src/serial) by extension 'ros'
[1.832s] DEBUG:colcon.colcon_core.package_identification:Package 'src/serial' with type 'ros.ament_cmake' and name 'serial'
[1.834s] Level 1:colcon.colcon_core.package_discovery:discover_packages(recursive) using defaults
[1.835s] Level 1:colcon.colcon_core.package_discovery:discover_packages(ignore) discover
[1.836s] Level 1:colcon.colcon_core.package_discovery:discover_packages(ignore) using defaults
[1.837s] Level 1:colcon.colcon_core.package_discovery:discover_packages(path) discover
[1.839s] Level 1:colcon.colcon_core.package_discovery:discover_packages(path) using defaults
[1.923s] Level 1:colcon.colcon_core.package_discovery:discover_packages(prefix_path) check parameters
[1.924s] Level 1:colcon.colcon_core.package_discovery:discover_packages(prefix_path) discover
[1.937s] DEBUG:colcon.colcon_installed_package_information.package_discovery:Found 3 installed packages in /home/ubuntu/robot_ws/install
[1.948s] DEBUG:colcon.colcon_installed_package_information.package_discovery:Found 325 installed packages in /opt/ros/foxy
[1.957s] Level 1:colcon.colcon_core.package_discovery:discover_packages(prefix_path) using defaults
[2.428s] Level 5:colcon.colcon_core.verb:set package 'my_bot' build argument 'cmake_args' from command line to 'None'
[2.428s] Level 5:colcon.colcon_core.verb:set package 'my_bot' build argument 'cmake_target' from command line to 'None'
[2.428s] Level 5:colcon.colcon_core.verb:set package 'my_bot' build argument 'cmake_target_skip_unavailable' from command line to 'False'
[2.428s] Level 5:colcon.colcon_core.verb:set package 'my_bot' build argument 'cmake_clean_cache' from command line to 'False'
[2.428s] Level 5:colcon.colcon_core.verb:set package 'my_bot' build argument 'cmake_clean_first' from command line to 'False'
[2.428s] Level 5:colcon.colcon_core.verb:set package 'my_bot' build argument 'cmake_force_configure' from command line to 'False'
[2.429s] Level 5:colcon.colcon_core.verb:set package 'my_bot' build argument 'ament_cmake_args' from command line to 'None'
[2.429s] Level 5:colcon.colcon_core.verb:set package 'my_bot' build argument 'catkin_cmake_args' from command line to 'None'
[2.429s] Level 5:colcon.colcon_core.verb:set package 'my_bot' build argument 'catkin_skip_building_tests' from command line to 'False'
[2.429s] DEBUG:colcon.colcon_core.verb:Building package 'my_bot' with the following arguments: {'ament_cmake_args': None, 'build_base': '/home/ubuntu/robot_ws/build/my_bot', 'catkin_cmake_args': None, 'catkin_skip_building_tests': False, 'cmake_args': None, 'cmake_clean_cache': False, 'cmake_clean_first': False, 'cmake_force_configure': False, 'cmake_target': None, 'cmake_target_skip_unavailable': False, 'install_base': '/home/ubuntu/robot_ws/install/my_bot', 'merge_install': False, 'path': '/home/ubuntu/robot_ws/src/my_bot', 'symlink_install': True, 'test_result_base': None}
[2.430s] Level 5:colcon.colcon_core.verb:set package 'serial' build argument 'cmake_args' from command line to 'None'
[2.431s] Level 5:colcon.colcon_core.verb:set package 'serial' build argument 'cmake_target' from command line to 'None'
[2.431s] Level 5:colcon.colcon_core.verb:set package 'serial' build argument 'cmake_target_skip_unavailable' from command line to 'False'
[2.431s] Level 5:colcon.colcon_core.verb:set package 'serial' build argument 'cmake_clean_cache' from command line to 'False'
[2.431s] Level 5:colcon.colcon_core.verb:set package 'serial' build argument 'cmake_clean_first' from command line to 'False'
[2.431s] Level 5:colcon.colcon_core.verb:set package 'serial' build argument 'cmake_force_configure' from command line to 'False'
[2.431s] Level 5:colcon.colcon_core.verb:set package 'serial' build argument 'ament_cmake_args' from command line to 'None'
[2.431s] Level 5:colcon.colcon_core.verb:set package 'serial' build argument 'catkin_cmake_args' from command line to 'None'
[2.431s] Level 5:colcon.colcon_core.verb:set package 'serial' build argument 'catkin_skip_building_tests' from command line to 'False'
[2.432s] DEBUG:colcon.colcon_core.verb:Building package 'serial' with the following arguments: {'ament_cmake_args': None, 'build_base': '/home/ubuntu/robot_ws/build/serial', 'catkin_cmake_args': None, 'catkin_skip_building_tests': False, 'cmake_args': None, 'cmake_clean_cache': False, 'cmake_clean_first': False, 'cmake_force_configure': False, 'cmake_target': None, 'cmake_target_skip_unavailable': False, 'install_base': '/home/ubuntu/robot_ws/install/serial', 'merge_install': False, 'path': '/home/ubuntu/robot_ws/src/serial', 'symlink_install': True, 'test_result_base': None}
[2.433s] Level 5:colcon.colcon_core.verb:set package 'diffdrive_arduino' build argument 'cmake_args' from command line to 'None'
[2.433s] Level 5:colcon.colcon_core.verb:set package 'diffdrive_arduino' build argument 'cmake_target' from command line to 'None'
[2.433s] Level 5:colcon.colcon_core.verb:set package 'diffdrive_arduino' build argument 'cmake_target_skip_unavailable' from command line to 'False'
[2.433s] Level 5:colcon.colcon_core.verb:set package 'diffdrive_arduino' build argument 'cmake_clean_cache' from command line to 'False'
[2.434s] Level 5:colcon.colcon_core.verb:set package 'diffdrive_arduino' build argument 'cmake_clean_first' from command line to 'False'
[2.434s] Level 5:colcon.colcon_core.verb:set package 'diffdrive_arduino' build argument 'cmake_force_configure' from command line to 'False'
[2.434s] Level 5:colcon.colcon_core.verb:set package 'diffdrive_arduino' build argument 'ament_cmake_args' from command line to 'None'
[2.434s] Level 5:colcon.colcon_core.verb:set package 'diffdrive_arduino' build argument 'catkin_cmake_args' from command line to 'None'
[2.434s] Level 5:colcon.colcon_core.verb:set package 'diffdrive_arduino' build argument 'catkin_skip_building_tests' from command line to 'False'
[2.434s] DEBUG:colcon.colcon_core.verb:Building package 'diffdrive_arduino' with the following arguments: {'ament_cmake_args': None, 'build_base': '/home/ubuntu/robot_ws/build/diffdrive_arduino', 'catkin_cmake_args': None, 'catkin_skip_building_tests': False, 'cmake_args': None, 'cmake_clean_cache': False, 'cmake_clean_first': False, 'cmake_force_configure': False, 'cmake_target': None, 'cmake_target_skip_unavailable': False, 'install_base': '/home/ubuntu/robot_ws/install/diffdrive_arduino', 'merge_install': False, 'path': '/home/ubuntu/robot_ws/src/diffdrive_arduino', 'symlink_install': True, 'test_result_base': None}
[2.435s] INFO:colcon.colcon_core.executor:Executing jobs using 'parallel' executor
[2.438s] DEBUG:colcon.colcon_parallel_executor.executor.parallel:run_until_complete
[2.439s] INFO:colcon.colcon_ros.task.ament_cmake.build:Building ROS package in '/home/ubuntu/robot_ws/src/serial' with build type 'ament_cmake'
[2.440s] INFO:colcon.colcon_cmake.task.cmake.build:Building CMake package in '/home/ubuntu/robot_ws/src/serial'
[2.458s] INFO:colcon.colcon_core.plugin_system:Skipping extension 'colcon_core.shell.bat': Not used on non-Windows systems
[2.459s] INFO:colcon.colcon_core.shell:Skip shell extension 'powershell' for command environment: Not usable outside of PowerShell
[2.460s] DEBUG:colcon.colcon_core.shell:Skip shell extension 'dsv' for command environment
[2.488s] INFO:colcon.colcon_ros.task.ament_cmake.build:Building ROS package in '/home/ubuntu/robot_ws/src/my_bot' with build type 'ament_cmake'
[2.489s] INFO:colcon.colcon_cmake.task.cmake.build:Building CMake package in '/home/ubuntu/robot_ws/src/my_bot'
[2.491s] INFO:colcon.colcon_core.shell:Skip shell extension 'powershell' for command environment: Not usable outside of PowerShell
[2.491s] DEBUG:colcon.colcon_core.shell:Skip shell extension 'dsv' for command environment
[2.548s] DEBUG:colcon.colcon_core.event_handler.log_command:Invoking command in '/home/ubuntu/robot_ws/build/serial': CMAKE_PREFIX_PATH=${CMAKE_PREFIX_PATH}:/opt/ros/foxy /bin/cmake --build /home/ubuntu/robot_ws/build/serial -- -j4 -l4
[2.617s] DEBUG:colcon.colcon_core.event_handler.log_command:Invoking command in '/home/ubuntu/robot_ws/build/my_bot': CMAKE_PREFIX_PATH=${CMAKE_PREFIX_PATH}:/opt/ros/foxy /bin/cmake --build /home/ubuntu/robot_ws/build/my_bot -- -j4 -l4
[2.959s] DEBUG:colcon.colcon_core.event_handler.log_command:Invoked command in '/home/ubuntu/robot_ws/build/my_bot' returned '0': CMAKE_PREFIX_PATH=${CMAKE_PREFIX_PATH}:/opt/ros/foxy /bin/cmake --build /home/ubuntu/robot_ws/build/my_bot -- -j4 -l4
[3.143s] DEBUG:colcon.colcon_core.event_handler.log_command:Invoking command in '/home/ubuntu/robot_ws/build/my_bot': CMAKE_PREFIX_PATH=${CMAKE_PREFIX_PATH}:/opt/ros/foxy /bin/cmake --install /home/ubuntu/robot_ws/build/my_bot
[3.254s] DEBUG:colcon.colcon_core.event_handler.log_command:Invoked command in '/home/ubuntu/robot_ws/build/serial' returned '0': CMAKE_PREFIX_PATH=${CMAKE_PREFIX_PATH}:/opt/ros/foxy /bin/cmake --build /home/ubuntu/robot_ws/build/serial -- -j4 -l4
[3.300s] Level 1:colcon.colcon_core.environment:create_environment_scripts_only(my_bot)
[3.303s] DEBUG:colcon.colcon_core.event_handler.log_command:Invoked command in '/home/ubuntu/robot_ws/build/my_bot' returned '0': CMAKE_PREFIX_PATH=${CMAKE_PREFIX_PATH}:/opt/ros/foxy /bin/cmake --install /home/ubuntu/robot_ws/build/my_bot
[3.329s] Level 1:colcon.colcon_core.environment:checking '/home/ubuntu/robot_ws/install/my_bot' for CMake module files
[3.332s] Level 1:colcon.colcon_core.environment:checking '/home/ubuntu/robot_ws/install/my_bot' for CMake config files
[3.336s] Level 1:colcon.colcon_core.shell:create_environment_hook('my_bot', 'cmake_prefix_path')
[3.337s] INFO:colcon.colcon_core.shell:Creating environment hook '/home/ubuntu/robot_ws/install/my_bot/share/my_bot/hook/cmake_prefix_path.ps1'
[3.342s] INFO:colcon.colcon_core.shell:Creating environment descriptor '/home/ubuntu/robot_ws/install/my_bot/share/my_bot/hook/cmake_prefix_path.dsv'
[3.346s] INFO:colcon.colcon_core.shell:Creating environment hook '/home/ubuntu/robot_ws/install/my_bot/share/my_bot/hook/cmake_prefix_path.sh'
[3.351s] Level 1:colcon.colcon_core.environment:checking '/home/ubuntu/robot_ws/install/my_bot/bin'
[3.351s] Level 1:colcon.colcon_core.environment:checking '/home/ubuntu/robot_ws/install/my_bot/lib/pkgconfig/my_bot.pc'
[3.352s] Level 1:colcon.colcon_core.environment:checking '/home/ubuntu/robot_ws/install/my_bot/lib/python3.8/site-packages'
[3.353s] Level 1:colcon.colcon_core.environment:checking '/home/ubuntu/robot_ws/install/my_bot/bin'
[3.355s] INFO:colcon.colcon_core.shell:Creating package script '/home/ubuntu/robot_ws/install/my_bot/share/my_bot/package.ps1'
[3.359s] INFO:colcon.colcon_core.shell:Creating package descriptor '/home/ubuntu/robot_ws/install/my_bot/share/my_bot/package.dsv'
[3.362s] INFO:colcon.colcon_core.shell:Creating package script '/home/ubuntu/robot_ws/install/my_bot/share/my_bot/package.sh'
[3.367s] INFO:colcon.colcon_core.shell:Creating package script '/home/ubuntu/robot_ws/install/my_bot/share/my_bot/package.bash'
[3.372s] INFO:colcon.colcon_core.shell:Creating package script '/home/ubuntu/robot_ws/install/my_bot/share/my_bot/package.zsh'
[3.379s] Level 1:colcon.colcon_core.environment:create_file_with_runtime_dependencies(/home/ubuntu/robot_ws/install/my_bot/share/colcon-core/packages/my_bot)
[3.433s] DEBUG:colcon.colcon_core.event_handler.log_command:Invoking command in '/home/ubuntu/robot_ws/build/serial': CMAKE_PREFIX_PATH=${CMAKE_PREFIX_PATH}:/opt/ros/foxy /bin/cmake --install /home/ubuntu/robot_ws/build/serial
[3.488s] Level 1:colcon.colcon_core.environment:create_environment_scripts_only(my_bot)
[3.490s] Level 1:colcon.colcon_core.environment:checking '/home/ubuntu/robot_ws/install/my_bot' for CMake module files
[3.497s] Level 1:colcon.colcon_core.environment:checking '/home/ubuntu/robot_ws/install/my_bot' for CMake config files
[3.502s] Level 1:colcon.colcon_core.shell:create_environment_hook('my_bot', 'cmake_prefix_path')
[3.503s] INFO:colcon.colcon_core.shell:Creating environment hook '/home/ubuntu/robot_ws/install/my_bot/share/my_bot/hook/cmake_prefix_path.ps1'
[3.506s] INFO:colcon.colcon_core.shell:Creating environment descriptor '/home/ubuntu/robot_ws/install/my_bot/share/my_bot/hook/cmake_prefix_path.dsv'
[3.508s] INFO:colcon.colcon_core.shell:Creating environment hook '/home/ubuntu/robot_ws/install/my_bot/share/my_bot/hook/cmake_prefix_path.sh'
[3.511s] Level 1:colcon.colcon_core.environment:checking '/home/ubuntu/robot_ws/install/my_bot/bin'
[3.511s] Level 1:colcon.colcon_core.environment:checking '/home/ubuntu/robot_ws/install/my_bot/lib/pkgconfig/my_bot.pc'
[3.512s] Level 1:colcon.colcon_core.environment:checking '/home/ubuntu/robot_ws/install/my_bot/lib/python3.8/site-packages'
[3.513s] Level 1:colcon.colcon_core.environment:checking '/home/ubuntu/robot_ws/install/my_bot/bin'
[3.514s] INFO:colcon.colcon_core.shell:Creating package script '/home/ubuntu/robot_ws/install/my_bot/share/my_bot/package.ps1'
[3.517s] INFO:colcon.colcon_core.shell:Creating package descriptor '/home/ubuntu/robot_ws/install/my_bot/share/my_bot/package.dsv'
[3.520s] INFO:colcon.colcon_core.shell:Creating package script '/home/ubuntu/robot_ws/install/my_bot/share/my_bot/package.sh'
[3.523s] INFO:colcon.colcon_core.shell:Creating package script '/home/ubuntu/robot_ws/install/my_bot/share/my_bot/package.bash'
[3.526s] INFO:colcon.colcon_core.shell:Creating package script '/home/ubuntu/robot_ws/install/my_bot/share/my_bot/package.zsh'
[3.528s] Level 1:colcon.colcon_core.environment:create_file_with_runtime_dependencies(/home/ubuntu/robot_ws/install/my_bot/share/colcon-core/packages/my_bot)
[3.552s] Level 1:colcon.colcon_core.environment:create_environment_scripts_only(serial)
[3.554s] Level 1:colcon.colcon_core.environment:checking '/home/ubuntu/robot_ws/install/serial' for CMake module files
[3.556s] DEBUG:colcon.colcon_core.event_handler.log_command:Invoked command in '/home/ubuntu/robot_ws/build/serial' returned '0': CMAKE_PREFIX_PATH=${CMAKE_PREFIX_PATH}:/opt/ros/foxy /bin/cmake --install /home/ubuntu/robot_ws/build/serial
[3.558s] Level 1:colcon.colcon_core.environment:checking '/home/ubuntu/robot_ws/install/serial' for CMake config files
[3.562s] Level 1:colcon.colcon_core.shell:create_environment_hook('serial', 'cmake_prefix_path')
[3.563s] INFO:colcon.colcon_core.shell:Creating environment hook '/home/ubuntu/robot_ws/install/serial/share/serial/hook/cmake_prefix_path.ps1'
[3.566s] INFO:colcon.colcon_core.shell:Creating environment descriptor '/home/ubuntu/robot_ws/install/serial/share/serial/hook/cmake_prefix_path.dsv'
[3.568s] INFO:colcon.colcon_core.shell:Creating environment hook '/home/ubuntu/robot_ws/install/serial/share/serial/hook/cmake_prefix_path.sh'
[3.571s] Level 1:colcon.colcon_core.environment:checking '/home/ubuntu/robot_ws/install/serial/lib'
[3.574s] Level 1:colcon.colcon_core.environment:checking '/home/ubuntu/robot_ws/install/serial/bin'
[3.575s] Level 1:colcon.colcon_core.environment:checking '/home/ubuntu/robot_ws/install/serial/lib/pkgconfig/serial.pc'
[3.575s] Level 1:colcon.colcon_core.environment:checking '/home/ubuntu/robot_ws/install/serial/lib/python3.8/site-packages'
[3.576s] Level 1:colcon.colcon_core.environment:checking '/home/ubuntu/robot_ws/install/serial/bin'
[3.578s] INFO:colcon.colcon_core.shell:Creating package script '/home/ubuntu/robot_ws/install/serial/share/serial/package.ps1'
[3.580s] INFO:colcon.colcon_core.shell:Creating package descriptor '/home/ubuntu/robot_ws/install/serial/share/serial/package.dsv'
[3.582s] INFO:colcon.colcon_core.shell:Creating package script '/home/ubuntu/robot_ws/install/serial/share/serial/package.sh'
[3.584s] INFO:colcon.colcon_core.shell:Creating package script '/home/ubuntu/robot_ws/install/serial/share/serial/package.bash'
[3.587s] INFO:colcon.colcon_core.shell:Creating package script '/home/ubuntu/robot_ws/install/serial/share/serial/package.zsh'
[3.589s] Level 1:colcon.colcon_core.environment:create_file_with_runtime_dependencies(/home/ubuntu/robot_ws/install/serial/share/colcon-core/packages/serial)
[3.783s] Level 1:colcon.colcon_core.environment:create_environment_scripts_only(serial)
[3.785s] Level 1:colcon.colcon_core.environment:checking '/home/ubuntu/robot_ws/install/serial' for CMake module files
[3.788s] Level 1:colcon.colcon_core.environment:checking '/home/ubuntu/robot_ws/install/serial' for CMake config files
[3.790s] Level 1:colcon.colcon_core.shell:create_environment_hook('serial', 'cmake_prefix_path')
[3.791s] INFO:colcon.colcon_core.shell:Creating environment hook '/home/ubuntu/robot_ws/install/serial/share/serial/hook/cmake_prefix_path.ps1'
[3.793s] INFO:colcon.colcon_core.shell:Creating environment descriptor '/home/ubuntu/robot_ws/install/serial/share/serial/hook/cmake_prefix_path.dsv'
[3.795s] INFO:colcon.colcon_core.shell:Creating environment hook '/home/ubuntu/robot_ws/install/serial/share/serial/hook/cmake_prefix_path.sh'
[3.798s] Level 1:colcon.colcon_core.environment:checking '/home/ubuntu/robot_ws/install/serial/lib'
[3.798s] Level 1:colcon.colcon_core.environment:checking '/home/ubuntu/robot_ws/install/serial/bin'
[3.799s] Level 1:colcon.colcon_core.environment:checking '/home/ubuntu/robot_ws/install/serial/lib/pkgconfig/serial.pc'
[3.799s] Level 1:colcon.colcon_core.environment:checking '/home/ubuntu/robot_ws/install/serial/lib/python3.8/site-packages'
[3.800s] Level 1:colcon.colcon_core.environment:checking '/home/ubuntu/robot_ws/install/serial/bin'
[3.801s] INFO:colcon.colcon_core.shell:Creating package script '/home/ubuntu/robot_ws/install/serial/share/serial/package.ps1'
[3.803s] INFO:colcon.colcon_core.shell:Creating package descriptor '/home/ubuntu/robot_ws/install/serial/share/serial/package.dsv'
[3.806s] INFO:colcon.colcon_core.shell:Creating package script '/home/ubuntu/robot_ws/install/serial/share/serial/package.sh'
[3.808s] INFO:colcon.colcon_core.shell:Creating package script '/home/ubuntu/robot_ws/install/serial/share/serial/package.bash'
[3.810s] INFO:colcon.colcon_core.shell:Creating package script '/home/ubuntu/robot_ws/install/serial/share/serial/package.zsh'
[3.812s] Level 1:colcon.colcon_core.environment:create_file_with_runtime_dependencies(/home/ubuntu/robot_ws/install/serial/share/colcon-core/packages/serial)
[3.813s] INFO:colcon.colcon_ros.task.ament_cmake.build:Building ROS package in '/home/ubuntu/robot_ws/src/diffdrive_arduino' with build type 'ament_cmake'
[3.814s] INFO:colcon.colcon_cmake.task.cmake.build:Building CMake package in '/home/ubuntu/robot_ws/src/diffdrive_arduino'
[3.815s] INFO:colcon.colcon_core.shell:Skip shell extension 'powershell' for command environment: Not usable outside of PowerShell
[3.815s] DEBUG:colcon.colcon_core.shell:Skip shell extension 'dsv' for command environment
[3.897s] DEBUG:colcon.colcon_core.event_handler.log_command:Invoking command in '/home/ubuntu/robot_ws/build/diffdrive_arduino': CMAKE_PREFIX_PATH=/home/ubuntu/robot_ws/install/serial:/home/ubuntu/robot_ws/install/diffdrive_arduino:/home/ubuntu/robot_ws/install/my_bot:/opt/ros/foxy /bin/cmake --build /home/ubuntu/robot_ws/build/diffdrive_arduino -- -j4 -l4
[4.360s] DEBUG:colcon.colcon_core.event_handler.log_command:Invoked command in '/home/ubuntu/robot_ws/build/diffdrive_arduino' returned '0': CMAKE_PREFIX_PATH=/home/ubuntu/robot_ws/install/serial:/home/ubuntu/robot_ws/install/diffdrive_arduino:/home/ubuntu/robot_ws/install/my_bot:/opt/ros/foxy /bin/cmake --build /home/ubuntu/robot_ws/build/diffdrive_arduino -- -j4 -l4
[4.548s] DEBUG:colcon.colcon_core.event_handler.log_command:Invoking command in '/home/ubuntu/robot_ws/build/diffdrive_arduino': CMAKE_PREFIX_PATH=/home/ubuntu/robot_ws/install/serial:/home/ubuntu/robot_ws/install/diffdrive_arduino:/home/ubuntu/robot_ws/install/my_bot:/opt/ros/foxy /bin/cmake --install /home/ubuntu/robot_ws/build/diffdrive_arduino
[4.668s] Level 1:colcon.colcon_core.environment:create_environment_scripts_only(diffdrive_arduino)
[4.670s] Level 1:colcon.colcon_core.environment:checking '/home/ubuntu/robot_ws/install/diffdrive_arduino' for CMake module files
[4.671s] DEBUG:colcon.colcon_core.event_handler.log_command:Invoked command in '/home/ubuntu/robot_ws/build/diffdrive_arduino' returned '0': CMAKE_PREFIX_PATH=/home/ubuntu/robot_ws/install/serial:/home/ubuntu/robot_ws/install/diffdrive_arduino:/home/ubuntu/robot_ws/install/my_bot:/opt/ros/foxy /bin/cmake --install /home/ubuntu/robot_ws/build/diffdrive_arduino
[4.673s] Level 1:colcon.colcon_core.environment:checking '/home/ubuntu/robot_ws/install/diffdrive_arduino' for CMake config files
[4.676s] Level 1:colcon.colcon_core.shell:create_environment_hook('diffdrive_arduino', 'cmake_prefix_path')
[4.677s] INFO:colcon.colcon_core.shell:Creating environment hook '/home/ubuntu/robot_ws/install/diffdrive_arduino/share/diffdrive_arduino/hook/cmake_prefix_path.ps1'
[4.679s] INFO:colcon.colcon_core.shell:Creating environment descriptor '/home/ubuntu/robot_ws/install/diffdrive_arduino/share/diffdrive_arduino/hook/cmake_prefix_path.dsv'
[4.681s] INFO:colcon.colcon_core.shell:Creating environment hook '/home/ubuntu/robot_ws/install/diffdrive_arduino/share/diffdrive_arduino/hook/cmake_prefix_path.sh'
[4.684s] Level 1:colcon.colcon_core.environment:checking '/home/ubuntu/robot_ws/install/diffdrive_arduino/lib'
[4.684s] Level 1:colcon.colcon_core.shell:create_environment_hook('diffdrive_arduino', 'ld_library_path_lib')
[4.685s] INFO:colcon.colcon_core.shell:Creating environment hook '/home/ubuntu/robot_ws/install/diffdrive_arduino/share/diffdrive_arduino/hook/ld_library_path_lib.ps1'
[4.687s] INFO:colcon.colcon_core.shell:Creating environment descriptor '/home/ubuntu/robot_ws/install/diffdrive_arduino/share/diffdrive_arduino/hook/ld_library_path_lib.dsv'
[4.689s] INFO:colcon.colcon_core.shell:Creating environment hook '/home/ubuntu/robot_ws/install/diffdrive_arduino/share/diffdrive_arduino/hook/ld_library_path_lib.sh'
[4.691s] Level 1:colcon.colcon_core.environment:checking '/home/ubuntu/robot_ws/install/diffdrive_arduino/bin'
[4.693s] Level 1:colcon.colcon_core.environment:checking '/home/ubuntu/robot_ws/install/diffdrive_arduino/lib/pkgconfig/diffdrive_arduino.pc'
[4.695s] Level 1:colcon.colcon_core.environment:checking '/home/ubuntu/robot_ws/install/diffdrive_arduino/lib/python3.8/site-packages'
[4.696s] Level 1:colcon.colcon_core.environment:checking '/home/ubuntu/robot_ws/install/diffdrive_arduino/bin'
[4.697s] INFO:colcon.colcon_core.shell:Creating package script '/home/ubuntu/robot_ws/install/diffdrive_arduino/share/diffdrive_arduino/package.ps1'
[4.699s] INFO:colcon.colcon_core.shell:Creating package descriptor '/home/ubuntu/robot_ws/install/diffdrive_arduino/share/diffdrive_arduino/package.dsv'
[4.702s] INFO:colcon.colcon_core.shell:Creating package script '/home/ubuntu/robot_ws/install/diffdrive_arduino/share/diffdrive_arduino/package.sh'
[4.704s] INFO:colcon.colcon_core.shell:Creating package script '/home/ubuntu/robot_ws/install/diffdrive_arduino/share/diffdrive_arduino/package.bash'
[4.706s] INFO:colcon.colcon_core.shell:Creating package script '/home/ubuntu/robot_ws/install/diffdrive_arduino/share/diffdrive_arduino/package.zsh'
[4.708s] Level 1:colcon.colcon_core.environment:create_file_with_runtime_dependencies(/home/ubuntu/robot_ws/install/diffdrive_arduino/share/colcon-core/packages/diffdrive_arduino)
[4.884s] Level 1:colcon.colcon_core.environment:create_environment_scripts_only(diffdrive_arduino)
[4.885s] Level 1:colcon.colcon_core.environment:checking '/home/ubuntu/robot_ws/install/diffdrive_arduino' for CMake module files
[4.889s] Level 1:colcon.colcon_core.environment:checking '/home/ubuntu/robot_ws/install/diffdrive_arduino' for CMake config files
[4.893s] Level 1:colcon.colcon_core.shell:create_environment_hook('diffdrive_arduino', 'cmake_prefix_path')
[4.895s] INFO:colcon.colcon_core.shell:Creating environment hook '/home/ubuntu/robot_ws/install/diffdrive_arduino/share/diffdrive_arduino/hook/cmake_prefix_path.ps1'
[4.898s] INFO:colcon.colcon_core.shell:Creating environment descriptor '/home/ubuntu/robot_ws/install/diffdrive_arduino/share/diffdrive_arduino/hook/cmake_prefix_path.dsv'
[4.899s] INFO:colcon.colcon_core.shell:Creating environment hook '/home/ubuntu/robot_ws/install/diffdrive_arduino/share/diffdrive_arduino/hook/cmake_prefix_path.sh'
[4.902s] Level 1:colcon.colcon_core.environment:checking '/home/ubuntu/robot_ws/install/diffdrive_arduino/lib'
[4.902s] Level 1:colcon.colcon_core.shell:create_environment_hook('diffdrive_arduino', 'ld_library_path_lib')
[4.903s] INFO:colcon.colcon_core.shell:Creating environment hook '/home/ubuntu/robot_ws/install/diffdrive_arduino/share/diffdrive_arduino/hook/ld_library_path_lib.ps1'
[4.905s] INFO:colcon.colcon_core.shell:Creating environment descriptor '/home/ubuntu/robot_ws/install/diffdrive_arduino/share/diffdrive_arduino/hook/ld_library_path_lib.dsv'
[4.906s] INFO:colcon.colcon_core.shell:Creating environment hook '/home/ubuntu/robot_ws/install/diffdrive_arduino/share/diffdrive_arduino/hook/ld_library_path_lib.sh'
[4.908s] Level 1:colcon.colcon_core.environment:checking '/home/ubuntu/robot_ws/install/diffdrive_arduino/bin'
[4.909s] Level 1:colcon.colcon_core.environment:checking '/home/ubuntu/robot_ws/install/diffdrive_arduino/lib/pkgconfig/diffdrive_arduino.pc'
[4.910s] Level 1:colcon.colcon_core.environment:checking '/home/ubuntu/robot_ws/install/diffdrive_arduino/lib/python3.8/site-packages'
[4.910s] Level 1:colcon.colcon_core.environment:checking '/home/ubuntu/robot_ws/install/diffdrive_arduino/bin'
[4.912s] INFO:colcon.colcon_core.shell:Creating package script '/home/ubuntu/robot_ws/install/diffdrive_arduino/share/diffdrive_arduino/package.ps1'
[4.914s] INFO:colcon.colcon_core.shell:Creating package descriptor '/home/ubuntu/robot_ws/install/diffdrive_arduino/share/diffdrive_arduino/package.dsv'
[4.916s] INFO:colcon.colcon_core.shell:Creating package script '/home/ubuntu/robot_ws/install/diffdrive_arduino/share/diffdrive_arduino/package.sh'
[4.918s] INFO:colcon.colcon_core.shell:Creating package script '/home/ubuntu/robot_ws/install/diffdrive_arduino/share/diffdrive_arduino/package.bash'
[4.920s] INFO:colcon.colcon_core.shell:Creating package script '/home/ubuntu/robot_ws/install/diffdrive_arduino/share/diffdrive_arduino/package.zsh'
[4.922s] Level 1:colcon.colcon_core.environment:create_file_with_runtime_dependencies(/home/ubuntu/robot_ws/install/diffdrive_arduino/share/colcon-core/packages/diffdrive_arduino)
[4.923s] DEBUG:colcon.colcon_parallel_executor.executor.parallel:closing loop
[4.924s] DEBUG:colcon.colcon_parallel_executor.executor.parallel:loop closed
[4.925s] DEBUG:colcon.colcon_parallel_executor.executor.parallel:run_until_complete finished with '0'
[4.925s] DEBUG:colcon.colcon_core.event_reactor:joining thread
[4.960s] INFO:colcon.colcon_core.plugin_system:Skipping extension 'colcon_notification.desktop_notification.terminal_notifier': Not used on non-Darwin systems
[4.961s] INFO:colcon.colcon_core.plugin_system:Skipping extension 'colcon_notification.desktop_notification.win32': Not used on non-Windows systems
[4.961s] INFO:colcon.colcon_notification.desktop_notification:Sending desktop notification using 'notify2'
[5.053s] DEBUG:colcon.colcon_core.event_reactor:joined thread
[5.054s] INFO:colcon.colcon_core.shell:Creating prefix script '/home/ubuntu/robot_ws/install/local_setup.ps1'
[5.060s] INFO:colcon.colcon_core.shell:Creating prefix util module '/home/ubuntu/robot_ws/install/_local_setup_util_ps1.py'
[5.067s] INFO:colcon.colcon_core.shell:Creating prefix chain script '/home/ubuntu/robot_ws/install/setup.ps1'
[5.074s] INFO:colcon.colcon_core.shell:Creating prefix script '/home/ubuntu/robot_ws/install/local_setup.sh'
[5.078s] INFO:colcon.colcon_core.shell:Creating prefix util module '/home/ubuntu/robot_ws/install/_local_setup_util_sh.py'
[5.081s] INFO:colcon.colcon_core.shell:Creating prefix chain script '/home/ubuntu/robot_ws/install/setup.sh'
[5.088s] INFO:colcon.colcon_core.shell:Creating prefix script '/home/ubuntu/robot_ws/install/local_setup.bash'
[5.092s] INFO:colcon.colcon_core.shell:Creating prefix chain script '/home/ubuntu/robot_ws/install/setup.bash'
[5.100s] INFO:colcon.colcon_core.shell:Creating prefix script '/home/ubuntu/robot_ws/install/local_setup.zsh'
[5.106s] INFO:colcon.colcon_core.shell:Creating prefix chain script '/home/ubuntu/robot_ws/install/setup.zsh'
