[0.070s] Invoking command in '/home/ubuntu/robot_ws/build/diffdrive_arduino': CMAKE_PREFIX_PATH=/home/ubuntu/robot_ws/install/serial:/home/ubuntu/robot_ws/install/diffdrive_arduino:/home/ubuntu/robot_ws/install/my_bot:/opt/ros/foxy /bin/cmake --build /home/ubuntu/robot_ws/build/diffdrive_arduino -- -j4 -l4
[0.386s] [ 42%] Built target fake_robot
[0.396s] [100%] Built target diffdrive_arduino
[0.437s] Invoked command in '/home/ubuntu/robot_ws/build/diffdrive_arduino' returned '0': CMAKE_PREFIX_PATH=/home/ubuntu/robot_ws/install/serial:/home/ubuntu/robot_ws/install/diffdrive_arduino:/home/ubuntu/robot_ws/install/my_bot:/opt/ros/foxy /bin/cmake --build /home/ubuntu/robot_ws/build/diffdrive_arduino -- -j4 -l4
[0.622s] Invoking command in '/home/ubuntu/robot_ws/build/diffdrive_arduino': CMAKE_PREFIX_PATH=/home/ubuntu/robot_ws/install/serial:/home/ubuntu/robot_ws/install/diffdrive_arduino:/home/ubuntu/robot_ws/install/my_bot:/opt/ros/foxy /bin/cmake --install /home/ubuntu/robot_ws/build/diffdrive_arduino
[0.657s] -- Install configuration: ""
[0.658s] -- Execute custom install script
[0.660s] -- Up-to-date symlink: /home/ubuntu/robot_ws/install/diffdrive_arduino/share/diffdrive_arduino//robot_hardware.xml
[0.661s] -- Up-to-date symlink: /home/ubuntu/robot_ws/install/diffdrive_arduino/share/diffdrive_arduino//fake_robot_hardware.xml
[0.663s] -- Up-to-date symlink: /home/ubuntu/robot_ws/install/diffdrive_arduino/lib/libdiffdrive_arduino.so
[0.664s] -- Up-to-date symlink: /home/ubuntu/robot_ws/install/diffdrive_arduino/lib/libfake_robot.so
[0.666s] -- Up-to-date symlink: /home/ubuntu/robot_ws/install/diffdrive_arduino/share/diffdrive_arduino/controllers/robot_controller_example.yaml
[0.668s] -- Up-to-date symlink: /home/ubuntu/robot_ws/install/diffdrive_arduino/share/diffdrive_arduino/fake_robot.launch.py
[0.669s] -- Up-to-date symlink: /home/ubuntu/robot_ws/install/diffdrive_arduino/share/diffdrive_arduino/test_robot.launch.py
[0.670s] -- Up-to-date symlink: /home/ubuntu/robot_ws/install/diffdrive_arduino/share/diffdrive_arduino/environment/library_path.sh
[0.671s] -- Up-to-date symlink: /home/ubuntu/robot_ws/install/diffdrive_arduino/share/diffdrive_arduino/environment/library_path.dsv
[0.673s] -- Up-to-date symlink: /home/ubuntu/robot_ws/install/diffdrive_arduino/share/ament_index/resource_index/package_run_dependencies/diffdrive_arduino
[0.674s] -- Up-to-date symlink: /home/ubuntu/robot_ws/install/diffdrive_arduino/share/ament_index/resource_index/parent_prefix_path/diffdrive_arduino
[0.676s] -- Up-to-date symlink: /home/ubuntu/robot_ws/install/diffdrive_arduino/share/diffdrive_arduino/environment/ament_prefix_path.sh
[0.677s] -- Up-to-date symlink: /home/ubuntu/robot_ws/install/diffdrive_arduino/share/diffdrive_arduino/environment/ament_prefix_path.dsv
[0.678s] -- Up-to-date symlink: /home/ubuntu/robot_ws/install/diffdrive_arduino/share/diffdrive_arduino/environment/path.sh
[0.680s] -- Up-to-date symlink: /home/ubuntu/robot_ws/install/diffdrive_arduino/share/diffdrive_arduino/environment/path.dsv
[0.681s] -- Up-to-date symlink: /home/ubuntu/robot_ws/install/diffdrive_arduino/share/diffdrive_arduino/local_setup.bash
[0.682s] -- Up-to-date symlink: /home/ubuntu/robot_ws/install/diffdrive_arduino/share/diffdrive_arduino/local_setup.sh
[0.684s] -- Up-to-date symlink: /home/ubuntu/robot_ws/install/diffdrive_arduino/share/diffdrive_arduino/local_setup.zsh
[0.685s] -- Up-to-date symlink: /home/ubuntu/robot_ws/install/diffdrive_arduino/share/diffdrive_arduino/local_setup.dsv
[0.686s] -- Symlinking: /home/ubuntu/robot_ws/install/diffdrive_arduino/share/diffdrive_arduino/package.dsv
[0.724s] -- Up-to-date symlink: /home/ubuntu/robot_ws/install/diffdrive_arduino/share/ament_index/resource_index/packages/diffdrive_arduino
[0.725s] -- Up-to-date symlink: /home/ubuntu/robot_ws/install/diffdrive_arduino/share/ament_index/resource_index/hardware_interface__pluginlib__plugin/diffdrive_arduino
[0.726s] -- Up-to-date symlink: /home/ubuntu/robot_ws/install/diffdrive_arduino/share/diffdrive_arduino/cmake/ament_cmake_export_libraries-extras.cmake
[0.727s] -- Up-to-date symlink: /home/ubuntu/robot_ws/install/diffdrive_arduino/share/diffdrive_arduino/cmake/ament_cmake_export_dependencies-extras.cmake
[0.729s] -- Up-to-date symlink: /home/ubuntu/robot_ws/install/diffdrive_arduino/share/diffdrive_arduino/cmake/diffdrive_arduinoConfig.cmake
[0.730s] -- Up-to-date symlink: /home/ubuntu/robot_ws/install/diffdrive_arduino/share/diffdrive_arduino/cmake/diffdrive_arduinoConfig-version.cmake
[0.731s] -- Up-to-date symlink: /home/ubuntu/robot_ws/install/diffdrive_arduino/share/diffdrive_arduino/package.xml
[0.742s] Invoked command in '/home/ubuntu/robot_ws/build/diffdrive_arduino' returned '0': CMAKE_PREFIX_PATH=/home/ubuntu/robot_ws/install/serial:/home/ubuntu/robot_ws/install/diffdrive_arduino:/home/ubuntu/robot_ws/install/my_bot:/opt/ros/foxy /bin/cmake --install /home/ubuntu/robot_ws/build/diffdrive_arduino
