[0.045s] Invoking command in '/home/ubuntu/robot_ws/build/my_bot': CMAKE_PREFIX_PATH=/opt/ros/foxy /bin/cmake /home/ubuntu/robot_ws/src/my_bot -DAMENT_CMAKE_SYMLINK_INSTALL=1 -DCMAKE_INSTALL_PREFIX=/home/ubuntu/robot_ws/install/my_bot
[0.105s] -- Found ament_cmake: 0.9.12 (/opt/ros/foxy/share/ament_cmake/cmake)
[0.228s] -- Using PYTHON_EXECUTABLE: /bin/python3
[0.982s] -- Override CMake install command with custom implementation using symlinks instead of copying resources
[1.018s] -- Found ament_lint_auto: 0.9.8 (/opt/ros/foxy/share/ament_lint_auto/cmake)
[1.316s] -- Added test 'copyright' to check source files copyright and LICENSE
[1.397s] -- Added test 'flake8' to check Python code syntax and style conventions
[1.400s] -- Added test 'lint_cmake' to check CMake code style
[1.406s] -- Added test 'pep257' to check Python code against some of the style conventions in PEP 257
[1.447s] -- Added test 'xmllint' to check XML markup files
[1.455s] -- Configuring done
[1.466s] -- Generating done
[1.470s] -- Build files have been written to: /home/ubuntu/robot_ws/build/my_bot
[1.478s] Invoked command in '/home/ubuntu/robot_ws/build/my_bot' returned '0': CMAKE_PREFIX_PATH=/opt/ros/foxy /bin/cmake /home/ubuntu/robot_ws/src/my_bot -DAMENT_CMAKE_SYMLINK_INSTALL=1 -DCMAKE_INSTALL_PREFIX=/home/ubuntu/robot_ws/install/my_bot
[1.487s] Invoking command in '/home/ubuntu/robot_ws/build/my_bot': CMAKE_PREFIX_PATH=/opt/ros/foxy /bin/cmake --build /home/ubuntu/robot_ws/build/my_bot -- -j4 -l4
[1.663s] Invoked command in '/home/ubuntu/robot_ws/build/my_bot' returned '0': CMAKE_PREFIX_PATH=/opt/ros/foxy /bin/cmake --build /home/ubuntu/robot_ws/build/my_bot -- -j4 -l4
[1.845s] Invoking command in '/home/ubuntu/robot_ws/build/my_bot': CMAKE_PREFIX_PATH=/opt/ros/foxy /bin/cmake --install /home/ubuntu/robot_ws/build/my_bot
[1.877s] -- Install configuration: ""
[1.879s] -- Execute custom install script
[1.881s] -- Symlinking: /home/ubuntu/robot_ws/install/my_bot/share/my_bot/config/empty.yaml
[1.915s] -- Symlinking: /home/ubuntu/robot_ws/install/my_bot/share/my_bot/description/robot.urdf.xacro
[1.951s] -- Symlinking: /home/ubuntu/robot_ws/install/my_bot/share/my_bot/launch/rsp.launch.py
[1.985s] -- Symlinking: /home/ubuntu/robot_ws/install/my_bot/share/my_bot/worlds/empty.world
[2.023s] -- Symlinking: /home/ubuntu/robot_ws/install/my_bot/share/ament_index/resource_index/package_run_dependencies/my_bot
[2.071s] -- Symlinking: /home/ubuntu/robot_ws/install/my_bot/share/ament_index/resource_index/parent_prefix_path/my_bot
[2.109s] -- Symlinking: /home/ubuntu/robot_ws/install/my_bot/share/my_bot/environment/ament_prefix_path.sh
[2.147s] -- Symlinking: /home/ubuntu/robot_ws/install/my_bot/share/my_bot/environment/ament_prefix_path.dsv
[2.187s] -- Symlinking: /home/ubuntu/robot_ws/install/my_bot/share/my_bot/environment/path.sh
[2.220s] -- Symlinking: /home/ubuntu/robot_ws/install/my_bot/share/my_bot/environment/path.dsv
[2.256s] -- Symlinking: /home/ubuntu/robot_ws/install/my_bot/share/my_bot/local_setup.bash
[2.292s] -- Symlinking: /home/ubuntu/robot_ws/install/my_bot/share/my_bot/local_setup.sh
[2.326s] -- Symlinking: /home/ubuntu/robot_ws/install/my_bot/share/my_bot/local_setup.zsh
[2.361s] -- Symlinking: /home/ubuntu/robot_ws/install/my_bot/share/my_bot/local_setup.dsv
[2.397s] -- Symlinking: /home/ubuntu/robot_ws/install/my_bot/share/my_bot/package.dsv
[2.433s] -- Symlinking: /home/ubuntu/robot_ws/install/my_bot/share/ament_index/resource_index/packages/my_bot
[2.468s] -- Symlinking: /home/ubuntu/robot_ws/install/my_bot/share/my_bot/cmake/my_botConfig.cmake
[2.502s] -- Symlinking: /home/ubuntu/robot_ws/install/my_bot/share/my_bot/cmake/my_botConfig-version.cmake
[2.538s] -- Symlinking: /home/ubuntu/robot_ws/install/my_bot/share/my_bot/package.xml
[2.577s] Invoked command in '/home/ubuntu/robot_ws/build/my_bot' returned '0': CMAKE_PREFIX_PATH=/opt/ros/foxy /bin/cmake --install /home/ubuntu/robot_ws/build/my_bot
