[0.113s] Invoking command in '/home/ubuntu/robot_ws/build/serial': CMAKE_PREFIX_PATH=${CMAKE_PREFIX_PATH}:/opt/ros/foxy /bin/cmake --build /home/ubuntu/robot_ws/build/serial -- -j4 -l4
[0.607s] [ 28%] Built target serial
[0.612s] [ 42%] Built target gtest
[0.621s] [ 57%] Built target gtest_main
[0.723s] [ 71%] Built target serial_example
[0.760s] [ 85%] Built target serial-test
[0.762s] [100%] Built target serial-test-timer
[0.806s] Invoked command in '/home/ubuntu/robot_ws/build/serial' returned '0': CMAKE_PREFIX_PATH=${CMAKE_PREFIX_PATH}:/opt/ros/foxy /bin/cmake --build /home/ubuntu/robot_ws/build/serial -- -j4 -l4
[1.015s] Invoking command in '/home/ubuntu/robot_ws/build/serial': CMAKE_PREFIX_PATH=${CMAKE_PREFIX_PATH}:/opt/ros/foxy /bin/cmake --install /home/ubuntu/robot_ws/build/serial
[1.056s] -- Install configuration: ""
[1.059s] -- Execute custom install script
[1.062s] -- Up-to-date symlink: /home/ubuntu/robot_ws/install/serial/lib/libserial.a
[1.063s] -- Up-to-date symlink: /home/ubuntu/robot_ws/install/serial/include/serial/serial.h
[1.064s] -- Up-to-date symlink: /home/ubuntu/robot_ws/install/serial/include/serial/v8stdint.h
[1.066s] -- Up-to-date symlink: /home/ubuntu/robot_ws/install/serial/share/serial/environment/library_path.sh
[1.067s] -- Up-to-date symlink: /home/ubuntu/robot_ws/install/serial/share/serial/environment/library_path.dsv
[1.069s] -- Up-to-date symlink: /home/ubuntu/robot_ws/install/serial/share/ament_index/resource_index/package_run_dependencies/serial
[1.071s] -- Up-to-date symlink: /home/ubuntu/robot_ws/install/serial/share/ament_index/resource_index/parent_prefix_path/serial
[1.072s] -- Up-to-date symlink: /home/ubuntu/robot_ws/install/serial/share/serial/environment/ament_prefix_path.sh
[1.074s] -- Up-to-date symlink: /home/ubuntu/robot_ws/install/serial/share/serial/environment/ament_prefix_path.dsv
[1.075s] -- Up-to-date symlink: /home/ubuntu/robot_ws/install/serial/share/serial/environment/path.sh
[1.076s] -- Up-to-date symlink: /home/ubuntu/robot_ws/install/serial/share/serial/environment/path.dsv
[1.078s] -- Up-to-date symlink: /home/ubuntu/robot_ws/install/serial/share/serial/local_setup.bash
[1.079s] -- Up-to-date symlink: /home/ubuntu/robot_ws/install/serial/share/serial/local_setup.sh
[1.080s] -- Up-to-date symlink: /home/ubuntu/robot_ws/install/serial/share/serial/local_setup.zsh
[1.082s] -- Up-to-date symlink: /home/ubuntu/robot_ws/install/serial/share/serial/local_setup.dsv
[1.083s] -- Symlinking: /home/ubuntu/robot_ws/install/serial/share/serial/package.dsv
[1.125s] -- Up-to-date symlink: /home/ubuntu/robot_ws/install/serial/share/ament_index/resource_index/packages/serial
[1.126s] -- Up-to-date symlink: /home/ubuntu/robot_ws/install/serial/share/serial/cmake/ament_cmake_export_include_directories-extras.cmake
[1.128s] -- Up-to-date symlink: /home/ubuntu/robot_ws/install/serial/share/serial/cmake/ament_cmake_export_libraries-extras.cmake
[1.130s] -- Up-to-date symlink: /home/ubuntu/robot_ws/install/serial/share/serial/cmake/serialConfig.cmake
[1.131s] -- Up-to-date symlink: /home/ubuntu/robot_ws/install/serial/share/serial/cmake/serialConfig-version.cmake
[1.131s] -- Up-to-date symlink: /home/ubuntu/robot_ws/install/serial/share/serial/package.xml
[1.148s] Invoked command in '/home/ubuntu/robot_ws/build/serial' returned '0': CMAKE_PREFIX_PATH=${CMAKE_PREFIX_PATH}:/opt/ros/foxy /bin/cmake --install /home/ubuntu/robot_ws/build/serial
