[0.944s] DEBUG:colcon:Command line arguments: ['/bin/colcon', 'build', '--symlink-install']
[0.945s] DEBUG:colcon:Parsed command line arguments: Namespace(allow_overriding=[], ament_cmake_args=None, base_paths=['.'], build_base='build', catkin_cmake_args=None, catkin_skip_building_tests=False, cmake_args=None, cmake_clean_cache=False, cmake_clean_first=False, cmake_force_configure=False, cmake_target=None, cmake_target_skip_unavailable=False, continue_on_error=False, event_handlers=None, executor='parallel', ignore_user_meta=False, install_base='install', log_base=None, log_level=None, main=<bound method BuildVerb.main of <colcon_core.verb.build.BuildVerb object at 0xffffacd12280>>, merge_install=False, metas=['./colcon.meta'], packages_above=None, packages_above_and_dependencies=None, packages_above_depth=None, packages_end=None, packages_ignore=None, packages_ignore_regex=None, packages_select=None, packages_select_build_failed=False, packages_select_by_dep=None, packages_select_regex=None, packages_select_test_failures=False, packages_skip=None, packages_skip_build_finished=False, packages_skip_by_dep=None, packages_skip_regex=None, packages_skip_test_passed=False, packages_skip_up_to=None, packages_start=None, packages_up_to=None, packages_up_to_regex=None, parallel_workers=4, paths=None, symlink_install=True, test_result_base=None, verb_extension=<colcon_core.verb.build.BuildVerb object at 0xffffacd12280>, verb_name='build', verb_parser=<colcon_defaults.argument_parser.defaults.DefaultArgumentsDecorator object at 0xffffacc45df0>)
[1.711s] Level 1:colcon.colcon_core.package_discovery:discover_packages(colcon_meta) check parameters
[1.711s] Level 1:colcon.colcon_core.package_discovery:discover_packages(recursive) check parameters
[1.711s] Level 1:colcon.colcon_core.package_discovery:discover_packages(ignore) check parameters
[1.712s] Level 1:colcon.colcon_core.package_discovery:discover_packages(path) check parameters
[1.712s] Level 1:colcon.colcon_core.package_discovery:discover_packages(colcon_meta) discover
[1.712s] Level 1:colcon.colcon_core.package_discovery:discover_packages(recursive) discover
[1.712s] INFO:colcon.colcon_core.package_discovery:Crawling recursively for packages in '/home/ubuntu/robot_ws'
[1.713s] Level 1:colcon.colcon_core.package_identification:_identify(.) by extensions ['ignore', 'ignore_ament_install']
[1.713s] Level 1:colcon.colcon_core.package_identification:_identify(.) by extension 'ignore'
[1.713s] Level 1:colcon.colcon_core.package_identification:_identify(.) by extension 'ignore_ament_install'
[1.714s] Level 1:colcon.colcon_core.package_identification:_identify(.) by extensions ['colcon_pkg']
[1.714s] Level 1:colcon.colcon_core.package_identification:_identify(.) by extension 'colcon_pkg'
[1.714s] Level 1:colcon.colcon_core.package_identification:_identify(.) by extensions ['colcon_meta']
[1.714s] Level 1:colcon.colcon_core.package_identification:_identify(.) by extension 'colcon_meta'
[1.714s] Level 1:colcon.colcon_core.package_identification:_identify(.) by extensions ['ros']
[1.714s] Level 1:colcon.colcon_core.package_identification:_identify(.) by extension 'ros'
[1.779s] Level 1:colcon.colcon_core.package_identification:_identify(.) by extensions ['cmake', 'python']
[1.780s] Level 1:colcon.colcon_core.package_identification:_identify(.) by extension 'cmake'
[1.780s] Level 1:colcon.colcon_core.package_identification:_identify(.) by extension 'python'
[1.780s] Level 1:colcon.colcon_core.package_identification:_identify(.) by extensions ['python_setup_py']
[1.780s] Level 1:colcon.colcon_core.package_identification:_identify(.) by extension 'python_setup_py'
[1.781s] Level 1:colcon.colcon_core.package_identification:_identify(build) by extensions ['ignore', 'ignore_ament_install']
[1.781s] Level 1:colcon.colcon_core.package_identification:_identify(build) by extension 'ignore'
[1.781s] Level 1:colcon.colcon_core.package_identification:_identify(build) ignored
[1.782s] Level 1:colcon.colcon_core.package_identification:_identify(install) by extensions ['ignore', 'ignore_ament_install']
[1.782s] Level 1:colcon.colcon_core.package_identification:_identify(install) by extension 'ignore'
[1.782s] Level 1:colcon.colcon_core.package_identification:_identify(install) ignored
[1.783s] Level 1:colcon.colcon_core.package_identification:_identify(log) by extensions ['ignore', 'ignore_ament_install']
[1.783s] Level 1:colcon.colcon_core.package_identification:_identify(log) by extension 'ignore'
[1.783s] Level 1:colcon.colcon_core.package_identification:_identify(log) ignored
[1.783s] Level 1:colcon.colcon_core.package_identification:_identify(src) by extensions ['ignore', 'ignore_ament_install']
[1.784s] Level 1:colcon.colcon_core.package_identification:_identify(src) by extension 'ignore'
[1.784s] Level 1:colcon.colcon_core.package_identification:_identify(src) by extension 'ignore_ament_install'
[1.784s] Level 1:colcon.colcon_core.package_identification:_identify(src) by extensions ['colcon_pkg']
[1.784s] Level 1:colcon.colcon_core.package_identification:_identify(src) by extension 'colcon_pkg'
[1.784s] Level 1:colcon.colcon_core.package_identification:_identify(src) by extensions ['colcon_meta']
[1.784s] Level 1:colcon.colcon_core.package_identification:_identify(src) by extension 'colcon_meta'
[1.785s] Level 1:colcon.colcon_core.package_identification:_identify(src) by extensions ['ros']
[1.785s] Level 1:colcon.colcon_core.package_identification:_identify(src) by extension 'ros'
[1.785s] Level 1:colcon.colcon_core.package_identification:_identify(src) by extensions ['cmake', 'python']
[1.785s] Level 1:colcon.colcon_core.package_identification:_identify(src) by extension 'cmake'
[1.785s] Level 1:colcon.colcon_core.package_identification:_identify(src) by extension 'python'
[1.785s] Level 1:colcon.colcon_core.package_identification:_identify(src) by extensions ['python_setup_py']
[1.785s] Level 1:colcon.colcon_core.package_identification:_identify(src) by extension 'python_setup_py'
[1.786s] Level 1:colcon.colcon_core.package_identification:_identify(src/diffdrive_arduino) by extensions ['ignore', 'ignore_ament_install']
[1.786s] Level 1:colcon.colcon_core.package_identification:_identify(src/diffdrive_arduino) by extension 'ignore'
[1.786s] Level 1:colcon.colcon_core.package_identification:_identify(src/diffdrive_arduino) by extension 'ignore_ament_install'
[1.787s] Level 1:colcon.colcon_core.package_identification:_identify(src/diffdrive_arduino) by extensions ['colcon_pkg']
[1.787s] Level 1:colcon.colcon_core.package_identification:_identify(src/diffdrive_arduino) by extension 'colcon_pkg'
[1.787s] Level 1:colcon.colcon_core.package_identification:_identify(src/diffdrive_arduino) by extensions ['colcon_meta']
[1.787s] Level 1:colcon.colcon_core.package_identification:_identify(src/diffdrive_arduino) by extension 'colcon_meta'
[1.787s] Level 1:colcon.colcon_core.package_identification:_identify(src/diffdrive_arduino) by extensions ['ros']
[1.787s] Level 1:colcon.colcon_core.package_identification:_identify(src/diffdrive_arduino) by extension 'ros'
[1.799s] DEBUG:colcon.colcon_core.package_identification:Package 'src/diffdrive_arduino' with type 'ros.ament_cmake' and name 'diffdrive_arduino'
[1.801s] Level 1:colcon.colcon_core.package_identification:_identify(src/my_bot) by extensions ['ignore', 'ignore_ament_install']
[1.801s] Level 1:colcon.colcon_core.package_identification:_identify(src/my_bot) by extension 'ignore'
[1.801s] Level 1:colcon.colcon_core.package_identification:_identify(src/my_bot) by extension 'ignore_ament_install'
[1.802s] Level 1:colcon.colcon_core.package_identification:_identify(src/my_bot) by extensions ['colcon_pkg']
[1.802s] Level 1:colcon.colcon_core.package_identification:_identify(src/my_bot) by extension 'colcon_pkg'
[1.802s] Level 1:colcon.colcon_core.package_identification:_identify(src/my_bot) by extensions ['colcon_meta']
[1.802s] Level 1:colcon.colcon_core.package_identification:_identify(src/my_bot) by extension 'colcon_meta'
[1.802s] Level 1:colcon.colcon_core.package_identification:_identify(src/my_bot) by extensions ['ros']
[1.803s] Level 1:colcon.colcon_core.package_identification:_identify(src/my_bot) by extension 'ros'
[1.805s] DEBUG:colcon.colcon_core.package_identification:Package 'src/my_bot' with type 'ros.ament_cmake' and name 'my_bot'
[1.806s] Level 1:colcon.colcon_core.package_identification:_identify(src/serial) by extensions ['ignore', 'ignore_ament_install']
[1.806s] Level 1:colcon.colcon_core.package_identification:_identify(src/serial) by extension 'ignore'
[1.806s] Level 1:colcon.colcon_core.package_identification:_identify(src/serial) by extension 'ignore_ament_install'
[1.807s] Level 1:colcon.colcon_core.package_identification:_identify(src/serial) by extensions ['colcon_pkg']
[1.807s] Level 1:colcon.colcon_core.package_identification:_identify(src/serial) by extension 'colcon_pkg'
[1.807s] Level 1:colcon.colcon_core.package_identification:_identify(src/serial) by extensions ['colcon_meta']
[1.807s] Level 1:colcon.colcon_core.package_identification:_identify(src/serial) by extension 'colcon_meta'
[1.807s] Level 1:colcon.colcon_core.package_identification:_identify(src/serial) by extensions ['ros']
[1.807s] Level 1:colcon.colcon_core.package_identification:_identify(src/serial) by extension 'ros'
[1.809s] DEBUG:colcon.colcon_core.package_identification:Package 'src/serial' with type 'ros.ament_cmake' and name 'serial'
[1.810s] Level 1:colcon.colcon_core.package_discovery:discover_packages(recursive) using defaults
[1.810s] Level 1:colcon.colcon_core.package_discovery:discover_packages(ignore) discover
[1.810s] Level 1:colcon.colcon_core.package_discovery:discover_packages(ignore) using defaults
[1.810s] Level 1:colcon.colcon_core.package_discovery:discover_packages(path) discover
[1.810s] Level 1:colcon.colcon_core.package_discovery:discover_packages(path) using defaults
[1.889s] Level 1:colcon.colcon_core.package_discovery:discover_packages(prefix_path) check parameters
[1.890s] Level 1:colcon.colcon_core.package_discovery:discover_packages(prefix_path) discover
[1.910s] DEBUG:colcon.colcon_installed_package_information.package_discovery:Found 296 installed packages in /opt/ros/foxy
[1.918s] Level 1:colcon.colcon_core.package_discovery:discover_packages(prefix_path) using defaults
[2.358s] Level 5:colcon.colcon_core.verb:set package 'my_bot' build argument 'cmake_args' from command line to 'None'
[2.358s] Level 5:colcon.colcon_core.verb:set package 'my_bot' build argument 'cmake_target' from command line to 'None'
[2.358s] Level 5:colcon.colcon_core.verb:set package 'my_bot' build argument 'cmake_target_skip_unavailable' from command line to 'False'
[2.358s] Level 5:colcon.colcon_core.verb:set package 'my_bot' build argument 'cmake_clean_cache' from command line to 'False'
[2.359s] Level 5:colcon.colcon_core.verb:set package 'my_bot' build argument 'cmake_clean_first' from command line to 'False'
[2.359s] Level 5:colcon.colcon_core.verb:set package 'my_bot' build argument 'cmake_force_configure' from command line to 'False'
[2.359s] Level 5:colcon.colcon_core.verb:set package 'my_bot' build argument 'ament_cmake_args' from command line to 'None'
[2.359s] Level 5:colcon.colcon_core.verb:set package 'my_bot' build argument 'catkin_cmake_args' from command line to 'None'
[2.359s] Level 5:colcon.colcon_core.verb:set package 'my_bot' build argument 'catkin_skip_building_tests' from command line to 'False'
[2.359s] DEBUG:colcon.colcon_core.verb:Building package 'my_bot' with the following arguments: {'ament_cmake_args': None, 'build_base': '/home/ubuntu/robot_ws/build/my_bot', 'catkin_cmake_args': None, 'catkin_skip_building_tests': False, 'cmake_args': None, 'cmake_clean_cache': False, 'cmake_clean_first': False, 'cmake_force_configure': False, 'cmake_target': None, 'cmake_target_skip_unavailable': False, 'install_base': '/home/ubuntu/robot_ws/install/my_bot', 'merge_install': False, 'path': '/home/ubuntu/robot_ws/src/my_bot', 'symlink_install': True, 'test_result_base': None}
[2.361s] Level 5:colcon.colcon_core.verb:set package 'serial' build argument 'cmake_args' from command line to 'None'
[2.361s] Level 5:colcon.colcon_core.verb:set package 'serial' build argument 'cmake_target' from command line to 'None'
[2.361s] Level 5:colcon.colcon_core.verb:set package 'serial' build argument 'cmake_target_skip_unavailable' from command line to 'False'
[2.361s] Level 5:colcon.colcon_core.verb:set package 'serial' build argument 'cmake_clean_cache' from command line to 'False'
[2.361s] Level 5:colcon.colcon_core.verb:set package 'serial' build argument 'cmake_clean_first' from command line to 'False'
[2.361s] Level 5:colcon.colcon_core.verb:set package 'serial' build argument 'cmake_force_configure' from command line to 'False'
[2.361s] Level 5:colcon.colcon_core.verb:set package 'serial' build argument 'ament_cmake_args' from command line to 'None'
[2.361s] Level 5:colcon.colcon_core.verb:set package 'serial' build argument 'catkin_cmake_args' from command line to 'None'
[2.361s] Level 5:colcon.colcon_core.verb:set package 'serial' build argument 'catkin_skip_building_tests' from command line to 'False'
[2.362s] DEBUG:colcon.colcon_core.verb:Building package 'serial' with the following arguments: {'ament_cmake_args': None, 'build_base': '/home/ubuntu/robot_ws/build/serial', 'catkin_cmake_args': None, 'catkin_skip_building_tests': False, 'cmake_args': None, 'cmake_clean_cache': False, 'cmake_clean_first': False, 'cmake_force_configure': False, 'cmake_target': None, 'cmake_target_skip_unavailable': False, 'install_base': '/home/ubuntu/robot_ws/install/serial', 'merge_install': False, 'path': '/home/ubuntu/robot_ws/src/serial', 'symlink_install': True, 'test_result_base': None}
[2.363s] Level 5:colcon.colcon_core.verb:set package 'diffdrive_arduino' build argument 'cmake_args' from command line to 'None'
[2.363s] Level 5:colcon.colcon_core.verb:set package 'diffdrive_arduino' build argument 'cmake_target' from command line to 'None'
[2.363s] Level 5:colcon.colcon_core.verb:set package 'diffdrive_arduino' build argument 'cmake_target_skip_unavailable' from command line to 'False'
[2.363s] Level 5:colcon.colcon_core.verb:set package 'diffdrive_arduino' build argument 'cmake_clean_cache' from command line to 'False'
[2.364s] Level 5:colcon.colcon_core.verb:set package 'diffdrive_arduino' build argument 'cmake_clean_first' from command line to 'False'
[2.364s] Level 5:colcon.colcon_core.verb:set package 'diffdrive_arduino' build argument 'cmake_force_configure' from command line to 'False'
[2.364s] Level 5:colcon.colcon_core.verb:set package 'diffdrive_arduino' build argument 'ament_cmake_args' from command line to 'None'
[2.364s] Level 5:colcon.colcon_core.verb:set package 'diffdrive_arduino' build argument 'catkin_cmake_args' from command line to 'None'
[2.364s] Level 5:colcon.colcon_core.verb:set package 'diffdrive_arduino' build argument 'catkin_skip_building_tests' from command line to 'False'
[2.364s] DEBUG:colcon.colcon_core.verb:Building package 'diffdrive_arduino' with the following arguments: {'ament_cmake_args': None, 'build_base': '/home/ubuntu/robot_ws/build/diffdrive_arduino', 'catkin_cmake_args': None, 'catkin_skip_building_tests': False, 'cmake_args': None, 'cmake_clean_cache': False, 'cmake_clean_first': False, 'cmake_force_configure': False, 'cmake_target': None, 'cmake_target_skip_unavailable': False, 'install_base': '/home/ubuntu/robot_ws/install/diffdrive_arduino', 'merge_install': False, 'path': '/home/ubuntu/robot_ws/src/diffdrive_arduino', 'symlink_install': True, 'test_result_base': None}
[2.364s] INFO:colcon.colcon_core.executor:Executing jobs using 'parallel' executor
[2.368s] DEBUG:colcon.colcon_parallel_executor.executor.parallel:run_until_complete
[2.369s] INFO:colcon.colcon_ros.task.ament_cmake.build:Building ROS package in '/home/ubuntu/robot_ws/src/serial' with build type 'ament_cmake'
[2.369s] INFO:colcon.colcon_cmake.task.cmake.build:Building CMake package in '/home/ubuntu/robot_ws/src/serial'
[2.390s] INFO:colcon.colcon_core.plugin_system:Skipping extension 'colcon_core.shell.bat': Not used on non-Windows systems
[2.391s] INFO:colcon.colcon_core.shell:Skip shell extension 'powershell' for command environment: Not usable outside of PowerShell
[2.391s] DEBUG:colcon.colcon_core.shell:Skip shell extension 'dsv' for command environment
[2.420s] INFO:colcon.colcon_ros.task.ament_cmake.build:Building ROS package in '/home/ubuntu/robot_ws/src/my_bot' with build type 'ament_cmake'
[2.421s] INFO:colcon.colcon_cmake.task.cmake.build:Building CMake package in '/home/ubuntu/robot_ws/src/my_bot'
[2.422s] INFO:colcon.colcon_core.shell:Skip shell extension 'powershell' for command environment: Not usable outside of PowerShell
[2.423s] DEBUG:colcon.colcon_core.shell:Skip shell extension 'dsv' for command environment
[2.464s] DEBUG:colcon.colcon_core.event_handler.log_command:Invoking command in '/home/ubuntu/robot_ws/build/serial': CMAKE_PREFIX_PATH=/opt/ros/foxy /bin/cmake /home/ubuntu/robot_ws/src/serial -DAMENT_CMAKE_SYMLINK_INSTALL=1 -DCMAKE_INSTALL_PREFIX=/home/ubuntu/robot_ws/install/serial
[2.534s] DEBUG:colcon.colcon_core.event_handler.log_command:Invoking command in '/home/ubuntu/robot_ws/build/my_bot': CMAKE_PREFIX_PATH=/opt/ros/foxy /bin/cmake --build /home/ubuntu/robot_ws/build/my_bot -- -j4 -l4
[2.830s] DEBUG:colcon.colcon_core.event_handler.log_command:Invoked command in '/home/ubuntu/robot_ws/build/my_bot' returned '0': CMAKE_PREFIX_PATH=/opt/ros/foxy /bin/cmake --build /home/ubuntu/robot_ws/build/my_bot -- -j4 -l4
[2.981s] DEBUG:colcon.colcon_core.event_handler.log_command:Invoking command in '/home/ubuntu/robot_ws/build/my_bot': CMAKE_PREFIX_PATH=/opt/ros/foxy /bin/cmake --install /home/ubuntu/robot_ws/build/my_bot
[3.150s] Level 1:colcon.colcon_core.environment:create_environment_scripts_only(my_bot)
[3.155s] DEBUG:colcon.colcon_core.event_handler.log_command:Invoked command in '/home/ubuntu/robot_ws/build/my_bot' returned '0': CMAKE_PREFIX_PATH=/opt/ros/foxy /bin/cmake --install /home/ubuntu/robot_ws/build/my_bot
[3.181s] Level 1:colcon.colcon_core.environment:checking '/home/ubuntu/robot_ws/install/my_bot' for CMake module files
[3.184s] Level 1:colcon.colcon_core.environment:checking '/home/ubuntu/robot_ws/install/my_bot' for CMake config files
[3.189s] Level 1:colcon.colcon_core.shell:create_environment_hook('my_bot', 'cmake_prefix_path')
[3.190s] INFO:colcon.colcon_core.shell:Creating environment hook '/home/ubuntu/robot_ws/install/my_bot/share/my_bot/hook/cmake_prefix_path.ps1'
[3.195s] INFO:colcon.colcon_core.shell:Creating environment descriptor '/home/ubuntu/robot_ws/install/my_bot/share/my_bot/hook/cmake_prefix_path.dsv'
[3.199s] INFO:colcon.colcon_core.shell:Creating environment hook '/home/ubuntu/robot_ws/install/my_bot/share/my_bot/hook/cmake_prefix_path.sh'
[3.203s] Level 1:colcon.colcon_core.environment:checking '/home/ubuntu/robot_ws/install/my_bot/bin'
[3.204s] Level 1:colcon.colcon_core.environment:checking '/home/ubuntu/robot_ws/install/my_bot/lib/pkgconfig/my_bot.pc'
[3.205s] Level 1:colcon.colcon_core.environment:checking '/home/ubuntu/robot_ws/install/my_bot/lib/python3.8/site-packages'
[3.205s] Level 1:colcon.colcon_core.environment:checking '/home/ubuntu/robot_ws/install/my_bot/bin'
[3.207s] INFO:colcon.colcon_core.shell:Creating package script '/home/ubuntu/robot_ws/install/my_bot/share/my_bot/package.ps1'
[3.213s] INFO:colcon.colcon_core.shell:Creating package descriptor '/home/ubuntu/robot_ws/install/my_bot/share/my_bot/package.dsv'
[3.216s] INFO:colcon.colcon_core.shell:Creating package script '/home/ubuntu/robot_ws/install/my_bot/share/my_bot/package.sh'
[3.221s] INFO:colcon.colcon_core.shell:Creating package script '/home/ubuntu/robot_ws/install/my_bot/share/my_bot/package.bash'
[3.228s] INFO:colcon.colcon_core.shell:Creating package script '/home/ubuntu/robot_ws/install/my_bot/share/my_bot/package.zsh'
[3.235s] Level 1:colcon.colcon_core.environment:create_file_with_runtime_dependencies(/home/ubuntu/robot_ws/install/my_bot/share/colcon-core/packages/my_bot)
[3.346s] Level 1:colcon.colcon_core.environment:create_environment_scripts_only(my_bot)
[3.348s] Level 1:colcon.colcon_core.environment:checking '/home/ubuntu/robot_ws/install/my_bot' for CMake module files
[3.352s] Level 1:colcon.colcon_core.environment:checking '/home/ubuntu/robot_ws/install/my_bot' for CMake config files
[3.355s] Level 1:colcon.colcon_core.shell:create_environment_hook('my_bot', 'cmake_prefix_path')
[3.356s] INFO:colcon.colcon_core.shell:Creating environment hook '/home/ubuntu/robot_ws/install/my_bot/share/my_bot/hook/cmake_prefix_path.ps1'
[3.358s] INFO:colcon.colcon_core.shell:Creating environment descriptor '/home/ubuntu/robot_ws/install/my_bot/share/my_bot/hook/cmake_prefix_path.dsv'
[3.360s] INFO:colcon.colcon_core.shell:Creating environment hook '/home/ubuntu/robot_ws/install/my_bot/share/my_bot/hook/cmake_prefix_path.sh'
[3.362s] Level 1:colcon.colcon_core.environment:checking '/home/ubuntu/robot_ws/install/my_bot/bin'
[3.363s] Level 1:colcon.colcon_core.environment:checking '/home/ubuntu/robot_ws/install/my_bot/lib/pkgconfig/my_bot.pc'
[3.364s] Level 1:colcon.colcon_core.environment:checking '/home/ubuntu/robot_ws/install/my_bot/lib/python3.8/site-packages'
[3.364s] Level 1:colcon.colcon_core.environment:checking '/home/ubuntu/robot_ws/install/my_bot/bin'
[3.365s] INFO:colcon.colcon_core.shell:Creating package script '/home/ubuntu/robot_ws/install/my_bot/share/my_bot/package.ps1'
[3.368s] INFO:colcon.colcon_core.shell:Creating package descriptor '/home/ubuntu/robot_ws/install/my_bot/share/my_bot/package.dsv'
[3.369s] INFO:colcon.colcon_core.shell:Creating package script '/home/ubuntu/robot_ws/install/my_bot/share/my_bot/package.sh'
[3.371s] INFO:colcon.colcon_core.shell:Creating package script '/home/ubuntu/robot_ws/install/my_bot/share/my_bot/package.bash'
[3.374s] INFO:colcon.colcon_core.shell:Creating package script '/home/ubuntu/robot_ws/install/my_bot/share/my_bot/package.zsh'
[3.376s] Level 1:colcon.colcon_core.environment:create_file_with_runtime_dependencies(/home/ubuntu/robot_ws/install/my_bot/share/colcon-core/packages/my_bot)
[7.849s] DEBUG:colcon.colcon_core.event_handler.log_command:Invoked command in '/home/ubuntu/robot_ws/build/serial' returned '0': CMAKE_PREFIX_PATH=/opt/ros/foxy /bin/cmake /home/ubuntu/robot_ws/src/serial -DAMENT_CMAKE_SYMLINK_INSTALL=1 -DCMAKE_INSTALL_PREFIX=/home/ubuntu/robot_ws/install/serial
[7.859s] DEBUG:colcon.colcon_core.event_handler.log_command:Invoking command in '/home/ubuntu/robot_ws/build/serial': CMAKE_PREFIX_PATH=/opt/ros/foxy /bin/cmake --build /home/ubuntu/robot_ws/build/serial -- -j4 -l4
[25.896s] DEBUG:colcon.colcon_core.event_handler.log_command:Invoked command in '/home/ubuntu/robot_ws/build/serial' returned '0': CMAKE_PREFIX_PATH=/opt/ros/foxy /bin/cmake --build /home/ubuntu/robot_ws/build/serial -- -j4 -l4
[26.085s] DEBUG:colcon.colcon_core.event_handler.log_command:Invoking command in '/home/ubuntu/robot_ws/build/serial': CMAKE_PREFIX_PATH=/opt/ros/foxy /bin/cmake --install /home/ubuntu/robot_ws/build/serial
[26.883s] Level 1:colcon.colcon_core.environment:create_environment_scripts_only(serial)
[26.884s] Level 1:colcon.colcon_core.environment:checking '/home/ubuntu/robot_ws/install/serial' for CMake module files
[26.886s] DEBUG:colcon.colcon_core.event_handler.log_command:Invoked command in '/home/ubuntu/robot_ws/build/serial' returned '0': CMAKE_PREFIX_PATH=/opt/ros/foxy /bin/cmake --install /home/ubuntu/robot_ws/build/serial
[26.887s] Level 1:colcon.colcon_core.environment:checking '/home/ubuntu/robot_ws/install/serial' for CMake config files
[26.889s] Level 1:colcon.colcon_core.shell:create_environment_hook('serial', 'cmake_prefix_path')
[26.890s] INFO:colcon.colcon_core.shell:Creating environment hook '/home/ubuntu/robot_ws/install/serial/share/serial/hook/cmake_prefix_path.ps1'
[26.893s] INFO:colcon.colcon_core.shell:Creating environment descriptor '/home/ubuntu/robot_ws/install/serial/share/serial/hook/cmake_prefix_path.dsv'
[26.894s] INFO:colcon.colcon_core.shell:Creating environment hook '/home/ubuntu/robot_ws/install/serial/share/serial/hook/cmake_prefix_path.sh'
[26.897s] Level 1:colcon.colcon_core.environment:checking '/home/ubuntu/robot_ws/install/serial/lib'
[26.898s] Level 1:colcon.colcon_core.environment:checking '/home/ubuntu/robot_ws/install/serial/bin'
[26.898s] Level 1:colcon.colcon_core.environment:checking '/home/ubuntu/robot_ws/install/serial/lib/pkgconfig/serial.pc'
[26.899s] Level 1:colcon.colcon_core.environment:checking '/home/ubuntu/robot_ws/install/serial/lib/python3.8/site-packages'
[26.900s] Level 1:colcon.colcon_core.environment:checking '/home/ubuntu/robot_ws/install/serial/bin'
[26.902s] INFO:colcon.colcon_core.shell:Creating package script '/home/ubuntu/robot_ws/install/serial/share/serial/package.ps1'
[26.904s] INFO:colcon.colcon_core.shell:Creating package descriptor '/home/ubuntu/robot_ws/install/serial/share/serial/package.dsv'
[26.905s] INFO:colcon.colcon_core.shell:Creating package script '/home/ubuntu/robot_ws/install/serial/share/serial/package.sh'
[26.907s] INFO:colcon.colcon_core.shell:Creating package script '/home/ubuntu/robot_ws/install/serial/share/serial/package.bash'
[26.908s] INFO:colcon.colcon_core.shell:Creating package script '/home/ubuntu/robot_ws/install/serial/share/serial/package.zsh'
[26.909s] Level 1:colcon.colcon_core.environment:create_file_with_runtime_dependencies(/home/ubuntu/robot_ws/install/serial/share/colcon-core/packages/serial)
[27.079s] Level 1:colcon.colcon_core.environment:create_environment_scripts_only(serial)
[27.080s] Level 1:colcon.colcon_core.environment:checking '/home/ubuntu/robot_ws/install/serial' for CMake module files
[27.083s] Level 1:colcon.colcon_core.environment:checking '/home/ubuntu/robot_ws/install/serial' for CMake config files
[27.086s] Level 1:colcon.colcon_core.shell:create_environment_hook('serial', 'cmake_prefix_path')
[27.087s] INFO:colcon.colcon_core.shell:Creating environment hook '/home/ubuntu/robot_ws/install/serial/share/serial/hook/cmake_prefix_path.ps1'
[27.089s] INFO:colcon.colcon_core.shell:Creating environment descriptor '/home/ubuntu/robot_ws/install/serial/share/serial/hook/cmake_prefix_path.dsv'
[27.091s] INFO:colcon.colcon_core.shell:Creating environment hook '/home/ubuntu/robot_ws/install/serial/share/serial/hook/cmake_prefix_path.sh'
[27.093s] Level 1:colcon.colcon_core.environment:checking '/home/ubuntu/robot_ws/install/serial/lib'
[27.094s] Level 1:colcon.colcon_core.environment:checking '/home/ubuntu/robot_ws/install/serial/bin'
[27.094s] Level 1:colcon.colcon_core.environment:checking '/home/ubuntu/robot_ws/install/serial/lib/pkgconfig/serial.pc'
[27.095s] Level 1:colcon.colcon_core.environment:checking '/home/ubuntu/robot_ws/install/serial/lib/python3.8/site-packages'
[27.096s] Level 1:colcon.colcon_core.environment:checking '/home/ubuntu/robot_ws/install/serial/bin'
[27.097s] INFO:colcon.colcon_core.shell:Creating package script '/home/ubuntu/robot_ws/install/serial/share/serial/package.ps1'
[27.099s] INFO:colcon.colcon_core.shell:Creating package descriptor '/home/ubuntu/robot_ws/install/serial/share/serial/package.dsv'
[27.101s] INFO:colcon.colcon_core.shell:Creating package script '/home/ubuntu/robot_ws/install/serial/share/serial/package.sh'
[27.103s] INFO:colcon.colcon_core.shell:Creating package script '/home/ubuntu/robot_ws/install/serial/share/serial/package.bash'
[27.104s] INFO:colcon.colcon_core.shell:Creating package script '/home/ubuntu/robot_ws/install/serial/share/serial/package.zsh'
[27.106s] Level 1:colcon.colcon_core.environment:create_file_with_runtime_dependencies(/home/ubuntu/robot_ws/install/serial/share/colcon-core/packages/serial)
[27.107s] INFO:colcon.colcon_ros.task.ament_cmake.build:Building ROS package in '/home/ubuntu/robot_ws/src/diffdrive_arduino' with build type 'ament_cmake'
[27.108s] INFO:colcon.colcon_cmake.task.cmake.build:Building CMake package in '/home/ubuntu/robot_ws/src/diffdrive_arduino'
[27.109s] INFO:colcon.colcon_core.shell:Skip shell extension 'powershell' for command environment: Not usable outside of PowerShell
[27.109s] DEBUG:colcon.colcon_core.shell:Skip shell extension 'dsv' for command environment
[27.170s] DEBUG:colcon.colcon_core.event_handler.log_command:Invoking command in '/home/ubuntu/robot_ws/build/diffdrive_arduino': AMENT_PREFIX_PATH=/home/ubuntu/robot_ws/install/serial:${AMENT_PREFIX_PATH} CMAKE_PREFIX_PATH=/home/ubuntu/robot_ws/install/serial:/opt/ros/foxy LD_LIBRARY_PATH=/home/ubuntu/robot_ws/install/serial/lib:${LD_LIBRARY_PATH} /bin/cmake /home/ubuntu/robot_ws/src/diffdrive_arduino -DAMENT_CMAKE_SYMLINK_INSTALL=1 -DCMAKE_INSTALL_PREFIX=/home/ubuntu/robot_ws/install/diffdrive_arduino
[38.443s] DEBUG:colcon.colcon_core.event_handler.log_command:Invoked command in '/home/ubuntu/robot_ws/build/diffdrive_arduino' returned '0': AMENT_PREFIX_PATH=/home/ubuntu/robot_ws/install/serial:${AMENT_PREFIX_PATH} CMAKE_PREFIX_PATH=/home/ubuntu/robot_ws/install/serial:/opt/ros/foxy LD_LIBRARY_PATH=/home/ubuntu/robot_ws/install/serial/lib:${LD_LIBRARY_PATH} /bin/cmake /home/ubuntu/robot_ws/src/diffdrive_arduino -DAMENT_CMAKE_SYMLINK_INSTALL=1 -DCMAKE_INSTALL_PREFIX=/home/ubuntu/robot_ws/install/diffdrive_arduino
[38.452s] DEBUG:colcon.colcon_core.event_handler.log_command:Invoking command in '/home/ubuntu/robot_ws/build/diffdrive_arduino': AMENT_PREFIX_PATH=/home/ubuntu/robot_ws/install/serial:${AMENT_PREFIX_PATH} CMAKE_PREFIX_PATH=/home/ubuntu/robot_ws/install/serial:/opt/ros/foxy LD_LIBRARY_PATH=/home/ubuntu/robot_ws/install/serial/lib:${LD_LIBRARY_PATH} /bin/cmake --build /home/ubuntu/robot_ws/build/diffdrive_arduino -- -j4 -l4
[52.864s] DEBUG:colcon.colcon_core.event_handler.log_command:Invoked command in '/home/ubuntu/robot_ws/build/diffdrive_arduino' returned '0': AMENT_PREFIX_PATH=/home/ubuntu/robot_ws/install/serial:${AMENT_PREFIX_PATH} CMAKE_PREFIX_PATH=/home/ubuntu/robot_ws/install/serial:/opt/ros/foxy LD_LIBRARY_PATH=/home/ubuntu/robot_ws/install/serial/lib:${LD_LIBRARY_PATH} /bin/cmake --build /home/ubuntu/robot_ws/build/diffdrive_arduino -- -j4 -l4
[53.040s] DEBUG:colcon.colcon_core.event_handler.log_command:Invoking command in '/home/ubuntu/robot_ws/build/diffdrive_arduino': AMENT_PREFIX_PATH=/home/ubuntu/robot_ws/install/serial:${AMENT_PREFIX_PATH} CMAKE_PREFIX_PATH=/home/ubuntu/robot_ws/install/serial:/opt/ros/foxy LD_LIBRARY_PATH=/home/ubuntu/robot_ws/install/serial/lib:${LD_LIBRARY_PATH} /bin/cmake --install /home/ubuntu/robot_ws/build/diffdrive_arduino
[54.055s] Level 1:colcon.colcon_core.environment:create_environment_scripts_only(diffdrive_arduino)
[54.057s] Level 1:colcon.colcon_core.environment:checking '/home/ubuntu/robot_ws/install/diffdrive_arduino' for CMake module files
[54.060s] DEBUG:colcon.colcon_core.event_handler.log_command:Invoked command in '/home/ubuntu/robot_ws/build/diffdrive_arduino' returned '0': AMENT_PREFIX_PATH=/home/ubuntu/robot_ws/install/serial:${AMENT_PREFIX_PATH} CMAKE_PREFIX_PATH=/home/ubuntu/robot_ws/install/serial:/opt/ros/foxy LD_LIBRARY_PATH=/home/ubuntu/robot_ws/install/serial/lib:${LD_LIBRARY_PATH} /bin/cmake --install /home/ubuntu/robot_ws/build/diffdrive_arduino
[54.064s] Level 1:colcon.colcon_core.environment:checking '/home/ubuntu/robot_ws/install/diffdrive_arduino' for CMake config files
[54.066s] Level 1:colcon.colcon_core.shell:create_environment_hook('diffdrive_arduino', 'cmake_prefix_path')
[54.068s] INFO:colcon.colcon_core.shell:Creating environment hook '/home/ubuntu/robot_ws/install/diffdrive_arduino/share/diffdrive_arduino/hook/cmake_prefix_path.ps1'
[54.070s] INFO:colcon.colcon_core.shell:Creating environment descriptor '/home/ubuntu/robot_ws/install/diffdrive_arduino/share/diffdrive_arduino/hook/cmake_prefix_path.dsv'
[54.072s] INFO:colcon.colcon_core.shell:Creating environment hook '/home/ubuntu/robot_ws/install/diffdrive_arduino/share/diffdrive_arduino/hook/cmake_prefix_path.sh'
[54.074s] Level 1:colcon.colcon_core.environment:checking '/home/ubuntu/robot_ws/install/diffdrive_arduino/lib'
[54.074s] Level 1:colcon.colcon_core.shell:create_environment_hook('diffdrive_arduino', 'ld_library_path_lib')
[54.075s] INFO:colcon.colcon_core.shell:Creating environment hook '/home/ubuntu/robot_ws/install/diffdrive_arduino/share/diffdrive_arduino/hook/ld_library_path_lib.ps1'
[54.076s] INFO:colcon.colcon_core.shell:Creating environment descriptor '/home/ubuntu/robot_ws/install/diffdrive_arduino/share/diffdrive_arduino/hook/ld_library_path_lib.dsv'
[54.077s] INFO:colcon.colcon_core.shell:Creating environment hook '/home/ubuntu/robot_ws/install/diffdrive_arduino/share/diffdrive_arduino/hook/ld_library_path_lib.sh'
[54.079s] Level 1:colcon.colcon_core.environment:checking '/home/ubuntu/robot_ws/install/diffdrive_arduino/bin'
[54.079s] Level 1:colcon.colcon_core.environment:checking '/home/ubuntu/robot_ws/install/diffdrive_arduino/lib/pkgconfig/diffdrive_arduino.pc'
[54.080s] Level 1:colcon.colcon_core.environment:checking '/home/ubuntu/robot_ws/install/diffdrive_arduino/lib/python3.8/site-packages'
[54.081s] Level 1:colcon.colcon_core.environment:checking '/home/ubuntu/robot_ws/install/diffdrive_arduino/bin'
[54.082s] INFO:colcon.colcon_core.shell:Creating package script '/home/ubuntu/robot_ws/install/diffdrive_arduino/share/diffdrive_arduino/package.ps1'
[54.084s] INFO:colcon.colcon_core.shell:Creating package descriptor '/home/ubuntu/robot_ws/install/diffdrive_arduino/share/diffdrive_arduino/package.dsv'
[54.085s] INFO:colcon.colcon_core.shell:Creating package script '/home/ubuntu/robot_ws/install/diffdrive_arduino/share/diffdrive_arduino/package.sh'
[54.087s] INFO:colcon.colcon_core.shell:Creating package script '/home/ubuntu/robot_ws/install/diffdrive_arduino/share/diffdrive_arduino/package.bash'
[54.088s] INFO:colcon.colcon_core.shell:Creating package script '/home/ubuntu/robot_ws/install/diffdrive_arduino/share/diffdrive_arduino/package.zsh'
[54.089s] Level 1:colcon.colcon_core.environment:create_file_with_runtime_dependencies(/home/ubuntu/robot_ws/install/diffdrive_arduino/share/colcon-core/packages/diffdrive_arduino)
[54.243s] Level 1:colcon.colcon_core.environment:create_environment_scripts_only(diffdrive_arduino)
[54.244s] Level 1:colcon.colcon_core.environment:checking '/home/ubuntu/robot_ws/install/diffdrive_arduino' for CMake module files
[54.248s] Level 1:colcon.colcon_core.environment:checking '/home/ubuntu/robot_ws/install/diffdrive_arduino' for CMake config files
[54.251s] Level 1:colcon.colcon_core.shell:create_environment_hook('diffdrive_arduino', 'cmake_prefix_path')
[54.252s] INFO:colcon.colcon_core.shell:Creating environment hook '/home/ubuntu/robot_ws/install/diffdrive_arduino/share/diffdrive_arduino/hook/cmake_prefix_path.ps1'
[54.254s] INFO:colcon.colcon_core.shell:Creating environment descriptor '/home/ubuntu/robot_ws/install/diffdrive_arduino/share/diffdrive_arduino/hook/cmake_prefix_path.dsv'
[54.256s] INFO:colcon.colcon_core.shell:Creating environment hook '/home/ubuntu/robot_ws/install/diffdrive_arduino/share/diffdrive_arduino/hook/cmake_prefix_path.sh'
[54.260s] Level 1:colcon.colcon_core.environment:checking '/home/ubuntu/robot_ws/install/diffdrive_arduino/lib'
[54.261s] Level 1:colcon.colcon_core.shell:create_environment_hook('diffdrive_arduino', 'ld_library_path_lib')
[54.262s] INFO:colcon.colcon_core.shell:Creating environment hook '/home/ubuntu/robot_ws/install/diffdrive_arduino/share/diffdrive_arduino/hook/ld_library_path_lib.ps1'
[54.264s] INFO:colcon.colcon_core.shell:Creating environment descriptor '/home/ubuntu/robot_ws/install/diffdrive_arduino/share/diffdrive_arduino/hook/ld_library_path_lib.dsv'
[54.265s] INFO:colcon.colcon_core.shell:Creating environment hook '/home/ubuntu/robot_ws/install/diffdrive_arduino/share/diffdrive_arduino/hook/ld_library_path_lib.sh'
[54.267s] Level 1:colcon.colcon_core.environment:checking '/home/ubuntu/robot_ws/install/diffdrive_arduino/bin'
[54.267s] Level 1:colcon.colcon_core.environment:checking '/home/ubuntu/robot_ws/install/diffdrive_arduino/lib/pkgconfig/diffdrive_arduino.pc'
[54.268s] Level 1:colcon.colcon_core.environment:checking '/home/ubuntu/robot_ws/install/diffdrive_arduino/lib/python3.8/site-packages'
[54.268s] Level 1:colcon.colcon_core.environment:checking '/home/ubuntu/robot_ws/install/diffdrive_arduino/bin'
[54.269s] INFO:colcon.colcon_core.shell:Creating package script '/home/ubuntu/robot_ws/install/diffdrive_arduino/share/diffdrive_arduino/package.ps1'
[54.272s] INFO:colcon.colcon_core.shell:Creating package descriptor '/home/ubuntu/robot_ws/install/diffdrive_arduino/share/diffdrive_arduino/package.dsv'
[54.274s] INFO:colcon.colcon_core.shell:Creating package script '/home/ubuntu/robot_ws/install/diffdrive_arduino/share/diffdrive_arduino/package.sh'
[54.276s] INFO:colcon.colcon_core.shell:Creating package script '/home/ubuntu/robot_ws/install/diffdrive_arduino/share/diffdrive_arduino/package.bash'
[54.277s] INFO:colcon.colcon_core.shell:Creating package script '/home/ubuntu/robot_ws/install/diffdrive_arduino/share/diffdrive_arduino/package.zsh'
[54.279s] Level 1:colcon.colcon_core.environment:create_file_with_runtime_dependencies(/home/ubuntu/robot_ws/install/diffdrive_arduino/share/colcon-core/packages/diffdrive_arduino)
[54.281s] DEBUG:colcon.colcon_parallel_executor.executor.parallel:closing loop
[54.282s] DEBUG:colcon.colcon_parallel_executor.executor.parallel:loop closed
[54.282s] DEBUG:colcon.colcon_parallel_executor.executor.parallel:run_until_complete finished with '0'
[54.282s] DEBUG:colcon.colcon_core.event_reactor:joining thread
[54.316s] INFO:colcon.colcon_core.plugin_system:Skipping extension 'colcon_notification.desktop_notification.terminal_notifier': Not used on non-Darwin systems
[54.316s] INFO:colcon.colcon_core.plugin_system:Skipping extension 'colcon_notification.desktop_notification.win32': Not used on non-Windows systems
[54.316s] INFO:colcon.colcon_notification.desktop_notification:Sending desktop notification using 'notify2'
[54.411s] DEBUG:colcon.colcon_core.event_reactor:joined thread
[54.412s] INFO:colcon.colcon_core.shell:Creating prefix script '/home/ubuntu/robot_ws/install/local_setup.ps1'
[54.417s] INFO:colcon.colcon_core.shell:Creating prefix util module '/home/ubuntu/robot_ws/install/_local_setup_util_ps1.py'
[54.424s] INFO:colcon.colcon_core.shell:Creating prefix chain script '/home/ubuntu/robot_ws/install/setup.ps1'
[54.432s] INFO:colcon.colcon_core.shell:Creating prefix script '/home/ubuntu/robot_ws/install/local_setup.sh'
[54.436s] INFO:colcon.colcon_core.shell:Creating prefix util module '/home/ubuntu/robot_ws/install/_local_setup_util_sh.py'
[54.439s] INFO:colcon.colcon_core.shell:Creating prefix chain script '/home/ubuntu/robot_ws/install/setup.sh'
[54.444s] INFO:colcon.colcon_core.shell:Creating prefix script '/home/ubuntu/robot_ws/install/local_setup.bash'
[54.448s] INFO:colcon.colcon_core.shell:Creating prefix chain script '/home/ubuntu/robot_ws/install/setup.bash'
[54.453s] INFO:colcon.colcon_core.shell:Creating prefix script '/home/ubuntu/robot_ws/install/local_setup.zsh'
[54.457s] INFO:colcon.colcon_core.shell:Creating prefix chain script '/home/ubuntu/robot_ws/install/setup.zsh'
