[0.084s] Invoking command in '/home/ubuntu/robot_ws/build/diffdrive_arduino': AMENT_PREFIX_PATH=/home/ubuntu/robot_ws/install/serial:${AMENT_PREFIX_PATH} CMAKE_PREFIX_PATH=/home/ubuntu/robot_ws/install/serial:/opt/ros/foxy LD_LIBRARY_PATH=/home/ubuntu/robot_ws/install/serial/lib:${LD_LIBRARY_PATH} /bin/cmake --build /home/ubuntu/robot_ws/build/diffdrive_arduino -- -j4 -l4
[0.602s] [ 42%] Built target fake_robot
[0.849s] [100%] Built target diffdrive_arduino
[0.933s] Invoked command in '/home/ubuntu/robot_ws/build/diffdrive_arduino' returned '0': AMENT_PREFIX_PATH=/home/ubuntu/robot_ws/install/serial:${AMENT_PREFIX_PATH} CMAKE_PREFIX_PATH=/home/ubuntu/robot_ws/install/serial:/opt/ros/foxy LD_LIBRARY_PATH=/home/ubuntu/robot_ws/install/serial/lib:${LD_LIBRARY_PATH} /bin/cmake --build /home/ubuntu/robot_ws/build/diffdrive_arduino -- -j4 -l4
[1.295s] Invoking command in '/home/ubuntu/robot_ws/build/diffdrive_arduino': AMENT_PREFIX_PATH=/home/ubuntu/robot_ws/install/serial:${AMENT_PREFIX_PATH} CMAKE_PREFIX_PATH=/home/ubuntu/robot_ws/install/serial:/opt/ros/foxy LD_LIBRARY_PATH=/home/ubuntu/robot_ws/install/serial/lib:${LD_LIBRARY_PATH} /bin/cmake --install /home/ubuntu/robot_ws/build/diffdrive_arduino
[1.371s] -- Install configuration: ""
[1.373s] -- Execute custom install script
[1.376s] -- Up-to-date symlink: /home/ubuntu/robot_ws/install/diffdrive_arduino/share/diffdrive_arduino//robot_hardware.xml
[1.378s] -- Up-to-date symlink: /home/ubuntu/robot_ws/install/diffdrive_arduino/share/diffdrive_arduino//fake_robot_hardware.xml
[1.382s] -- Up-to-date symlink: /home/ubuntu/robot_ws/install/diffdrive_arduino/lib/libdiffdrive_arduino.so
[1.386s] -- Up-to-date symlink: /home/ubuntu/robot_ws/install/diffdrive_arduino/lib/libfake_robot.so
[1.401s] -- Up-to-date symlink: /home/ubuntu/robot_ws/install/diffdrive_arduino/share/diffdrive_arduino/controllers/robot_controller_example.yaml
[1.402s] -- Up-to-date symlink: /home/ubuntu/robot_ws/install/diffdrive_arduino/share/diffdrive_arduino/fake_robot.launch.py
[1.403s] -- Up-to-date symlink: /home/ubuntu/robot_ws/install/diffdrive_arduino/share/diffdrive_arduino/test_robot.launch.py
[1.408s] -- Up-to-date symlink: /home/ubuntu/robot_ws/install/diffdrive_arduino/share/diffdrive_arduino/environment/library_path.sh
[1.410s] -- Up-to-date symlink: /home/ubuntu/robot_ws/install/diffdrive_arduino/share/diffdrive_arduino/environment/library_path.dsv
[1.413s] -- Up-to-date symlink: /home/ubuntu/robot_ws/install/diffdrive_arduino/share/ament_index/resource_index/package_run_dependencies/diffdrive_arduino
[1.419s] -- Up-to-date symlink: /home/ubuntu/robot_ws/install/diffdrive_arduino/share/ament_index/resource_index/parent_prefix_path/diffdrive_arduino
[1.420s] -- Up-to-date symlink: /home/ubuntu/robot_ws/install/diffdrive_arduino/share/diffdrive_arduino/environment/ament_prefix_path.sh
[1.420s] -- Up-to-date symlink: /home/ubuntu/robot_ws/install/diffdrive_arduino/share/diffdrive_arduino/environment/ament_prefix_path.dsv
[1.421s] -- Up-to-date symlink: /home/ubuntu/robot_ws/install/diffdrive_arduino/share/diffdrive_arduino/environment/path.sh
[1.425s] -- Up-to-date symlink: /home/ubuntu/robot_ws/install/diffdrive_arduino/share/diffdrive_arduino/environment/path.dsv
[1.426s] -- Up-to-date symlink: /home/ubuntu/robot_ws/install/diffdrive_arduino/share/diffdrive_arduino/local_setup.bash
[1.427s] -- Up-to-date symlink: /home/ubuntu/robot_ws/install/diffdrive_arduino/share/diffdrive_arduino/local_setup.sh
[1.431s] -- Up-to-date symlink: /home/ubuntu/robot_ws/install/diffdrive_arduino/share/diffdrive_arduino/local_setup.zsh
[1.440s] -- Up-to-date symlink: /home/ubuntu/robot_ws/install/diffdrive_arduino/share/diffdrive_arduino/local_setup.dsv
[1.440s] -- Symlinking: /home/ubuntu/robot_ws/install/diffdrive_arduino/share/diffdrive_arduino/package.dsv
[1.483s] -- Up-to-date symlink: /home/ubuntu/robot_ws/install/diffdrive_arduino/share/ament_index/resource_index/packages/diffdrive_arduino
[1.485s] -- Up-to-date symlink: /home/ubuntu/robot_ws/install/diffdrive_arduino/share/ament_index/resource_index/hardware_interface__pluginlib__plugin/diffdrive_arduino
[1.488s] -- Up-to-date symlink: /home/ubuntu/robot_ws/install/diffdrive_arduino/share/diffdrive_arduino/cmake/ament_cmake_export_libraries-extras.cmake
[1.490s] -- Up-to-date symlink: /home/ubuntu/robot_ws/install/diffdrive_arduino/share/diffdrive_arduino/cmake/ament_cmake_export_dependencies-extras.cmake
[1.491s] -- Up-to-date symlink: /home/ubuntu/robot_ws/install/diffdrive_arduino/share/diffdrive_arduino/cmake/diffdrive_arduinoConfig.cmake
[1.492s] -- Up-to-date symlink: /home/ubuntu/robot_ws/install/diffdrive_arduino/share/diffdrive_arduino/cmake/diffdrive_arduinoConfig-version.cmake
[1.495s] -- Up-to-date symlink: /home/ubuntu/robot_ws/install/diffdrive_arduino/share/diffdrive_arduino/package.xml
[1.512s] Invoked command in '/home/ubuntu/robot_ws/build/diffdrive_arduino' returned '0': AMENT_PREFIX_PATH=/home/ubuntu/robot_ws/install/serial:${AMENT_PREFIX_PATH} CMAKE_PREFIX_PATH=/home/ubuntu/robot_ws/install/serial:/opt/ros/foxy LD_LIBRARY_PATH=/home/ubuntu/robot_ws/install/serial/lib:${LD_LIBRARY_PATH} /bin/cmake --install /home/ubuntu/robot_ws/build/diffdrive_arduino
