[0.063s] Invoking command in '/home/ubuntu/robot_ws/build/my_bot': CMAKE_PREFIX_PATH=/opt/ros/foxy /bin/cmake --build /home/ubuntu/robot_ws/build/my_bot -- -j4 -l4
[0.223s] Invoked command in '/home/ubuntu/robot_ws/build/my_bot' returned '0': CMAKE_PREFIX_PATH=/opt/ros/foxy /bin/cmake --build /home/ubuntu/robot_ws/build/my_bot -- -j4 -l4
[0.372s] Invoking command in '/home/ubuntu/robot_ws/build/my_bot': CMAKE_PREFIX_PATH=/opt/ros/foxy /bin/cmake --install /home/ubuntu/robot_ws/build/my_bot
[0.405s] -- Install configuration: ""
[0.407s] -- Execute custom install script
[0.409s] -- Up-to-date symlink: /home/ubuntu/robot_ws/install/my_bot/share/my_bot/config/empty.yaml
[0.411s] -- Up-to-date symlink: /home/ubuntu/robot_ws/install/my_bot/share/my_bot/description/inertial_macros.xacro
[0.412s] -- Up-to-date symlink: /home/ubuntu/robot_ws/install/my_bot/share/my_bot/description/lidar.xacro
[0.412s] -- Up-to-date symlink: /home/ubuntu/robot_ws/install/my_bot/share/my_bot/description/robot.urdf.xacro
[0.413s] -- Up-to-date symlink: /home/ubuntu/robot_ws/install/my_bot/share/my_bot/description/robot_core.xacro
[0.415s] -- Up-to-date symlink: /home/ubuntu/robot_ws/install/my_bot/share/my_bot/launch/rplidar.launch.py
[0.416s] -- Up-to-date symlink: /home/ubuntu/robot_ws/install/my_bot/share/my_bot/launch/rsp.launch.py
[0.417s] -- Up-to-date symlink: /home/ubuntu/robot_ws/install/my_bot/share/my_bot/worlds/empty.world
[0.419s] -- Up-to-date symlink: /home/ubuntu/robot_ws/install/my_bot/share/ament_index/resource_index/package_run_dependencies/my_bot
[0.420s] -- Up-to-date symlink: /home/ubuntu/robot_ws/install/my_bot/share/ament_index/resource_index/parent_prefix_path/my_bot
[0.422s] -- Up-to-date symlink: /home/ubuntu/robot_ws/install/my_bot/share/my_bot/environment/ament_prefix_path.sh
[0.423s] -- Up-to-date symlink: /home/ubuntu/robot_ws/install/my_bot/share/my_bot/environment/ament_prefix_path.dsv
[0.424s] -- Up-to-date symlink: /home/ubuntu/robot_ws/install/my_bot/share/my_bot/environment/path.sh
[0.425s] -- Up-to-date symlink: /home/ubuntu/robot_ws/install/my_bot/share/my_bot/environment/path.dsv
[0.427s] -- Up-to-date symlink: /home/ubuntu/robot_ws/install/my_bot/share/my_bot/local_setup.bash
[0.428s] -- Up-to-date symlink: /home/ubuntu/robot_ws/install/my_bot/share/my_bot/local_setup.sh
[0.429s] -- Up-to-date symlink: /home/ubuntu/robot_ws/install/my_bot/share/my_bot/local_setup.zsh
[0.431s] -- Up-to-date symlink: /home/ubuntu/robot_ws/install/my_bot/share/my_bot/local_setup.dsv
[0.431s] -- Symlinking: /home/ubuntu/robot_ws/install/my_bot/share/my_bot/package.dsv
[0.469s] -- Up-to-date symlink: /home/ubuntu/robot_ws/install/my_bot/share/ament_index/resource_index/packages/my_bot
[0.470s] -- Up-to-date symlink: /home/ubuntu/robot_ws/install/my_bot/share/my_bot/cmake/my_botConfig.cmake
[0.471s] -- Up-to-date symlink: /home/ubuntu/robot_ws/install/my_bot/share/my_bot/cmake/my_botConfig-version.cmake
[0.472s] -- Up-to-date symlink: /home/ubuntu/robot_ws/install/my_bot/share/my_bot/package.xml
[0.479s] Invoked command in '/home/ubuntu/robot_ws/build/my_bot' returned '0': CMAKE_PREFIX_PATH=/opt/ros/foxy /bin/cmake --install /home/ubuntu/robot_ws/build/my_bot
