[0.141s] Invoking command in '/home/ubuntu/robot_ws/build/my_bot': CMAKE_PREFIX_PATH=${CMAKE_PREFIX_PATH}:/opt/ros/foxy /bin/cmake --build /home/ubuntu/robot_ws/build/my_bot -- -j4 -l4
[0.531s] Invoked command in '/home/ubuntu/robot_ws/build/my_bot' returned '0': CMAKE_PREFIX_PATH=${CMAKE_PREFIX_PATH}:/opt/ros/foxy /bin/cmake --build /home/ubuntu/robot_ws/build/my_bot -- -j4 -l4
[0.758s] Invoking command in '/home/ubuntu/robot_ws/build/my_bot': CMAKE_PREFIX_PATH=${CMAKE_PREFIX_PATH}:/opt/ros/foxy /bin/cmake --install /home/ubuntu/robot_ws/build/my_bot
[0.797s] -- Install configuration: ""
[0.800s] -- Execute custom install script
[0.812s] -- Up-to-date symlink: /home/ubuntu/robot_ws/install/my_bot/share/my_bot/config/empty.yaml
[0.813s] -- Up-to-date symlink: /home/ubuntu/robot_ws/install/my_bot/share/my_bot/config/mapper_params_online_async.yaml
[0.813s] -- Up-to-date symlink: /home/ubuntu/robot_ws/install/my_bot/share/my_bot/config/my_controllers.yaml
[0.814s] -- Symlinking: /home/ubuntu/robot_ws/install/my_bot/share/my_bot/config/nav2_params.yaml
[0.850s] -- Symlinking: /home/ubuntu/robot_ws/install/my_bot/share/my_bot/config/twist_mux.yaml
[0.886s] -- Up-to-date symlink: /home/ubuntu/robot_ws/install/my_bot/share/my_bot/description/inertial_macros.xacro
[0.887s] -- Up-to-date symlink: /home/ubuntu/robot_ws/install/my_bot/share/my_bot/description/lidar.xacro
[0.888s] -- Up-to-date symlink: /home/ubuntu/robot_ws/install/my_bot/share/my_bot/description/robot.urdf.xacro
[0.889s] -- Up-to-date symlink: /home/ubuntu/robot_ws/install/my_bot/share/my_bot/description/robot_core.xacro
[0.892s] -- Up-to-date symlink: /home/ubuntu/robot_ws/install/my_bot/share/my_bot/description/ros2_control.xacro
[0.894s] -- Symlinking: /home/ubuntu/robot_ws/install/my_bot/share/my_bot/launch/joystick.launch.py
[0.934s] -- Up-to-date symlink: /home/ubuntu/robot_ws/install/my_bot/share/my_bot/launch/launch_robot.launch.py
[0.936s] -- Symlinking: /home/ubuntu/robot_ws/install/my_bot/share/my_bot/launch/localization_launch.py
[0.972s] -- Symlinking: /home/ubuntu/robot_ws/install/my_bot/share/my_bot/launch/navigation_launch.py
[1.014s] -- Symlinking: /home/ubuntu/robot_ws/install/my_bot/share/my_bot/launch/online_async_launch.py
[1.065s] -- Up-to-date symlink: /home/ubuntu/robot_ws/install/my_bot/share/my_bot/launch/rplidar.launch.py
[1.066s] -- Up-to-date symlink: /home/ubuntu/robot_ws/install/my_bot/share/my_bot/launch/rsp.launch.py
[1.067s] -- Up-to-date symlink: /home/ubuntu/robot_ws/install/my_bot/share/my_bot/worlds/empty.world
[1.067s] -- Up-to-date symlink: /home/ubuntu/robot_ws/install/my_bot/share/ament_index/resource_index/package_run_dependencies/my_bot
[1.068s] -- Up-to-date symlink: /home/ubuntu/robot_ws/install/my_bot/share/ament_index/resource_index/parent_prefix_path/my_bot
[1.068s] -- Up-to-date symlink: /home/ubuntu/robot_ws/install/my_bot/share/my_bot/environment/ament_prefix_path.sh
[1.069s] -- Up-to-date symlink: /home/ubuntu/robot_ws/install/my_bot/share/my_bot/environment/ament_prefix_path.dsv
[1.069s] -- Up-to-date symlink: /home/ubuntu/robot_ws/install/my_bot/share/my_bot/environment/path.sh
[1.070s] -- Up-to-date symlink: /home/ubuntu/robot_ws/install/my_bot/share/my_bot/environment/path.dsv
[1.073s] -- Up-to-date symlink: /home/ubuntu/robot_ws/install/my_bot/share/my_bot/local_setup.bash
[1.074s] -- Up-to-date symlink: /home/ubuntu/robot_ws/install/my_bot/share/my_bot/local_setup.sh
[1.074s] -- Up-to-date symlink: /home/ubuntu/robot_ws/install/my_bot/share/my_bot/local_setup.zsh
[1.075s] -- Up-to-date symlink: /home/ubuntu/robot_ws/install/my_bot/share/my_bot/local_setup.dsv
[1.075s] -- Symlinking: /home/ubuntu/robot_ws/install/my_bot/share/my_bot/package.dsv
[1.113s] -- Up-to-date symlink: /home/ubuntu/robot_ws/install/my_bot/share/ament_index/resource_index/packages/my_bot
[1.114s] -- Up-to-date symlink: /home/ubuntu/robot_ws/install/my_bot/share/my_bot/cmake/my_botConfig.cmake
[1.115s] -- Up-to-date symlink: /home/ubuntu/robot_ws/install/my_bot/share/my_bot/cmake/my_botConfig-version.cmake
[1.116s] -- Up-to-date symlink: /home/ubuntu/robot_ws/install/my_bot/share/my_bot/package.xml
[1.124s] Invoked command in '/home/ubuntu/robot_ws/build/my_bot' returned '0': CMAKE_PREFIX_PATH=${CMAKE_PREFIX_PATH}:/opt/ros/foxy /bin/cmake --install /home/ubuntu/robot_ws/build/my_bot
