[0.128s] Invoking command in '/home/ubuntu/robot_ws/build/serial': CMAKE_PREFIX_PATH=${CMAKE_PREFIX_PATH}:/opt/ros/foxy /bin/cmake --build /home/ubuntu/robot_ws/build/serial -- -j4 -l4
[0.564s] [ 14%] Built target gtest
[0.570s] [ 28%] Built target gtest_main
[0.576s] [ 57%] Built target serial
[0.698s] [ 71%] Built target serial-test-timer
[0.706s] [ 85%] Built target serial_example
[0.713s] [100%] Built target serial-test
[0.761s] Invoked command in '/home/ubuntu/robot_ws/build/serial' returned '0': CMAKE_PREFIX_PATH=${CMAKE_PREFIX_PATH}:/opt/ros/foxy /bin/cmake --build /home/ubuntu/robot_ws/build/serial -- -j4 -l4
[0.952s] Invoking command in '/home/ubuntu/robot_ws/build/serial': CMAKE_PREFIX_PATH=${CMAKE_PREFIX_PATH}:/opt/ros/foxy /bin/cmake --install /home/ubuntu/robot_ws/build/serial
[0.991s] -- Install configuration: ""
[0.993s] -- Execute custom install script
[0.996s] -- Up-to-date symlink: /home/ubuntu/robot_ws/install/serial/lib/libserial.a
[0.997s] -- Up-to-date symlink: /home/ubuntu/robot_ws/install/serial/include/serial/serial.h
[0.999s] -- Up-to-date symlink: /home/ubuntu/robot_ws/install/serial/include/serial/v8stdint.h
[1.000s] -- Up-to-date symlink: /home/ubuntu/robot_ws/install/serial/share/serial/environment/library_path.sh
[1.002s] -- Up-to-date symlink: /home/ubuntu/robot_ws/install/serial/share/serial/environment/library_path.dsv
[1.004s] -- Up-to-date symlink: /home/ubuntu/robot_ws/install/serial/share/ament_index/resource_index/package_run_dependencies/serial
[1.006s] -- Up-to-date symlink: /home/ubuntu/robot_ws/install/serial/share/ament_index/resource_index/parent_prefix_path/serial
[1.009s] -- Up-to-date symlink: /home/ubuntu/robot_ws/install/serial/share/serial/environment/ament_prefix_path.sh
[1.014s] -- Up-to-date symlink: /home/ubuntu/robot_ws/install/serial/share/serial/environment/ament_prefix_path.dsv
[1.014s] -- Up-to-date symlink: /home/ubuntu/robot_ws/install/serial/share/serial/environment/path.sh
[1.018s] -- Up-to-date symlink: /home/ubuntu/robot_ws/install/serial/share/serial/environment/path.dsv
[1.018s] -- Up-to-date symlink: /home/ubuntu/robot_ws/install/serial/share/serial/local_setup.bash
[1.020s] -- Up-to-date symlink: /home/ubuntu/robot_ws/install/serial/share/serial/local_setup.sh
[1.022s] -- Up-to-date symlink: /home/ubuntu/robot_ws/install/serial/share/serial/local_setup.zsh
[1.023s] -- Up-to-date symlink: /home/ubuntu/robot_ws/install/serial/share/serial/local_setup.dsv
[1.024s] -- Symlinking: /home/ubuntu/robot_ws/install/serial/share/serial/package.dsv
[1.067s] -- Up-to-date symlink: /home/ubuntu/robot_ws/install/serial/share/ament_index/resource_index/packages/serial
[1.070s] -- Up-to-date symlink: /home/ubuntu/robot_ws/install/serial/share/serial/cmake/ament_cmake_export_include_directories-extras.cmake
[1.074s] -- Up-to-date symlink: /home/ubuntu/robot_ws/install/serial/share/serial/cmake/ament_cmake_export_libraries-extras.cmake
[1.075s] -- Up-to-date symlink: /home/ubuntu/robot_ws/install/serial/share/serial/cmake/serialConfig.cmake
[1.077s] -- Up-to-date symlink: /home/ubuntu/robot_ws/install/serial/share/serial/cmake/serialConfig-version.cmake
[1.080s] -- Up-to-date symlink: /home/ubuntu/robot_ws/install/serial/share/serial/package.xml
[1.088s] Invoked command in '/home/ubuntu/robot_ws/build/serial' returned '0': CMAKE_PREFIX_PATH=${CMAKE_PREFIX_PATH}:/opt/ros/foxy /bin/cmake --install /home/ubuntu/robot_ws/build/serial
