[0.056s] Invoking command in '/home/ubuntu/robot_ws/build/my_bot': CMAKE_PREFIX_PATH=${CMAKE_PREFIX_PATH}:/opt/ros/foxy /bin/cmake --build /home/ubuntu/robot_ws/build/my_bot -- -j4 -l4
[0.248s] Invoked command in '/home/ubuntu/robot_ws/build/my_bot' returned '0': CMAKE_PREFIX_PATH=${CMAKE_PREFIX_PATH}:/opt/ros/foxy /bin/cmake --build /home/ubuntu/robot_ws/build/my_bot -- -j4 -l4
[0.398s] Invoking command in '/home/ubuntu/robot_ws/build/my_bot': CMAKE_PREFIX_PATH=${CMAKE_PREFIX_PATH}:/opt/ros/foxy /bin/cmake --install /home/ubuntu/robot_ws/build/my_bot
[0.431s] -- Install configuration: ""
[0.433s] -- Execute custom install script
[0.438s] -- Up-to-date symlink: /home/ubuntu/robot_ws/install/my_bot/share/my_bot/config/empty.yaml
[0.440s] -- Up-to-date symlink: /home/ubuntu/robot_ws/install/my_bot/share/my_bot/description/colors.xacro
[0.441s] -- Up-to-date symlink: /home/ubuntu/robot_ws/install/my_bot/share/my_bot/description/inertial_macros.xacro
[0.442s] -- Up-to-date symlink: /home/ubuntu/robot_ws/install/my_bot/share/my_bot/description/robot.urdf.xacro
[0.442s] -- Up-to-date symlink: /home/ubuntu/robot_ws/install/my_bot/share/my_bot/description/robot_core.xacro
[0.444s] -- Up-to-date symlink: /home/ubuntu/robot_ws/install/my_bot/share/my_bot/launch/rsp.launch.py
[0.446s] -- Up-to-date symlink: /home/ubuntu/robot_ws/install/my_bot/share/my_bot/worlds/empty.world
[0.447s] -- Up-to-date symlink: /home/ubuntu/robot_ws/install/my_bot/share/ament_index/resource_index/package_run_dependencies/my_bot
[0.449s] -- Up-to-date symlink: /home/ubuntu/robot_ws/install/my_bot/share/ament_index/resource_index/parent_prefix_path/my_bot
[0.450s] -- Up-to-date symlink: /home/ubuntu/robot_ws/install/my_bot/share/my_bot/environment/ament_prefix_path.sh
[0.451s] -- Up-to-date symlink: /home/ubuntu/robot_ws/install/my_bot/share/my_bot/environment/ament_prefix_path.dsv
[0.452s] -- Up-to-date symlink: /home/ubuntu/robot_ws/install/my_bot/share/my_bot/environment/path.sh
[0.454s] -- Up-to-date symlink: /home/ubuntu/robot_ws/install/my_bot/share/my_bot/environment/path.dsv
[0.455s] -- Up-to-date symlink: /home/ubuntu/robot_ws/install/my_bot/share/my_bot/local_setup.bash
[0.456s] -- Up-to-date symlink: /home/ubuntu/robot_ws/install/my_bot/share/my_bot/local_setup.sh
[0.457s] -- Up-to-date symlink: /home/ubuntu/robot_ws/install/my_bot/share/my_bot/local_setup.zsh
[0.458s] -- Up-to-date symlink: /home/ubuntu/robot_ws/install/my_bot/share/my_bot/local_setup.dsv
[0.459s] -- Symlinking: /home/ubuntu/robot_ws/install/my_bot/share/my_bot/package.dsv
[0.494s] -- Up-to-date symlink: /home/ubuntu/robot_ws/install/my_bot/share/ament_index/resource_index/packages/my_bot
[0.495s] -- Up-to-date symlink: /home/ubuntu/robot_ws/install/my_bot/share/my_bot/cmake/my_botConfig.cmake
[0.497s] -- Up-to-date symlink: /home/ubuntu/robot_ws/install/my_bot/share/my_bot/cmake/my_botConfig-version.cmake
[0.498s] -- Up-to-date symlink: /home/ubuntu/robot_ws/install/my_bot/share/my_bot/package.xml
[0.505s] Invoked command in '/home/ubuntu/robot_ws/build/my_bot' returned '0': CMAKE_PREFIX_PATH=${CMAKE_PREFIX_PATH}:/opt/ros/foxy /bin/cmake --install /home/ubuntu/robot_ws/build/my_bot
