[0.066s] Invoking command in '/home/ubuntu/robot_ws/build/diffdrive_arduino': CMAKE_PREFIX_PATH=/home/ubuntu/robot_ws/install/serial:/home/ubuntu/robot_ws/install/diffdrive_arduino:/home/ubuntu/robot_ws/install/my_bot:/opt/ros/foxy /bin/cmake --build /home/ubuntu/robot_ws/build/diffdrive_arduino -- -j4 -l4
[0.461s] [ 42%] Built target fake_robot
[0.465s] [100%] Built target diffdrive_arduino
[0.512s] Invoked command in '/home/ubuntu/robot_ws/build/diffdrive_arduino' returned '0': CMAKE_PREFIX_PATH=/home/ubuntu/robot_ws/install/serial:/home/ubuntu/robot_ws/install/diffdrive_arduino:/home/ubuntu/robot_ws/install/my_bot:/opt/ros/foxy /bin/cmake --build /home/ubuntu/robot_ws/build/diffdrive_arduino -- -j4 -l4
[0.696s] Invoking command in '/home/ubuntu/robot_ws/build/diffdrive_arduino': CMAKE_PREFIX_PATH=/home/ubuntu/robot_ws/install/serial:/home/ubuntu/robot_ws/install/diffdrive_arduino:/home/ubuntu/robot_ws/install/my_bot:/opt/ros/foxy /bin/cmake --install /home/ubuntu/robot_ws/build/diffdrive_arduino
[0.736s] -- Install configuration: ""
[0.738s] -- Execute custom install script
[0.739s] -- Up-to-date symlink: /home/ubuntu/robot_ws/install/diffdrive_arduino/share/diffdrive_arduino//robot_hardware.xml
[0.740s] -- Up-to-date symlink: /home/ubuntu/robot_ws/install/diffdrive_arduino/share/diffdrive_arduino//fake_robot_hardware.xml
[0.742s] -- Up-to-date symlink: /home/ubuntu/robot_ws/install/diffdrive_arduino/lib/libdiffdrive_arduino.so
[0.743s] -- Up-to-date symlink: /home/ubuntu/robot_ws/install/diffdrive_arduino/lib/libfake_robot.so
[0.746s] -- Up-to-date symlink: /home/ubuntu/robot_ws/install/diffdrive_arduino/share/diffdrive_arduino/controllers/robot_controller_example.yaml
[0.747s] -- Up-to-date symlink: /home/ubuntu/robot_ws/install/diffdrive_arduino/share/diffdrive_arduino/fake_robot.launch.py
[0.748s] -- Up-to-date symlink: /home/ubuntu/robot_ws/install/diffdrive_arduino/share/diffdrive_arduino/test_robot.launch.py
[0.750s] -- Up-to-date symlink: /home/ubuntu/robot_ws/install/diffdrive_arduino/share/diffdrive_arduino/environment/library_path.sh
[0.751s] -- Up-to-date symlink: /home/ubuntu/robot_ws/install/diffdrive_arduino/share/diffdrive_arduino/environment/library_path.dsv
[0.752s] -- Up-to-date symlink: /home/ubuntu/robot_ws/install/diffdrive_arduino/share/ament_index/resource_index/package_run_dependencies/diffdrive_arduino
[0.754s] -- Up-to-date symlink: /home/ubuntu/robot_ws/install/diffdrive_arduino/share/ament_index/resource_index/parent_prefix_path/diffdrive_arduino
[0.755s] -- Up-to-date symlink: /home/ubuntu/robot_ws/install/diffdrive_arduino/share/diffdrive_arduino/environment/ament_prefix_path.sh
[0.757s] -- Up-to-date symlink: /home/ubuntu/robot_ws/install/diffdrive_arduino/share/diffdrive_arduino/environment/ament_prefix_path.dsv
[0.758s] -- Up-to-date symlink: /home/ubuntu/robot_ws/install/diffdrive_arduino/share/diffdrive_arduino/environment/path.sh
[0.761s] -- Up-to-date symlink: /home/ubuntu/robot_ws/install/diffdrive_arduino/share/diffdrive_arduino/environment/path.dsv
[0.761s] -- Up-to-date symlink: /home/ubuntu/robot_ws/install/diffdrive_arduino/share/diffdrive_arduino/local_setup.bash
[0.763s] -- Up-to-date symlink: /home/ubuntu/robot_ws/install/diffdrive_arduino/share/diffdrive_arduino/local_setup.sh
[0.764s] -- Up-to-date symlink: /home/ubuntu/robot_ws/install/diffdrive_arduino/share/diffdrive_arduino/local_setup.zsh
[0.765s] -- Up-to-date symlink: /home/ubuntu/robot_ws/install/diffdrive_arduino/share/diffdrive_arduino/local_setup.dsv
[0.766s] -- Symlinking: /home/ubuntu/robot_ws/install/diffdrive_arduino/share/diffdrive_arduino/package.dsv
[0.802s] -- Up-to-date symlink: /home/ubuntu/robot_ws/install/diffdrive_arduino/share/ament_index/resource_index/packages/diffdrive_arduino
[0.805s] -- Up-to-date symlink: /home/ubuntu/robot_ws/install/diffdrive_arduino/share/ament_index/resource_index/hardware_interface__pluginlib__plugin/diffdrive_arduino
[0.813s] -- Up-to-date symlink: /home/ubuntu/robot_ws/install/diffdrive_arduino/share/diffdrive_arduino/cmake/ament_cmake_export_libraries-extras.cmake
[0.813s] -- Up-to-date symlink: /home/ubuntu/robot_ws/install/diffdrive_arduino/share/diffdrive_arduino/cmake/ament_cmake_export_dependencies-extras.cmake
[0.814s] -- Up-to-date symlink: /home/ubuntu/robot_ws/install/diffdrive_arduino/share/diffdrive_arduino/cmake/diffdrive_arduinoConfig.cmake
[0.815s] -- Up-to-date symlink: /home/ubuntu/robot_ws/install/diffdrive_arduino/share/diffdrive_arduino/cmake/diffdrive_arduinoConfig-version.cmake
[0.815s] -- Up-to-date symlink: /home/ubuntu/robot_ws/install/diffdrive_arduino/share/diffdrive_arduino/package.xml
[0.822s] Invoked command in '/home/ubuntu/robot_ws/build/diffdrive_arduino' returned '0': CMAKE_PREFIX_PATH=/home/ubuntu/robot_ws/install/serial:/home/ubuntu/robot_ws/install/diffdrive_arduino:/home/ubuntu/robot_ws/install/my_bot:/opt/ros/foxy /bin/cmake --install /home/ubuntu/robot_ws/build/diffdrive_arduino
