[2.083s] DEBUG:colcon:Command line arguments: ['/bin/colcon', 'build', '--symlink-install']
[2.085s] DEBUG:colcon:Parsed command line arguments: Namespace(allow_overriding=[], ament_cmake_args=None, base_paths=['.'], build_base='build', catkin_cmake_args=None, catkin_skip_building_tests=False, cmake_args=None, cmake_clean_cache=False, cmake_clean_first=False, cmake_force_configure=False, cmake_target=None, cmake_target_skip_unavailable=False, continue_on_error=False, event_handlers=None, executor='parallel', ignore_user_meta=False, install_base='install', log_base=None, log_level=None, main=<bound method BuildVerb.main of <colcon_core.verb.build.BuildVerb object at 0xffff88c32760>>, merge_install=False, metas=['./colcon.meta'], packages_above=None, packages_above_and_dependencies=None, packages_above_depth=None, packages_end=None, packages_ignore=None, packages_ignore_regex=None, packages_select=None, packages_select_build_failed=False, packages_select_by_dep=None, packages_select_regex=None, packages_select_test_failures=False, packages_skip=None, packages_skip_build_finished=False, packages_skip_by_dep=None, packages_skip_regex=None, packages_skip_test_passed=False, packages_skip_up_to=None, packages_start=None, packages_up_to=None, packages_up_to_regex=None, parallel_workers=4, paths=None, symlink_install=True, test_result_base=None, verb_extension=<colcon_core.verb.build.BuildVerb object at 0xffff88c32760>, verb_name='build', verb_parser=<colcon_defaults.argument_parser.defaults.DefaultArgumentsDecorator object at 0xffff88a39dc0>)
[3.747s] Level 1:colcon.colcon_core.package_discovery:discover_packages(colcon_meta) check parameters
[3.749s] Level 1:colcon.colcon_core.package_discovery:discover_packages(recursive) check parameters
[3.750s] Level 1:colcon.colcon_core.package_discovery:discover_packages(ignore) check parameters
[3.751s] Level 1:colcon.colcon_core.package_discovery:discover_packages(path) check parameters
[3.752s] Level 1:colcon.colcon_core.package_discovery:discover_packages(colcon_meta) discover
[3.753s] Level 1:colcon.colcon_core.package_discovery:discover_packages(recursive) discover
[3.754s] INFO:colcon.colcon_core.package_discovery:Crawling recursively for packages in '/home/ubuntu/robot_ws'
[3.755s] Level 1:colcon.colcon_core.package_identification:_identify(.) by extensions ['ignore', 'ignore_ament_install']
[3.756s] Level 1:colcon.colcon_core.package_identification:_identify(.) by extension 'ignore'
[3.757s] Level 1:colcon.colcon_core.package_identification:_identify(.) by extension 'ignore_ament_install'
[3.757s] Level 1:colcon.colcon_core.package_identification:_identify(.) by extensions ['colcon_pkg']
[3.758s] Level 1:colcon.colcon_core.package_identification:_identify(.) by extension 'colcon_pkg'
[3.758s] Level 1:colcon.colcon_core.package_identification:_identify(.) by extensions ['colcon_meta']
[3.758s] Level 1:colcon.colcon_core.package_identification:_identify(.) by extension 'colcon_meta'
[3.759s] Level 1:colcon.colcon_core.package_identification:_identify(.) by extensions ['ros']
[3.759s] Level 1:colcon.colcon_core.package_identification:_identify(.) by extension 'ros'
[3.859s] Level 1:colcon.colcon_core.package_identification:_identify(.) by extensions ['cmake', 'python']
[3.860s] Level 1:colcon.colcon_core.package_identification:_identify(.) by extension 'cmake'
[3.861s] Level 1:colcon.colcon_core.package_identification:_identify(.) by extension 'python'
[3.861s] Level 1:colcon.colcon_core.package_identification:_identify(.) by extensions ['python_setup_py']
[3.862s] Level 1:colcon.colcon_core.package_identification:_identify(.) by extension 'python_setup_py'
[3.863s] Level 1:colcon.colcon_core.package_identification:_identify(build) by extensions ['ignore', 'ignore_ament_install']
[3.863s] Level 1:colcon.colcon_core.package_identification:_identify(build) by extension 'ignore'
[3.864s] Level 1:colcon.colcon_core.package_identification:_identify(build) ignored
[3.865s] Level 1:colcon.colcon_core.package_identification:_identify(install) by extensions ['ignore', 'ignore_ament_install']
[3.866s] Level 1:colcon.colcon_core.package_identification:_identify(install) by extension 'ignore'
[3.867s] Level 1:colcon.colcon_core.package_identification:_identify(install) ignored
[3.871s] Level 1:colcon.colcon_core.package_identification:_identify(log) by extensions ['ignore', 'ignore_ament_install']
[3.873s] Level 1:colcon.colcon_core.package_identification:_identify(log) by extension 'ignore'
[3.873s] Level 1:colcon.colcon_core.package_identification:_identify(log) ignored
[3.874s] Level 1:colcon.colcon_core.package_identification:_identify(src) by extensions ['ignore', 'ignore_ament_install']
[3.876s] Level 1:colcon.colcon_core.package_identification:_identify(src) by extension 'ignore'
[3.878s] Level 1:colcon.colcon_core.package_identification:_identify(src) by extension 'ignore_ament_install'
[3.879s] Level 1:colcon.colcon_core.package_identification:_identify(src) by extensions ['colcon_pkg']
[3.880s] Level 1:colcon.colcon_core.package_identification:_identify(src) by extension 'colcon_pkg'
[3.881s] Level 1:colcon.colcon_core.package_identification:_identify(src) by extensions ['colcon_meta']
[3.883s] Level 1:colcon.colcon_core.package_identification:_identify(src) by extension 'colcon_meta'
[3.884s] Level 1:colcon.colcon_core.package_identification:_identify(src) by extensions ['ros']
[3.886s] Level 1:colcon.colcon_core.package_identification:_identify(src) by extension 'ros'
[3.887s] Level 1:colcon.colcon_core.package_identification:_identify(src) by extensions ['cmake', 'python']
[3.888s] Level 1:colcon.colcon_core.package_identification:_identify(src) by extension 'cmake'
[3.889s] Level 1:colcon.colcon_core.package_identification:_identify(src) by extension 'python'
[3.889s] Level 1:colcon.colcon_core.package_identification:_identify(src) by extensions ['python_setup_py']
[3.890s] Level 1:colcon.colcon_core.package_identification:_identify(src) by extension 'python_setup_py'
[3.892s] Level 1:colcon.colcon_core.package_identification:_identify(src/diffdrive_arduino) by extensions ['ignore', 'ignore_ament_install']
[3.893s] Level 1:colcon.colcon_core.package_identification:_identify(src/diffdrive_arduino) by extension 'ignore'
[3.894s] Level 1:colcon.colcon_core.package_identification:_identify(src/diffdrive_arduino) by extension 'ignore_ament_install'
[3.895s] Level 1:colcon.colcon_core.package_identification:_identify(src/diffdrive_arduino) by extensions ['colcon_pkg']
[3.895s] Level 1:colcon.colcon_core.package_identification:_identify(src/diffdrive_arduino) by extension 'colcon_pkg'
[3.896s] Level 1:colcon.colcon_core.package_identification:_identify(src/diffdrive_arduino) by extensions ['colcon_meta']
[3.897s] Level 1:colcon.colcon_core.package_identification:_identify(src/diffdrive_arduino) by extension 'colcon_meta'
[3.898s] Level 1:colcon.colcon_core.package_identification:_identify(src/diffdrive_arduino) by extensions ['ros']
[3.899s] Level 1:colcon.colcon_core.package_identification:_identify(src/diffdrive_arduino) by extension 'ros'
[3.932s] DEBUG:colcon.colcon_core.package_identification:Package 'src/diffdrive_arduino' with type 'ros.ament_cmake' and name 'diffdrive_arduino'
[3.933s] Level 1:colcon.colcon_core.package_identification:_identify(src/my_bot) by extensions ['ignore', 'ignore_ament_install']
[3.934s] Level 1:colcon.colcon_core.package_identification:_identify(src/my_bot) by extension 'ignore'
[3.935s] Level 1:colcon.colcon_core.package_identification:_identify(src/my_bot) by extension 'ignore_ament_install'
[3.938s] Level 1:colcon.colcon_core.package_identification:_identify(src/my_bot) by extensions ['colcon_pkg']
[3.940s] Level 1:colcon.colcon_core.package_identification:_identify(src/my_bot) by extension 'colcon_pkg'
[3.941s] Level 1:colcon.colcon_core.package_identification:_identify(src/my_bot) by extensions ['colcon_meta']
[3.942s] Level 1:colcon.colcon_core.package_identification:_identify(src/my_bot) by extension 'colcon_meta'
[3.942s] Level 1:colcon.colcon_core.package_identification:_identify(src/my_bot) by extensions ['ros']
[3.943s] Level 1:colcon.colcon_core.package_identification:_identify(src/my_bot) by extension 'ros'
[3.946s] DEBUG:colcon.colcon_core.package_identification:Package 'src/my_bot' with type 'ros.ament_cmake' and name 'my_bot'
[3.948s] Level 1:colcon.colcon_core.package_identification:_identify(src/serial) by extensions ['ignore', 'ignore_ament_install']
[3.950s] Level 1:colcon.colcon_core.package_identification:_identify(src/serial) by extension 'ignore'
[3.951s] Level 1:colcon.colcon_core.package_identification:_identify(src/serial) by extension 'ignore_ament_install'
[3.952s] Level 1:colcon.colcon_core.package_identification:_identify(src/serial) by extensions ['colcon_pkg']
[3.954s] Level 1:colcon.colcon_core.package_identification:_identify(src/serial) by extension 'colcon_pkg'
[3.955s] Level 1:colcon.colcon_core.package_identification:_identify(src/serial) by extensions ['colcon_meta']
[3.956s] Level 1:colcon.colcon_core.package_identification:_identify(src/serial) by extension 'colcon_meta'
[3.957s] Level 1:colcon.colcon_core.package_identification:_identify(src/serial) by extensions ['ros']
[3.958s] Level 1:colcon.colcon_core.package_identification:_identify(src/serial) by extension 'ros'
[3.965s] DEBUG:colcon.colcon_core.package_identification:Package 'src/serial' with type 'ros.ament_cmake' and name 'serial'
[3.966s] Level 1:colcon.colcon_core.package_discovery:discover_packages(recursive) using defaults
[3.968s] Level 1:colcon.colcon_core.package_discovery:discover_packages(ignore) discover
[3.969s] Level 1:colcon.colcon_core.package_discovery:discover_packages(ignore) using defaults
[3.971s] Level 1:colcon.colcon_core.package_discovery:discover_packages(path) discover
[3.972s] Level 1:colcon.colcon_core.package_discovery:discover_packages(path) using defaults
[4.133s] Level 1:colcon.colcon_core.package_discovery:discover_packages(prefix_path) check parameters
[4.133s] Level 1:colcon.colcon_core.package_discovery:discover_packages(prefix_path) discover
[4.169s] DEBUG:colcon.colcon_installed_package_information.package_discovery:Found 296 installed packages in /opt/ros/foxy
[4.178s] Level 1:colcon.colcon_core.package_discovery:discover_packages(prefix_path) using defaults
[5.083s] Level 5:colcon.colcon_core.verb:set package 'my_bot' build argument 'cmake_args' from command line to 'None'
[5.085s] Level 5:colcon.colcon_core.verb:set package 'my_bot' build argument 'cmake_target' from command line to 'None'
[5.086s] Level 5:colcon.colcon_core.verb:set package 'my_bot' build argument 'cmake_target_skip_unavailable' from command line to 'False'
[5.087s] Level 5:colcon.colcon_core.verb:set package 'my_bot' build argument 'cmake_clean_cache' from command line to 'False'
[5.088s] Level 5:colcon.colcon_core.verb:set package 'my_bot' build argument 'cmake_clean_first' from command line to 'False'
[5.089s] Level 5:colcon.colcon_core.verb:set package 'my_bot' build argument 'cmake_force_configure' from command line to 'False'
[5.091s] Level 5:colcon.colcon_core.verb:set package 'my_bot' build argument 'ament_cmake_args' from command line to 'None'
[5.092s] Level 5:colcon.colcon_core.verb:set package 'my_bot' build argument 'catkin_cmake_args' from command line to 'None'
[5.093s] Level 5:colcon.colcon_core.verb:set package 'my_bot' build argument 'catkin_skip_building_tests' from command line to 'False'
[5.093s] DEBUG:colcon.colcon_core.verb:Building package 'my_bot' with the following arguments: {'ament_cmake_args': None, 'build_base': '/home/ubuntu/robot_ws/build/my_bot', 'catkin_cmake_args': None, 'catkin_skip_building_tests': False, 'cmake_args': None, 'cmake_clean_cache': False, 'cmake_clean_first': False, 'cmake_force_configure': False, 'cmake_target': None, 'cmake_target_skip_unavailable': False, 'install_base': '/home/ubuntu/robot_ws/install/my_bot', 'merge_install': False, 'path': '/home/ubuntu/robot_ws/src/my_bot', 'symlink_install': True, 'test_result_base': None}
[5.095s] Level 5:colcon.colcon_core.verb:set package 'serial' build argument 'cmake_args' from command line to 'None'
[5.096s] Level 5:colcon.colcon_core.verb:set package 'serial' build argument 'cmake_target' from command line to 'None'
[5.097s] Level 5:colcon.colcon_core.verb:set package 'serial' build argument 'cmake_target_skip_unavailable' from command line to 'False'
[5.097s] Level 5:colcon.colcon_core.verb:set package 'serial' build argument 'cmake_clean_cache' from command line to 'False'
[5.098s] Level 5:colcon.colcon_core.verb:set package 'serial' build argument 'cmake_clean_first' from command line to 'False'
[5.099s] Level 5:colcon.colcon_core.verb:set package 'serial' build argument 'cmake_force_configure' from command line to 'False'
[5.100s] Level 5:colcon.colcon_core.verb:set package 'serial' build argument 'ament_cmake_args' from command line to 'None'
[5.100s] Level 5:colcon.colcon_core.verb:set package 'serial' build argument 'catkin_cmake_args' from command line to 'None'
[5.101s] Level 5:colcon.colcon_core.verb:set package 'serial' build argument 'catkin_skip_building_tests' from command line to 'False'
[5.102s] DEBUG:colcon.colcon_core.verb:Building package 'serial' with the following arguments: {'ament_cmake_args': None, 'build_base': '/home/ubuntu/robot_ws/build/serial', 'catkin_cmake_args': None, 'catkin_skip_building_tests': False, 'cmake_args': None, 'cmake_clean_cache': False, 'cmake_clean_first': False, 'cmake_force_configure': False, 'cmake_target': None, 'cmake_target_skip_unavailable': False, 'install_base': '/home/ubuntu/robot_ws/install/serial', 'merge_install': False, 'path': '/home/ubuntu/robot_ws/src/serial', 'symlink_install': True, 'test_result_base': None}
[5.105s] Level 5:colcon.colcon_core.verb:set package 'diffdrive_arduino' build argument 'cmake_args' from command line to 'None'
[5.106s] Level 5:colcon.colcon_core.verb:set package 'diffdrive_arduino' build argument 'cmake_target' from command line to 'None'
[5.107s] Level 5:colcon.colcon_core.verb:set package 'diffdrive_arduino' build argument 'cmake_target_skip_unavailable' from command line to 'False'
[5.110s] Level 5:colcon.colcon_core.verb:set package 'diffdrive_arduino' build argument 'cmake_clean_cache' from command line to 'False'
[5.111s] Level 5:colcon.colcon_core.verb:set package 'diffdrive_arduino' build argument 'cmake_clean_first' from command line to 'False'
[5.112s] Level 5:colcon.colcon_core.verb:set package 'diffdrive_arduino' build argument 'cmake_force_configure' from command line to 'False'
[5.113s] Level 5:colcon.colcon_core.verb:set package 'diffdrive_arduino' build argument 'ament_cmake_args' from command line to 'None'
[5.114s] Level 5:colcon.colcon_core.verb:set package 'diffdrive_arduino' build argument 'catkin_cmake_args' from command line to 'None'
[5.114s] Level 5:colcon.colcon_core.verb:set package 'diffdrive_arduino' build argument 'catkin_skip_building_tests' from command line to 'False'
[5.114s] DEBUG:colcon.colcon_core.verb:Building package 'diffdrive_arduino' with the following arguments: {'ament_cmake_args': None, 'build_base': '/home/ubuntu/robot_ws/build/diffdrive_arduino', 'catkin_cmake_args': None, 'catkin_skip_building_tests': False, 'cmake_args': None, 'cmake_clean_cache': False, 'cmake_clean_first': False, 'cmake_force_configure': False, 'cmake_target': None, 'cmake_target_skip_unavailable': False, 'install_base': '/home/ubuntu/robot_ws/install/diffdrive_arduino', 'merge_install': False, 'path': '/home/ubuntu/robot_ws/src/diffdrive_arduino', 'symlink_install': True, 'test_result_base': None}
[5.115s] INFO:colcon.colcon_core.executor:Executing jobs using 'parallel' executor
[5.145s] DEBUG:colcon.colcon_parallel_executor.executor.parallel:run_until_complete
[5.146s] INFO:colcon.colcon_ros.task.ament_cmake.build:Building ROS package in '/home/ubuntu/robot_ws/src/serial' with build type 'ament_cmake'
[5.147s] INFO:colcon.colcon_cmake.task.cmake.build:Building CMake package in '/home/ubuntu/robot_ws/src/serial'
[5.201s] INFO:colcon.colcon_core.plugin_system:Skipping extension 'colcon_core.shell.bat': Not used on non-Windows systems
[5.202s] INFO:colcon.colcon_core.shell:Skip shell extension 'powershell' for command environment: Not usable outside of PowerShell
[5.202s] DEBUG:colcon.colcon_core.shell:Skip shell extension 'dsv' for command environment
[5.251s] INFO:colcon.colcon_ros.task.ament_cmake.build:Building ROS package in '/home/ubuntu/robot_ws/src/my_bot' with build type 'ament_cmake'
[5.252s] INFO:colcon.colcon_cmake.task.cmake.build:Building CMake package in '/home/ubuntu/robot_ws/src/my_bot'
[5.257s] INFO:colcon.colcon_core.shell:Skip shell extension 'powershell' for command environment: Not usable outside of PowerShell
[5.258s] DEBUG:colcon.colcon_core.shell:Skip shell extension 'dsv' for command environment
[5.333s] DEBUG:colcon.colcon_core.event_handler.log_command:Invoking command in '/home/ubuntu/robot_ws/build/serial': CMAKE_PREFIX_PATH=/opt/ros/foxy /bin/cmake --build /home/ubuntu/robot_ws/build/serial -- -j4 -l4
[5.406s] DEBUG:colcon.colcon_core.event_handler.log_command:Invoking command in '/home/ubuntu/robot_ws/build/my_bot': CMAKE_PREFIX_PATH=/opt/ros/foxy /bin/cmake --build /home/ubuntu/robot_ws/build/my_bot -- -j4 -l4
[5.996s] DEBUG:colcon.colcon_core.event_handler.log_command:Invoked command in '/home/ubuntu/robot_ws/build/my_bot' returned '0': CMAKE_PREFIX_PATH=/opt/ros/foxy /bin/cmake --build /home/ubuntu/robot_ws/build/my_bot -- -j4 -l4
[6.274s] DEBUG:colcon.colcon_core.event_handler.log_command:Invoking command in '/home/ubuntu/robot_ws/build/my_bot': CMAKE_PREFIX_PATH=/opt/ros/foxy /bin/cmake --install /home/ubuntu/robot_ws/build/my_bot
[6.568s] Level 1:colcon.colcon_core.environment:create_environment_scripts_only(my_bot)
[6.581s] DEBUG:colcon.colcon_core.event_handler.log_command:Invoked command in '/home/ubuntu/robot_ws/build/my_bot' returned '0': CMAKE_PREFIX_PATH=/opt/ros/foxy /bin/cmake --install /home/ubuntu/robot_ws/build/my_bot
[6.630s] Level 1:colcon.colcon_core.environment:checking '/home/ubuntu/robot_ws/install/my_bot' for CMake module files
[6.633s] Level 1:colcon.colcon_core.environment:checking '/home/ubuntu/robot_ws/install/my_bot' for CMake config files
[6.637s] Level 1:colcon.colcon_core.shell:create_environment_hook('my_bot', 'cmake_prefix_path')
[6.639s] INFO:colcon.colcon_core.shell:Creating environment hook '/home/ubuntu/robot_ws/install/my_bot/share/my_bot/hook/cmake_prefix_path.ps1'
[6.647s] INFO:colcon.colcon_core.shell:Creating environment descriptor '/home/ubuntu/robot_ws/install/my_bot/share/my_bot/hook/cmake_prefix_path.dsv'
[6.651s] INFO:colcon.colcon_core.shell:Creating environment hook '/home/ubuntu/robot_ws/install/my_bot/share/my_bot/hook/cmake_prefix_path.sh'
[6.657s] Level 1:colcon.colcon_core.environment:checking '/home/ubuntu/robot_ws/install/my_bot/bin'
[6.657s] Level 1:colcon.colcon_core.environment:checking '/home/ubuntu/robot_ws/install/my_bot/lib/pkgconfig/my_bot.pc'
[6.659s] Level 1:colcon.colcon_core.environment:checking '/home/ubuntu/robot_ws/install/my_bot/lib/python3.8/site-packages'
[6.661s] Level 1:colcon.colcon_core.environment:checking '/home/ubuntu/robot_ws/install/my_bot/bin'
[6.663s] INFO:colcon.colcon_core.shell:Creating package script '/home/ubuntu/robot_ws/install/my_bot/share/my_bot/package.ps1'
[6.672s] INFO:colcon.colcon_core.shell:Creating package descriptor '/home/ubuntu/robot_ws/install/my_bot/share/my_bot/package.dsv'
[6.678s] INFO:colcon.colcon_core.shell:Creating package script '/home/ubuntu/robot_ws/install/my_bot/share/my_bot/package.sh'
[6.710s] INFO:colcon.colcon_core.shell:Creating package script '/home/ubuntu/robot_ws/install/my_bot/share/my_bot/package.bash'
[6.720s] INFO:colcon.colcon_core.shell:Creating package script '/home/ubuntu/robot_ws/install/my_bot/share/my_bot/package.zsh'
[6.729s] Level 1:colcon.colcon_core.environment:create_file_with_runtime_dependencies(/home/ubuntu/robot_ws/install/my_bot/share/colcon-core/packages/my_bot)
[6.991s] Level 1:colcon.colcon_core.environment:create_environment_scripts_only(my_bot)
[6.992s] Level 1:colcon.colcon_core.environment:checking '/home/ubuntu/robot_ws/install/my_bot' for CMake module files
[7.008s] Level 1:colcon.colcon_core.environment:checking '/home/ubuntu/robot_ws/install/my_bot' for CMake config files
[7.011s] Level 1:colcon.colcon_core.shell:create_environment_hook('my_bot', 'cmake_prefix_path')
[7.012s] INFO:colcon.colcon_core.shell:Creating environment hook '/home/ubuntu/robot_ws/install/my_bot/share/my_bot/hook/cmake_prefix_path.ps1'
[7.016s] INFO:colcon.colcon_core.shell:Creating environment descriptor '/home/ubuntu/robot_ws/install/my_bot/share/my_bot/hook/cmake_prefix_path.dsv'
[7.018s] INFO:colcon.colcon_core.shell:Creating environment hook '/home/ubuntu/robot_ws/install/my_bot/share/my_bot/hook/cmake_prefix_path.sh'
[7.022s] Level 1:colcon.colcon_core.environment:checking '/home/ubuntu/robot_ws/install/my_bot/bin'
[7.023s] Level 1:colcon.colcon_core.environment:checking '/home/ubuntu/robot_ws/install/my_bot/lib/pkgconfig/my_bot.pc'
[7.024s] Level 1:colcon.colcon_core.environment:checking '/home/ubuntu/robot_ws/install/my_bot/lib/python3.8/site-packages'
[7.045s] Level 1:colcon.colcon_core.environment:checking '/home/ubuntu/robot_ws/install/my_bot/bin'
[7.049s] INFO:colcon.colcon_core.shell:Creating package script '/home/ubuntu/robot_ws/install/my_bot/share/my_bot/package.ps1'
[7.054s] INFO:colcon.colcon_core.shell:Creating package descriptor '/home/ubuntu/robot_ws/install/my_bot/share/my_bot/package.dsv'
[7.057s] INFO:colcon.colcon_core.shell:Creating package script '/home/ubuntu/robot_ws/install/my_bot/share/my_bot/package.sh'
[7.060s] INFO:colcon.colcon_core.shell:Creating package script '/home/ubuntu/robot_ws/install/my_bot/share/my_bot/package.bash'
[7.063s] INFO:colcon.colcon_core.shell:Creating package script '/home/ubuntu/robot_ws/install/my_bot/share/my_bot/package.zsh'
[7.066s] Level 1:colcon.colcon_core.environment:create_file_with_runtime_dependencies(/home/ubuntu/robot_ws/install/my_bot/share/colcon-core/packages/my_bot)
[7.151s] DEBUG:colcon.colcon_core.event_handler.log_command:Invoked command in '/home/ubuntu/robot_ws/build/serial' returned '0': CMAKE_PREFIX_PATH=/opt/ros/foxy /bin/cmake --build /home/ubuntu/robot_ws/build/serial -- -j4 -l4
[7.526s] DEBUG:colcon.colcon_core.event_handler.log_command:Invoking command in '/home/ubuntu/robot_ws/build/serial': CMAKE_PREFIX_PATH=/opt/ros/foxy /bin/cmake --install /home/ubuntu/robot_ws/build/serial
[7.791s] Level 1:colcon.colcon_core.environment:create_environment_scripts_only(serial)
[7.793s] Level 1:colcon.colcon_core.environment:checking '/home/ubuntu/robot_ws/install/serial' for CMake module files
[7.796s] DEBUG:colcon.colcon_core.event_handler.log_command:Invoked command in '/home/ubuntu/robot_ws/build/serial' returned '0': CMAKE_PREFIX_PATH=/opt/ros/foxy /bin/cmake --install /home/ubuntu/robot_ws/build/serial
[7.801s] Level 1:colcon.colcon_core.environment:checking '/home/ubuntu/robot_ws/install/serial' for CMake config files
[7.808s] Level 1:colcon.colcon_core.shell:create_environment_hook('serial', 'cmake_prefix_path')
[7.809s] INFO:colcon.colcon_core.shell:Creating environment hook '/home/ubuntu/robot_ws/install/serial/share/serial/hook/cmake_prefix_path.ps1'
[7.812s] INFO:colcon.colcon_core.shell:Creating environment descriptor '/home/ubuntu/robot_ws/install/serial/share/serial/hook/cmake_prefix_path.dsv'
[7.814s] INFO:colcon.colcon_core.shell:Creating environment hook '/home/ubuntu/robot_ws/install/serial/share/serial/hook/cmake_prefix_path.sh'
[7.817s] Level 1:colcon.colcon_core.environment:checking '/home/ubuntu/robot_ws/install/serial/lib'
[7.834s] Level 1:colcon.colcon_core.environment:checking '/home/ubuntu/robot_ws/install/serial/bin'
[7.835s] Level 1:colcon.colcon_core.environment:checking '/home/ubuntu/robot_ws/install/serial/lib/pkgconfig/serial.pc'
[7.836s] Level 1:colcon.colcon_core.environment:checking '/home/ubuntu/robot_ws/install/serial/lib/python3.8/site-packages'
[7.838s] Level 1:colcon.colcon_core.environment:checking '/home/ubuntu/robot_ws/install/serial/bin'
[7.839s] INFO:colcon.colcon_core.shell:Creating package script '/home/ubuntu/robot_ws/install/serial/share/serial/package.ps1'
[7.843s] INFO:colcon.colcon_core.shell:Creating package descriptor '/home/ubuntu/robot_ws/install/serial/share/serial/package.dsv'
[7.846s] INFO:colcon.colcon_core.shell:Creating package script '/home/ubuntu/robot_ws/install/serial/share/serial/package.sh'
[7.849s] INFO:colcon.colcon_core.shell:Creating package script '/home/ubuntu/robot_ws/install/serial/share/serial/package.bash'
[7.852s] INFO:colcon.colcon_core.shell:Creating package script '/home/ubuntu/robot_ws/install/serial/share/serial/package.zsh'
[7.856s] Level 1:colcon.colcon_core.environment:create_file_with_runtime_dependencies(/home/ubuntu/robot_ws/install/serial/share/colcon-core/packages/serial)
[8.200s] Level 1:colcon.colcon_core.environment:create_environment_scripts_only(serial)
[8.201s] Level 1:colcon.colcon_core.environment:checking '/home/ubuntu/robot_ws/install/serial' for CMake module files
[8.204s] Level 1:colcon.colcon_core.environment:checking '/home/ubuntu/robot_ws/install/serial' for CMake config files
[8.208s] Level 1:colcon.colcon_core.shell:create_environment_hook('serial', 'cmake_prefix_path')
[8.212s] INFO:colcon.colcon_core.shell:Creating environment hook '/home/ubuntu/robot_ws/install/serial/share/serial/hook/cmake_prefix_path.ps1'
[8.222s] INFO:colcon.colcon_core.shell:Creating environment descriptor '/home/ubuntu/robot_ws/install/serial/share/serial/hook/cmake_prefix_path.dsv'
[8.224s] INFO:colcon.colcon_core.shell:Creating environment hook '/home/ubuntu/robot_ws/install/serial/share/serial/hook/cmake_prefix_path.sh'
[8.237s] Level 1:colcon.colcon_core.environment:checking '/home/ubuntu/robot_ws/install/serial/lib'
[8.237s] Level 1:colcon.colcon_core.environment:checking '/home/ubuntu/robot_ws/install/serial/bin'
[8.238s] Level 1:colcon.colcon_core.environment:checking '/home/ubuntu/robot_ws/install/serial/lib/pkgconfig/serial.pc'
[8.239s] Level 1:colcon.colcon_core.environment:checking '/home/ubuntu/robot_ws/install/serial/lib/python3.8/site-packages'
[8.240s] Level 1:colcon.colcon_core.environment:checking '/home/ubuntu/robot_ws/install/serial/bin'
[8.242s] INFO:colcon.colcon_core.shell:Creating package script '/home/ubuntu/robot_ws/install/serial/share/serial/package.ps1'
[8.245s] INFO:colcon.colcon_core.shell:Creating package descriptor '/home/ubuntu/robot_ws/install/serial/share/serial/package.dsv'
[8.248s] INFO:colcon.colcon_core.shell:Creating package script '/home/ubuntu/robot_ws/install/serial/share/serial/package.sh'
[8.250s] INFO:colcon.colcon_core.shell:Creating package script '/home/ubuntu/robot_ws/install/serial/share/serial/package.bash'
[8.253s] INFO:colcon.colcon_core.shell:Creating package script '/home/ubuntu/robot_ws/install/serial/share/serial/package.zsh'
[8.259s] Level 1:colcon.colcon_core.environment:create_file_with_runtime_dependencies(/home/ubuntu/robot_ws/install/serial/share/colcon-core/packages/serial)
[8.265s] INFO:colcon.colcon_ros.task.ament_cmake.build:Building ROS package in '/home/ubuntu/robot_ws/src/diffdrive_arduino' with build type 'ament_cmake'
[8.268s] INFO:colcon.colcon_cmake.task.cmake.build:Building CMake package in '/home/ubuntu/robot_ws/src/diffdrive_arduino'
[8.270s] INFO:colcon.colcon_core.shell:Skip shell extension 'powershell' for command environment: Not usable outside of PowerShell
[8.272s] DEBUG:colcon.colcon_core.shell:Skip shell extension 'dsv' for command environment
[8.365s] DEBUG:colcon.colcon_core.event_handler.log_command:Invoking command in '/home/ubuntu/robot_ws/build/diffdrive_arduino': AMENT_PREFIX_PATH=/home/ubuntu/robot_ws/install/serial:${AMENT_PREFIX_PATH} CMAKE_PREFIX_PATH=/home/ubuntu/robot_ws/install/serial:/opt/ros/foxy LD_LIBRARY_PATH=/home/ubuntu/robot_ws/install/serial/lib:${LD_LIBRARY_PATH} /bin/cmake --build /home/ubuntu/robot_ws/build/diffdrive_arduino -- -j4 -l4
[9.409s] DEBUG:colcon.colcon_core.event_handler.log_command:Invoked command in '/home/ubuntu/robot_ws/build/diffdrive_arduino' returned '0': AMENT_PREFIX_PATH=/home/ubuntu/robot_ws/install/serial:${AMENT_PREFIX_PATH} CMAKE_PREFIX_PATH=/home/ubuntu/robot_ws/install/serial:/opt/ros/foxy LD_LIBRARY_PATH=/home/ubuntu/robot_ws/install/serial/lib:${LD_LIBRARY_PATH} /bin/cmake --build /home/ubuntu/robot_ws/build/diffdrive_arduino -- -j4 -l4
[9.690s] DEBUG:colcon.colcon_core.event_handler.log_command:Invoking command in '/home/ubuntu/robot_ws/build/diffdrive_arduino': AMENT_PREFIX_PATH=/home/ubuntu/robot_ws/install/serial:${AMENT_PREFIX_PATH} CMAKE_PREFIX_PATH=/home/ubuntu/robot_ws/install/serial:/opt/ros/foxy LD_LIBRARY_PATH=/home/ubuntu/robot_ws/install/serial/lib:${LD_LIBRARY_PATH} /bin/cmake --install /home/ubuntu/robot_ws/build/diffdrive_arduino
[9.938s] Level 1:colcon.colcon_core.environment:create_environment_scripts_only(diffdrive_arduino)
[9.940s] Level 1:colcon.colcon_core.environment:checking '/home/ubuntu/robot_ws/install/diffdrive_arduino' for CMake module files
[9.943s] Level 1:colcon.colcon_core.environment:checking '/home/ubuntu/robot_ws/install/diffdrive_arduino' for CMake config files
[9.951s] DEBUG:colcon.colcon_core.event_handler.log_command:Invoked command in '/home/ubuntu/robot_ws/build/diffdrive_arduino' returned '0': AMENT_PREFIX_PATH=/home/ubuntu/robot_ws/install/serial:${AMENT_PREFIX_PATH} CMAKE_PREFIX_PATH=/home/ubuntu/robot_ws/install/serial:/opt/ros/foxy LD_LIBRARY_PATH=/home/ubuntu/robot_ws/install/serial/lib:${LD_LIBRARY_PATH} /bin/cmake --install /home/ubuntu/robot_ws/build/diffdrive_arduino
[9.955s] Level 1:colcon.colcon_core.shell:create_environment_hook('diffdrive_arduino', 'cmake_prefix_path')
[9.961s] INFO:colcon.colcon_core.shell:Creating environment hook '/home/ubuntu/robot_ws/install/diffdrive_arduino/share/diffdrive_arduino/hook/cmake_prefix_path.ps1'
[9.963s] INFO:colcon.colcon_core.shell:Creating environment descriptor '/home/ubuntu/robot_ws/install/diffdrive_arduino/share/diffdrive_arduino/hook/cmake_prefix_path.dsv'
[9.971s] INFO:colcon.colcon_core.shell:Creating environment hook '/home/ubuntu/robot_ws/install/diffdrive_arduino/share/diffdrive_arduino/hook/cmake_prefix_path.sh'
[9.980s] Level 1:colcon.colcon_core.environment:checking '/home/ubuntu/robot_ws/install/diffdrive_arduino/lib'
[9.983s] Level 1:colcon.colcon_core.shell:create_environment_hook('diffdrive_arduino', 'ld_library_path_lib')
[9.984s] INFO:colcon.colcon_core.shell:Creating environment hook '/home/ubuntu/robot_ws/install/diffdrive_arduino/share/diffdrive_arduino/hook/ld_library_path_lib.ps1'
[9.990s] INFO:colcon.colcon_core.shell:Creating environment descriptor '/home/ubuntu/robot_ws/install/diffdrive_arduino/share/diffdrive_arduino/hook/ld_library_path_lib.dsv'
[9.996s] INFO:colcon.colcon_core.shell:Creating environment hook '/home/ubuntu/robot_ws/install/diffdrive_arduino/share/diffdrive_arduino/hook/ld_library_path_lib.sh'
[10.000s] Level 1:colcon.colcon_core.environment:checking '/home/ubuntu/robot_ws/install/diffdrive_arduino/bin'
[10.001s] Level 1:colcon.colcon_core.environment:checking '/home/ubuntu/robot_ws/install/diffdrive_arduino/lib/pkgconfig/diffdrive_arduino.pc'
[10.002s] Level 1:colcon.colcon_core.environment:checking '/home/ubuntu/robot_ws/install/diffdrive_arduino/lib/python3.8/site-packages'
[10.003s] Level 1:colcon.colcon_core.environment:checking '/home/ubuntu/robot_ws/install/diffdrive_arduino/bin'
[10.004s] INFO:colcon.colcon_core.shell:Creating package script '/home/ubuntu/robot_ws/install/diffdrive_arduino/share/diffdrive_arduino/package.ps1'
[10.007s] INFO:colcon.colcon_core.shell:Creating package descriptor '/home/ubuntu/robot_ws/install/diffdrive_arduino/share/diffdrive_arduino/package.dsv'
[10.010s] INFO:colcon.colcon_core.shell:Creating package script '/home/ubuntu/robot_ws/install/diffdrive_arduino/share/diffdrive_arduino/package.sh'
[10.013s] INFO:colcon.colcon_core.shell:Creating package script '/home/ubuntu/robot_ws/install/diffdrive_arduino/share/diffdrive_arduino/package.bash'
[10.016s] INFO:colcon.colcon_core.shell:Creating package script '/home/ubuntu/robot_ws/install/diffdrive_arduino/share/diffdrive_arduino/package.zsh'
[10.018s] Level 1:colcon.colcon_core.environment:create_file_with_runtime_dependencies(/home/ubuntu/robot_ws/install/diffdrive_arduino/share/colcon-core/packages/diffdrive_arduino)
[10.273s] Level 1:colcon.colcon_core.environment:create_environment_scripts_only(diffdrive_arduino)
[10.274s] Level 1:colcon.colcon_core.environment:checking '/home/ubuntu/robot_ws/install/diffdrive_arduino' for CMake module files
[10.278s] Level 1:colcon.colcon_core.environment:checking '/home/ubuntu/robot_ws/install/diffdrive_arduino' for CMake config files
[10.280s] Level 1:colcon.colcon_core.shell:create_environment_hook('diffdrive_arduino', 'cmake_prefix_path')
[10.281s] INFO:colcon.colcon_core.shell:Creating environment hook '/home/ubuntu/robot_ws/install/diffdrive_arduino/share/diffdrive_arduino/hook/cmake_prefix_path.ps1'
[10.283s] INFO:colcon.colcon_core.shell:Creating environment descriptor '/home/ubuntu/robot_ws/install/diffdrive_arduino/share/diffdrive_arduino/hook/cmake_prefix_path.dsv'
[10.286s] INFO:colcon.colcon_core.shell:Creating environment hook '/home/ubuntu/robot_ws/install/diffdrive_arduino/share/diffdrive_arduino/hook/cmake_prefix_path.sh'
[10.299s] Level 1:colcon.colcon_core.environment:checking '/home/ubuntu/robot_ws/install/diffdrive_arduino/lib'
[10.300s] Level 1:colcon.colcon_core.shell:create_environment_hook('diffdrive_arduino', 'ld_library_path_lib')
[10.301s] INFO:colcon.colcon_core.shell:Creating environment hook '/home/ubuntu/robot_ws/install/diffdrive_arduino/share/diffdrive_arduino/hook/ld_library_path_lib.ps1'
[10.303s] INFO:colcon.colcon_core.shell:Creating environment descriptor '/home/ubuntu/robot_ws/install/diffdrive_arduino/share/diffdrive_arduino/hook/ld_library_path_lib.dsv'
[10.311s] INFO:colcon.colcon_core.shell:Creating environment hook '/home/ubuntu/robot_ws/install/diffdrive_arduino/share/diffdrive_arduino/hook/ld_library_path_lib.sh'
[10.315s] Level 1:colcon.colcon_core.environment:checking '/home/ubuntu/robot_ws/install/diffdrive_arduino/bin'
[10.316s] Level 1:colcon.colcon_core.environment:checking '/home/ubuntu/robot_ws/install/diffdrive_arduino/lib/pkgconfig/diffdrive_arduino.pc'
[10.318s] Level 1:colcon.colcon_core.environment:checking '/home/ubuntu/robot_ws/install/diffdrive_arduino/lib/python3.8/site-packages'
[10.320s] Level 1:colcon.colcon_core.environment:checking '/home/ubuntu/robot_ws/install/diffdrive_arduino/bin'
[10.321s] INFO:colcon.colcon_core.shell:Creating package script '/home/ubuntu/robot_ws/install/diffdrive_arduino/share/diffdrive_arduino/package.ps1'
[10.328s] INFO:colcon.colcon_core.shell:Creating package descriptor '/home/ubuntu/robot_ws/install/diffdrive_arduino/share/diffdrive_arduino/package.dsv'
[10.336s] INFO:colcon.colcon_core.shell:Creating package script '/home/ubuntu/robot_ws/install/diffdrive_arduino/share/diffdrive_arduino/package.sh'
[10.343s] INFO:colcon.colcon_core.shell:Creating package script '/home/ubuntu/robot_ws/install/diffdrive_arduino/share/diffdrive_arduino/package.bash'
[10.345s] INFO:colcon.colcon_core.shell:Creating package script '/home/ubuntu/robot_ws/install/diffdrive_arduino/share/diffdrive_arduino/package.zsh'
[10.348s] Level 1:colcon.colcon_core.environment:create_file_with_runtime_dependencies(/home/ubuntu/robot_ws/install/diffdrive_arduino/share/colcon-core/packages/diffdrive_arduino)
[10.352s] DEBUG:colcon.colcon_parallel_executor.executor.parallel:closing loop
[10.354s] DEBUG:colcon.colcon_parallel_executor.executor.parallel:loop closed
[10.355s] DEBUG:colcon.colcon_parallel_executor.executor.parallel:run_until_complete finished with '0'
[10.355s] DEBUG:colcon.colcon_core.event_reactor:joining thread
[10.403s] INFO:colcon.colcon_core.plugin_system:Skipping extension 'colcon_notification.desktop_notification.terminal_notifier': Not used on non-Darwin systems
[10.404s] INFO:colcon.colcon_core.plugin_system:Skipping extension 'colcon_notification.desktop_notification.win32': Not used on non-Windows systems
[10.405s] INFO:colcon.colcon_notification.desktop_notification:Sending desktop notification using 'notify2'
[10.595s] DEBUG:colcon.colcon_core.event_reactor:joined thread
[10.596s] INFO:colcon.colcon_core.shell:Creating prefix script '/home/ubuntu/robot_ws/install/local_setup.ps1'
[10.606s] INFO:colcon.colcon_core.shell:Creating prefix util module '/home/ubuntu/robot_ws/install/_local_setup_util_ps1.py'
[10.618s] INFO:colcon.colcon_core.shell:Creating prefix chain script '/home/ubuntu/robot_ws/install/setup.ps1'
[10.630s] INFO:colcon.colcon_core.shell:Creating prefix script '/home/ubuntu/robot_ws/install/local_setup.sh'
[10.645s] INFO:colcon.colcon_core.shell:Creating prefix util module '/home/ubuntu/robot_ws/install/_local_setup_util_sh.py'
[10.648s] INFO:colcon.colcon_core.shell:Creating prefix chain script '/home/ubuntu/robot_ws/install/setup.sh'
[10.656s] INFO:colcon.colcon_core.shell:Creating prefix script '/home/ubuntu/robot_ws/install/local_setup.bash'
[10.662s] INFO:colcon.colcon_core.shell:Creating prefix chain script '/home/ubuntu/robot_ws/install/setup.bash'
[10.677s] INFO:colcon.colcon_core.shell:Creating prefix script '/home/ubuntu/robot_ws/install/local_setup.zsh'
[10.692s] INFO:colcon.colcon_core.shell:Creating prefix chain script '/home/ubuntu/robot_ws/install/setup.zsh'
