[0.101s] Invoking command in '/home/ubuntu/robot_ws/build/serial': CMAKE_PREFIX_PATH=${CMAKE_PREFIX_PATH}:/opt/ros/foxy /bin/cmake --build /home/ubuntu/robot_ws/build/serial -- -j4 -l4
[0.384s] [ 28%] Built target serial
[0.389s] [ 57%] Built target gtest
[0.391s] [ 57%] Built target gtest_main
[0.495s] [ 71%] Built target serial_example
[0.505s] [ 85%] Built target serial-test-timer
[0.520s] [100%] Built target serial-test
[0.583s] Invoked command in '/home/ubuntu/robot_ws/build/serial' returned '0': CMAKE_PREFIX_PATH=${CMAKE_PREFIX_PATH}:/opt/ros/foxy /bin/cmake --build /home/ubuntu/robot_ws/build/serial -- -j4 -l4
[0.839s] Invoking command in '/home/ubuntu/robot_ws/build/serial': CMAKE_PREFIX_PATH=${CMAKE_PREFIX_PATH}:/opt/ros/foxy /bin/cmake --install /home/ubuntu/robot_ws/build/serial
[0.878s] -- Install configuration: ""
[0.880s] -- Execute custom install script
[0.881s] -- Up-to-date symlink: /home/ubuntu/robot_ws/install/serial/lib/libserial.a
[0.883s] -- Up-to-date symlink: /home/ubuntu/robot_ws/install/serial/include/serial/serial.h
[0.884s] -- Up-to-date symlink: /home/ubuntu/robot_ws/install/serial/include/serial/v8stdint.h
[0.886s] -- Up-to-date symlink: /home/ubuntu/robot_ws/install/serial/share/serial/environment/library_path.sh
[0.887s] -- Up-to-date symlink: /home/ubuntu/robot_ws/install/serial/share/serial/environment/library_path.dsv
[0.889s] -- Up-to-date symlink: /home/ubuntu/robot_ws/install/serial/share/ament_index/resource_index/package_run_dependencies/serial
[0.890s] -- Up-to-date symlink: /home/ubuntu/robot_ws/install/serial/share/ament_index/resource_index/parent_prefix_path/serial
[0.892s] -- Up-to-date symlink: /home/ubuntu/robot_ws/install/serial/share/serial/environment/ament_prefix_path.sh
[0.893s] -- Up-to-date symlink: /home/ubuntu/robot_ws/install/serial/share/serial/environment/ament_prefix_path.dsv
[0.894s] -- Up-to-date symlink: /home/ubuntu/robot_ws/install/serial/share/serial/environment/path.sh
[0.896s] -- Up-to-date symlink: /home/ubuntu/robot_ws/install/serial/share/serial/environment/path.dsv
[0.900s] -- Up-to-date symlink: /home/ubuntu/robot_ws/install/serial/share/serial/local_setup.bash
[0.902s] -- Up-to-date symlink: /home/ubuntu/robot_ws/install/serial/share/serial/local_setup.sh
[0.903s] -- Up-to-date symlink: /home/ubuntu/robot_ws/install/serial/share/serial/local_setup.zsh
[0.904s] -- Up-to-date symlink: /home/ubuntu/robot_ws/install/serial/share/serial/local_setup.dsv
[0.905s] -- Symlinking: /home/ubuntu/robot_ws/install/serial/share/serial/package.dsv
[0.944s] -- Up-to-date symlink: /home/ubuntu/robot_ws/install/serial/share/ament_index/resource_index/packages/serial
[0.945s] -- Up-to-date symlink: /home/ubuntu/robot_ws/install/serial/share/serial/cmake/ament_cmake_export_include_directories-extras.cmake
[0.948s] -- Up-to-date symlink: /home/ubuntu/robot_ws/install/serial/share/serial/cmake/ament_cmake_export_libraries-extras.cmake
[0.953s] -- Up-to-date symlink: /home/ubuntu/robot_ws/install/serial/share/serial/cmake/serialConfig.cmake
[0.956s] -- Up-to-date symlink: /home/ubuntu/robot_ws/install/serial/share/serial/cmake/serialConfig-version.cmake
[0.958s] -- Up-to-date symlink: /home/ubuntu/robot_ws/install/serial/share/serial/package.xml
[0.973s] Invoked command in '/home/ubuntu/robot_ws/build/serial' returned '0': CMAKE_PREFIX_PATH=${CMAKE_PREFIX_PATH}:/opt/ros/foxy /bin/cmake --install /home/ubuntu/robot_ws/build/serial
