[0.117s] Invoking command in '/home/ubuntu/robot_ws/build/my_bot': CMAKE_PREFIX_PATH=${CMAKE_PREFIX_PATH}:/opt/ros/foxy /bin/cmake --build /home/ubuntu/robot_ws/build/my_bot -- -j4 -l4
[0.385s] Invoked command in '/home/ubuntu/robot_ws/build/my_bot' returned '0': CMAKE_PREFIX_PATH=${CMAKE_PREFIX_PATH}:/opt/ros/foxy /bin/cmake --build /home/ubuntu/robot_ws/build/my_bot -- -j4 -l4
[0.565s] Invoking command in '/home/ubuntu/robot_ws/build/my_bot': CMAKE_PREFIX_PATH=${CMAKE_PREFIX_PATH}:/opt/ros/foxy /bin/cmake --install /home/ubuntu/robot_ws/build/my_bot
[0.604s] -- Install configuration: ""
[0.610s] -- Execute custom install script
[0.612s] -- Up-to-date symlink: /home/ubuntu/robot_ws/install/my_bot/share/my_bot/config/empty.yaml
[0.614s] -- Up-to-date symlink: /home/ubuntu/robot_ws/install/my_bot/share/my_bot/config/my_controllers.yaml
[0.616s] -- Up-to-date symlink: /home/ubuntu/robot_ws/install/my_bot/share/my_bot/description/inertial_macros.xacro
[0.617s] -- Up-to-date symlink: /home/ubuntu/robot_ws/install/my_bot/share/my_bot/description/lidar.xacro
[0.618s] -- Up-to-date symlink: /home/ubuntu/robot_ws/install/my_bot/share/my_bot/description/robot.urdf.xacro
[0.619s] -- Up-to-date symlink: /home/ubuntu/robot_ws/install/my_bot/share/my_bot/description/robot_core.xacro
[0.620s] -- Up-to-date symlink: /home/ubuntu/robot_ws/install/my_bot/share/my_bot/description/ros2_control.xacro
[0.622s] -- Up-to-date symlink: /home/ubuntu/robot_ws/install/my_bot/share/my_bot/launch/launch_robot.launch.py
[0.623s] -- Up-to-date symlink: /home/ubuntu/robot_ws/install/my_bot/share/my_bot/launch/rplidar.launch.py
[0.624s] -- Up-to-date symlink: /home/ubuntu/robot_ws/install/my_bot/share/my_bot/launch/rsp.launch.py
[0.626s] -- Up-to-date symlink: /home/ubuntu/robot_ws/install/my_bot/share/my_bot/worlds/empty.world
[0.631s] -- Up-to-date symlink: /home/ubuntu/robot_ws/install/my_bot/share/ament_index/resource_index/package_run_dependencies/my_bot
[0.635s] -- Up-to-date symlink: /home/ubuntu/robot_ws/install/my_bot/share/ament_index/resource_index/parent_prefix_path/my_bot
[0.635s] -- Up-to-date symlink: /home/ubuntu/robot_ws/install/my_bot/share/my_bot/environment/ament_prefix_path.sh
[0.637s] -- Up-to-date symlink: /home/ubuntu/robot_ws/install/my_bot/share/my_bot/environment/ament_prefix_path.dsv
[0.639s] -- Up-to-date symlink: /home/ubuntu/robot_ws/install/my_bot/share/my_bot/environment/path.sh
[0.641s] -- Up-to-date symlink: /home/ubuntu/robot_ws/install/my_bot/share/my_bot/environment/path.dsv
[0.642s] -- Up-to-date symlink: /home/ubuntu/robot_ws/install/my_bot/share/my_bot/local_setup.bash
[0.644s] -- Up-to-date symlink: /home/ubuntu/robot_ws/install/my_bot/share/my_bot/local_setup.sh
[0.645s] -- Up-to-date symlink: /home/ubuntu/robot_ws/install/my_bot/share/my_bot/local_setup.zsh
[0.646s] -- Up-to-date symlink: /home/ubuntu/robot_ws/install/my_bot/share/my_bot/local_setup.dsv
[0.647s] -- Symlinking: /home/ubuntu/robot_ws/install/my_bot/share/my_bot/package.dsv
[0.687s] -- Up-to-date symlink: /home/ubuntu/robot_ws/install/my_bot/share/ament_index/resource_index/packages/my_bot
[0.690s] -- Up-to-date symlink: /home/ubuntu/robot_ws/install/my_bot/share/my_bot/cmake/my_botConfig.cmake
[0.692s] -- Up-to-date symlink: /home/ubuntu/robot_ws/install/my_bot/share/my_bot/cmake/my_botConfig-version.cmake
[0.696s] -- Up-to-date symlink: /home/ubuntu/robot_ws/install/my_bot/share/my_bot/package.xml
[0.707s] Invoked command in '/home/ubuntu/robot_ws/build/my_bot' returned '0': CMAKE_PREFIX_PATH=${CMAKE_PREFIX_PATH}:/opt/ros/foxy /bin/cmake --install /home/ubuntu/robot_ws/build/my_bot
