[0.087s] Invoking command in '/home/ubuntu/robot_ws/build/serial': CMAKE_PREFIX_PATH=${CMAKE_PREFIX_PATH}:/opt/ros/foxy /bin/cmake --build /home/ubuntu/robot_ws/build/serial -- -j4 -l4
[0.481s] [ 28%] Built target serial
[0.505s] [ 42%] Built target gtest
[0.517s] [ 57%] Built target gtest_main
[0.602s] [ 71%] Built target serial_example
[0.636s] [ 85%] Built target serial-test-timer
[0.643s] [100%] Built target serial-test
[0.690s] Invoked command in '/home/ubuntu/robot_ws/build/serial' returned '0': CMAKE_PREFIX_PATH=${CMAKE_PREFIX_PATH}:/opt/ros/foxy /bin/cmake --build /home/ubuntu/robot_ws/build/serial -- -j4 -l4
[0.887s] Invoking command in '/home/ubuntu/robot_ws/build/serial': CMAKE_PREFIX_PATH=${CMAKE_PREFIX_PATH}:/opt/ros/foxy /bin/cmake --install /home/ubuntu/robot_ws/build/serial
[0.923s] -- Install configuration: ""
[0.926s] -- Execute custom install script
[0.930s] -- Up-to-date symlink: /home/ubuntu/robot_ws/install/serial/lib/libserial.a
[0.933s] -- Up-to-date symlink: /home/ubuntu/robot_ws/install/serial/include/serial/serial.h
[0.936s] -- Up-to-date symlink: /home/ubuntu/robot_ws/install/serial/include/serial/v8stdint.h
[0.937s] -- Up-to-date symlink: /home/ubuntu/robot_ws/install/serial/share/serial/environment/library_path.sh
[0.938s] -- Up-to-date symlink: /home/ubuntu/robot_ws/install/serial/share/serial/environment/library_path.dsv
[0.938s] -- Up-to-date symlink: /home/ubuntu/robot_ws/install/serial/share/ament_index/resource_index/package_run_dependencies/serial
[0.939s] -- Up-to-date symlink: /home/ubuntu/robot_ws/install/serial/share/ament_index/resource_index/parent_prefix_path/serial
[0.940s] -- Up-to-date symlink: /home/ubuntu/robot_ws/install/serial/share/serial/environment/ament_prefix_path.sh
[0.941s] -- Up-to-date symlink: /home/ubuntu/robot_ws/install/serial/share/serial/environment/ament_prefix_path.dsv
[0.942s] -- Up-to-date symlink: /home/ubuntu/robot_ws/install/serial/share/serial/environment/path.sh
[0.946s] -- Up-to-date symlink: /home/ubuntu/robot_ws/install/serial/share/serial/environment/path.dsv
[0.947s] -- Up-to-date symlink: /home/ubuntu/robot_ws/install/serial/share/serial/local_setup.bash
[0.950s] -- Up-to-date symlink: /home/ubuntu/robot_ws/install/serial/share/serial/local_setup.sh
[0.955s] -- Up-to-date symlink: /home/ubuntu/robot_ws/install/serial/share/serial/local_setup.zsh
[0.956s] -- Up-to-date symlink: /home/ubuntu/robot_ws/install/serial/share/serial/local_setup.dsv
[0.957s] -- Symlinking: /home/ubuntu/robot_ws/install/serial/share/serial/package.dsv
[0.996s] -- Up-to-date symlink: /home/ubuntu/robot_ws/install/serial/share/ament_index/resource_index/packages/serial
[0.998s] -- Up-to-date symlink: /home/ubuntu/robot_ws/install/serial/share/serial/cmake/ament_cmake_export_include_directories-extras.cmake
[0.999s] -- Up-to-date symlink: /home/ubuntu/robot_ws/install/serial/share/serial/cmake/ament_cmake_export_libraries-extras.cmake
[1.002s] -- Up-to-date symlink: /home/ubuntu/robot_ws/install/serial/share/serial/cmake/serialConfig.cmake
[1.005s] -- Up-to-date symlink: /home/ubuntu/robot_ws/install/serial/share/serial/cmake/serialConfig-version.cmake
[1.007s] -- Up-to-date symlink: /home/ubuntu/robot_ws/install/serial/share/serial/package.xml
[1.018s] Invoked command in '/home/ubuntu/robot_ws/build/serial' returned '0': CMAKE_PREFIX_PATH=${CMAKE_PREFIX_PATH}:/opt/ros/foxy /bin/cmake --install /home/ubuntu/robot_ws/build/serial
